2009.07.31 12:57 B Z:\ABR Website\images\customers\aaronKHSxtracycle.jpg <-- ABR Website /images/customers aaronKHSxtracycle.jpg
2009.07.31 12:57 B Z:\ABR Website\images\customers\adamcroftatlantis.jpg <-- ABR Website /images/customers adamcroftatlantis.jpg
2009.07.31 12:57 B Z:\ABR Website\images\customers\alastairscolnago.jpg <-- ABR Website /images/customers alastairscolnago.jpg
2009.07.31 12:57 B Z:\ABR Website\images\customers\andrewrepanichroad.jpg <-- ABR Website /images/customers andrewrepanichroad.jpg
2009.07.31 12:57 B Z:\ABR Website\images\customers\anetteschiferlthumb.jpg <-- ABR Website /images/customers anetteschiferlthumb.jpg
2009.07.31 12:57 B Z:\ABR Website\images\customers\angelawilliamsthumb.jpg <-- ABR Website /images/customers angelawilliamsthumb.jpg
2009.07.31 12:57 B Z:\ABR Website\images\customers\barryshumanxtracycle.jpg <-- ABR Website /images/customers barryshumanxtracycle.jpg
2009.07.31 12:57 B Z:\ABR Website\images\customers\bigdummyforrest.jpg <-- ABR Website /images/customers bigdummyforrest.jpg
2009.07.31 12:57 B Z:\ABR Website\images\customers\billhiblerthumb.jpg <-- ABR Website /images/customers billhiblerthumb.jpg
2009.07.31 12:57 B Z:\ABR Website\images\customers\bradhansonthumb.jpg <-- ABR Website /images/customers bradhansonthumb.jpg
2009.07.31 12:57 B Z:\ABR Website\images\customers\brendanjacksonthumb.jpg <-- ABR Website /images/customers brendanjacksonthumb.jpg
2009.07.31 12:57 B Z:\ABR Website\images\customers\carolpersakthumb.jpg <-- ABR Website /images/customers carolpersakthumb.jpg
2009.07.31 12:57 B Z:\ABR Website\images\customers\carolynmiyakextracycle.jpg <-- ABR Website /images/customers carolynmiyakextracycle.jpg
2009.07.31 12:57 B Z:\ABR Website\images\customers\chrisapplefordthumb.jpg <-- ABR Website /images/customers chrisapplefordthumb.jpg
2009.07.31 12:57 B Z:\ABR Website\images\customers\chrisbartholdtatlantis.jpg <-- ABR Website /images/customers chrisbartholdtatlantis.jpg
2009.07.31 12:57 B Z:\ABR Website\images\customers\chrischristoffthumb.jpg <-- ABR Website /images/customers chrischristoffthumb.jpg
2009.07.31 12:57 B Z:\ABR Website\images\customers\chrisdattankogswell.jpg <-- ABR Website /images/customers chrisdattankogswell.jpg
2009.07.31 12:57 B Z:\ABR Website\images\customers\chuckvanvalkenburgthumb.jpg <-- ABR Website /images/customers chuckvanvalkenburgthumb.jpg
2009.07.31 12:57 B Z:\ABR Website\images\customers\cliffordatlantis.jpg <-- ABR Website /images/customers cliffordatlantis.jpg
2009.07.31 12:57 B Z:\ABR Website\images\customers\craigwarrenkogswell.jpg <-- ABR Website /images/customers craigwarrenkogswell.jpg
2009.07.31 12:57 B Z:\ABR Website\images\customers\curtchristensenthumb.jpg <-- ABR Website /images/customers curtchristensenthumb.jpg
2009.07.31 12:57 B Z:\ABR Website\images\customers\customers.html <-- ABR Website /images/customers customers.html
2009.07.31 12:57 B Z:\ABR Website\images\customers\cynsbike.jpg <-- ABR Website /images/customers cynsbike.jpg
2009.07.31 12:57 B Z:\ABR Website\images\customers\danallingthumb.jpg <-- ABR Website /images/customers danallingthumb.jpg
2009.07.31 12:57 B Z:\ABR Website\images\customers\dangeblerxtracycle.jpg <-- ABR Website /images/customers dangeblerxtracycle.jpg
2009.07.31 12:57 B Z:\ABR Website\images\customers\danhoffmanschwinnparamount.jpg <-- ABR Website /images/customers danhoffmanschwinnparamount.jpg
2009.07.31 12:57 B Z:\ABR Website\images\customers\davebachmanthumb.jpg <-- ABR Website /images/customers davebachmanthumb.jpg
2009.07.31 12:57 B Z:\ABR Website\images\customers\davidfittonxtracycle.jpg <-- ABR Website /images/customers davidfittonxtracycle.jpg
2009.07.31 12:57 B Z:\ABR Website\images\customers\davidjettonthumb.jpg <-- ABR Website /images/customers davidjettonthumb.jpg
2009.07.31 12:57 B Z:\ABR Website\images\customers\davidnewellxtracycle.jpg <-- ABR Website /images/customers davidnewellxtracycle.jpg
2009.07.31 12:57 B Z:\ABR Website\images\customers\davidsandersatlantis.jpg <-- ABR Website /images/customers davidsandersatlantis.jpg
2009.07.31 12:57 B Z:\ABR Website\images\customers\deanpowersstrong.jpg <-- ABR Website /images/customers deanpowersstrong.jpg
2009.07.31 12:57 B Z:\ABR Website\images\customers\dennishughesatlantis.jpg <-- ABR Website /images/customers dennishughesatlantis.jpg
2009.07.31 12:57 B Z:\ABR Website\images\customers\diannehoffthumb.jpg <-- ABR Website /images/customers diannehoffthumb.jpg
2009.07.31 12:57 B Z:\ABR Website\images\customers\donmillerxtracycle.jpg <-- ABR Website /images/customers donmillerxtracycle.jpg
2009.07.31 12:57 B Z:\ABR Website\images\customers\doughindmanthumb.jpg <-- ABR Website /images/customers doughindmanthumb.jpg
2009.07.31 12:57 B Z:\ABR Website\images\customers\edgarsklepersthumb.jpg <-- ABR Website /images/customers edgarsklepersthumb.jpg
2009.07.31 12:57 B Z:\ABR Website\images\customers\ellenpennockatlantis.jpg <-- ABR Website /images/customers ellenpennockatlantis.jpg
2009.07.31 12:57 B Z:\ABR Website\images\customers\ericholmanthumb.jpg <-- ABR Website /images/customers ericholmanthumb.jpg
2009.07.31 12:57 B Z:\ABR Website\images\customers\ericsoderlundxtracycle.jpg <-- ABR Website /images/customers ericsoderlundxtracycle.jpg
2009.07.31 12:57 B Z:\ABR Website\images\customers\ethanhuggxtracycle.jpg <-- ABR Website /images/customers ethanhuggxtracycle.jpg
2009.07.31 12:57 B Z:\ABR Website\images\customers\forrestforschmiedtthumb.jpg <-- ABR Website /images/customers forrestforschmiedtthumb.jpg
2009.07.31 12:57 B Z:\ABR Website\images\customers\frankrainsbergerthumb.jpg <-- ABR Website /images/customers frankrainsbergerthumb.jpg
2009.07.31 12:57 B Z:\ABR Website\images\customers\georgebaskettthumb.jpg <-- ABR Website /images/customers georgebaskettthumb.jpg
2009.07.31 12:57 B Z:\ABR Website\images\customers\gerryjonesxtracycle.jpg <-- ABR Website /images/customers gerryjonesxtracycle.jpg
2009.07.31 12:57 B Z:\ABR Website\images\customers\greggsundingiordana.jpg <-- ABR Website /images/customers greggsundingiordana.jpg
2009.07.31 12:57 B Z:\ABR Website\images\customers\greggsundinxtracycle.jpg <-- ABR Website /images/customers greggsundinxtracycle.jpg
2009.07.31 12:57 B Z:\ABR Website\images\customers\gypsiegossxtracycle1.jpg <-- ABR Website /images/customers gypsiegossxtracycle1.jpg
2009.07.31 12:57 B Z:\ABR Website\images\customers\gypsiegossxtracycle2.jpg <-- ABR Website /images/customers gypsiegossxtracycle2.jpg
2009.07.31 12:57 B Z:\ABR Website\images\customers\gypsiegossxtracycle3.jpg <-- ABR Website /images/customers gypsiegossxtracycle3.jpg
2009.07.31 12:57 B Z:\ABR Website\images\customers\gypsiegossxtracycle4.jpg <-- ABR Website /images/customers gypsiegossxtracycle4.jpg
2009.07.31 12:57 B Z:\ABR Website\images\customers\gypsielauralove.jpg <-- ABR Website /images/customers gypsielauralove.jpg
2009.07.31 12:57 B Z:\ABR Website\images\customers\jackangusthumb.jpg <-- ABR Website /images/customers jackangusthumb.jpg
2009.07.31 12:57 B Z:\ABR Website\images\customers\jamienortherndavidwilson.jpg <-- ABR Website /images/customers jamienortherndavidwilson.jpg
2009.07.31 12:58 B Z:\ABR Website\images\customers\jaredellerbrockatlantis.jpg <-- ABR Website /images/customers jaredellerbrockatlantis.jpg
2009.07.31 12:58 B Z:\ABR Website\images\customers\jasongrayxtracycle.jpg <-- ABR Website /images/customers jasongrayxtracycle.jpg
2009.07.31 12:58 B Z:\ABR Website\images\customers\jayandgladysthumb.jpg <-- ABR Website /images/customers jayandgladysthumb.jpg
2009.07.31 12:58 B Z:\ABR Website\images\customers\jaydotsonthumb.jpg <-- ABR Website /images/customers jaydotsonthumb.jpg
2009.07.31 12:58 B Z:\ABR Website\images\customers\jeffsloanthumb.jpg <-- ABR Website /images/customers jeffsloanthumb.jpg
2009.07.31 12:58 B Z:\ABR Website\images\customers\jeffwesselsfuji.jpg <-- ABR Website /images/customers jeffwesselsfuji.jpg
2009.07.31 12:58 B Z:\ABR Website\images\customers\jimmccaaxtracycle.jpg <-- ABR Website /images/customers jimmccaaxtracycle.jpg
2009.07.31 12:58 B Z:\ABR Website\images\customers\joannelabawthumb.jpg <-- ABR Website /images/customers joannelabawthumb.jpg
2009.07.31 12:58 B Z:\ABR Website\images\customers\joewaddenatlantis.jpg <-- ABR Website /images/customers joewaddenatlantis.jpg
2009.07.31 12:58 B Z:\ABR Website\images\customers\johndalytouring.jpg <-- ABR Website /images/customers johndalytouring.jpg
2009.07.31 12:58 B Z:\ABR Website\images\customers\johndohertyatlantis.jpg <-- ABR Website /images/customers johndohertyatlantis.jpg
2009.07.31 12:58 B Z:\ABR Website\images\customers\johnfeitatlantis.jpg <-- ABR Website /images/customers johnfeitatlantis.jpg
2009.07.31 12:58 B Z:\ABR Website\images\customers\johnkroetchthumb.jpg <-- ABR Website /images/customers johnkroetchthumb.jpg
2009.07.31 12:58 B Z:\ABR Website\images\customers\johnlivengoodxtracycle.jpg <-- ABR Website /images/customers johnlivengoodxtracycle.jpg
2009.07.31 12:58 B Z:\ABR Website\images\customers\jonathanparkthumb.jpg <-- ABR Website /images/customers jonathanparkthumb.jpg
2009.07.31 12:58 B Z:\ABR Website\images\customers\karolcooperheron.jpg <-- ABR Website /images/customers karolcooperheron.jpg
2009.07.31 12:58 B Z:\ABR Website\images\customers\kathryngwilymthumb.jpg <-- ABR Website /images/customers kathryngwilymthumb.jpg
2009.07.31 12:58 B Z:\ABR Website\images\customers\kenmattinaatlantis.jpg <-- ABR Website /images/customers kenmattinaatlantis.jpg
2009.07.31 12:58 B Z:\ABR Website\images\customers\larencarterthumb.jpg <-- ABR Website /images/customers larencarterthumb.jpg
2009.07.31 12:58 B Z:\ABR Website\images\customers\larisabrownleapfrog.jpg <-- ABR Website /images/customers larisabrownleapfrog.jpg
2009.07.31 12:58 B Z:\ABR Website\images\customers\larryericksonthumb.jpg <-- ABR Website /images/customers larryericksonthumb.jpg
2009.07.31 12:58 B Z:\ABR Website\images\customers\larrysbrotheratlantis.jpg <-- ABR Website /images/customers larrysbrotheratlantis.jpg
2009.07.31 12:58 B Z:\ABR Website\images\customers\laurencartertriathlon.jpg <-- ABR Website /images/customers laurencartertriathlon.jpg
2009.07.31 12:58 B Z:\ABR Website\images\customers\lauriezettlerxtracycle.jpg <-- ABR Website /images/customers lauriezettlerxtracycle.jpg
2009.07.31 12:58 B Z:\ABR Website\images\customers\legnano.jpg <-- ABR Website /images/customers legnano.jpg
2009.07.31 12:58 B Z:\ABR Website\images\customers\lisaharrisonheron.jpg <-- ABR Website /images/customers lisaharrisonheron.jpg
2009.07.31 12:58 B Z:\ABR Website\images\customers\marciamillerxtracycle.jpg <-- ABR Website /images/customers marciamillerxtracycle.jpg
2009.07.31 12:58 B Z:\ABR Website\images\customers\marclippmanatlantis.jpg <-- ABR Website /images/customers marclippmanatlantis.jpg
2009.07.31 12:58 B Z:\ABR Website\images\customers\markborleskethumb.jpg <-- ABR Website /images/customers markborleskethumb.jpg
2009.07.31 12:58 B Z:\ABR Website\images\customers\martinwestermanatlantis.jpg <-- ABR Website /images/customers martinwestermanatlantis.jpg
2009.07.31 12:58 B Z:\ABR Website\images\customers\max_fiona_tandem_A.jpg <-- ABR Website /images/customers max_fiona_tandem_A.jpg
2009.07.31 12:58 B Z:\ABR Website\images\customers\max_fiona_tandem_B.jpg <-- ABR Website /images/customers max_fiona_tandem_B.jpg
2009.07.31 12:58 B Z:\ABR Website\images\customers\michaelbednarczykatlantis.jpg <-- ABR Website /images/customers michaelbednarczykatlantis.jpg
2009.07.31 12:58 B Z:\ABR Website\images\customers\michaelkogswell.jpg <-- ABR Website /images/customers michaelkogswell.jpg
2009.07.31 12:58 B Z:\ABR Website\images\customers\michaelmazzonixtracycleafter.jpg <-- ABR Website /images/customers michaelmazzonixtracycleafter.jpg
2009.07.31 12:58 B Z:\ABR Website\images\customers\michaelmazzonixtracyclebefore.jpg <-- ABR Website /images/customers michaelmazzonixtracyclebefore.jpg
2009.07.31 12:58 B Z:\ABR Website\images\customers\mikemorrisxtracycle.jpg <-- ABR Website /images/customers mikemorrisxtracycle.jpg
2009.07.31 12:58 B Z:\ABR Website\images\customers\mikeodonnellxtracycle.jpg <-- ABR Website /images/customers mikeodonnellxtracycle.jpg
2009.07.31 12:58 B Z:\ABR Website\images\customers\mikerichesonkogswell.jpg <-- ABR Website /images/customers mikerichesonkogswell.jpg
2009.07.31 12:58 B Z:\ABR Website\images\customers\mikeyoderxtracycle.jpg <-- ABR Website /images/customers mikeyoderxtracycle.jpg
2009.07.31 12:58 B Z:\ABR Website\images\customers\mikeyoderxtracycle2.jpg <-- ABR Website /images/customers mikeyoderxtracycle2.jpg
2009.07.31 12:58 B Z:\ABR Website\images\customers\mistysedotalraleighinternational.jpg <-- ABR Website /images/customers mistysedotalraleighinternational.jpg
2009.07.31 12:58 B Z:\ABR Website\images\customers\morganfriedlandxtracycle.jpg <-- ABR Website /images/customers morganfriedlandxtracycle.jpg
2009.07.31 12:58 B Z:\ABR Website\images\customers\morganschererxtracycle.jpg <-- ABR Website /images/customers morganschererxtracycle.jpg
2009.07.31 12:58 B Z:\ABR Website\images\customers\morrisquickbeam.jpg <-- ABR Website /images/customers morrisquickbeam.jpg
2009.07.31 12:58 B Z:\ABR Website\images\customers\morrisrambouillet.jpg <-- ABR Website /images/customers morrisrambouillet.jpg
2009.07.31 12:58 B Z:\ABR Website\images\customers\myrapowellatlantis.jpg <-- ABR Website /images/customers myrapowellatlantis.jpg
2009.07.31 12:58 B Z:\ABR Website\images\customers\nateandersonatlantis.jpg <-- ABR Website /images/customers nateandersonatlantis.jpg
2009.07.31 12:58 B Z:\ABR Website\images\customers\nateboxerriserbarsxtracycle.jpg <-- ABR Website /images/customers nateboxerriserbarsxtracycle.jpg
2009.07.31 12:58 B Z:\ABR Website\images\customers\nateboxerxtracycle.jpg <-- ABR Website /images/customers nateboxerxtracycle.jpg
2009.07.31 12:58 B Z:\ABR Website\images\customers\nathankurtzatlantis.jpg <-- ABR Website /images/customers nathankurtzatlantis.jpg
2009.07.31 12:58 B Z:\ABR Website\images\customers\noahroysgreenwynn.jpg <-- ABR Website /images/customers noahroysgreenwynn.jpg
2009.07.31 12:58 B Z:\ABR Website\images\customers\novaraxtracycle.jpg <-- ABR Website /images/customers novaraxtracycle.jpg
2009.07.31 12:58 B Z:\ABR Website\images\customers\padme.jpg <-- ABR Website /images/customers padme.jpg
2009.07.31 12:58 B Z:\ABR Website\images\customers\paigeweinheimeratlantis.jpg <-- ABR Website /images/customers paigeweinheimeratlantis.jpg
2009.07.31 12:58 B Z:\ABR Website\images\customers\patrickgordonthumb.jpg <-- ABR Website /images/customers patrickgordonthumb.jpg
2009.07.31 12:58 B Z:\ABR Website\images\customers\patschneideratlantis.jpg <-- ABR Website /images/customers patschneideratlantis.jpg
2009.07.31 12:58 B Z:\ABR Website\images\customers\paulquearyxtracycle.jpg <-- ABR Website /images/customers paulquearyxtracycle.jpg
2009.07.31 12:58 B Z:\ABR Website\images\customers\peggyvertxtracycle.jpg <-- ABR Website /images/customers peggyvertxtracycle.jpg
2009.07.31 12:58 B Z:\ABR Website\images\customers\pennystonextracycle.jpg <-- ABR Website /images/customers pennystonextracycle.jpg
2009.07.31 12:58 B Z:\ABR Website\images\customers\petedelaatthumb.jpg <-- ABR Website /images/customers petedelaatthumb.jpg
2009.07.31 12:58 B Z:\ABR Website\images\customers\peteholteatlantis.jpg <-- ABR Website /images/customers peteholteatlantis.jpg
2009.07.31 12:58 B Z:\ABR Website\images\customers\petehughesatlantis.jpg <-- ABR Website /images/customers petehughesatlantis.jpg
2009.07.31 12:58 B Z:\ABR Website\images\customers\petermasonxtracycle.jpg <-- ABR Website /images/customers petermasonxtracycle.jpg
2009.07.31 12:58 B Z:\ABR Website\images\customers\peterrousebiemmezeta.jpg <-- ABR Website /images/customers peterrousebiemmezeta.jpg
2009.07.31 12:58 B Z:\ABR Website\images\customers\purpleleapfrog.jpg <-- ABR Website /images/customers purpleleapfrog.jpg
2009.07.31 12:58 B Z:\ABR Website\images\customers\rayhoffmanatlantis.jpg <-- ABR Website /images/customers rayhoffmanatlantis.jpg
2009.07.31 12:58 B Z:\ABR Website\images\customers\raywarnsatlantis.jpg <-- ABR Website /images/customers raywarnsatlantis.jpg
2009.07.31 12:58 B Z:\ABR Website\images\customers\raywarnsthumb.jpg <-- ABR Website /images/customers raywarnsthumb.jpg
2009.07.31 12:58 B Z:\ABR Website\images\customers\rebeccabierthumb.jpg <-- ABR Website /images/customers rebeccabierthumb.jpg
2009.07.31 12:58 B Z:\ABR Website\images\customers\redsnapdeck.jpg <-- ABR Website /images/customers redsnapdeck.jpg
2009.07.31 12:58 B Z:\ABR Website\images\customers\rickbrachenbachthumb.jpg <-- ABR Website /images/customers rickbrachenbachthumb.jpg
2009.07.31 12:58 B Z:\ABR Website\images\customers\rickhaightheron.jpg <-- ABR Website /images/customers rickhaightheron.jpg
2009.07.31 12:58 B Z:\ABR Website\images\customers\rickmcminnrambouillet.jpg <-- ABR Website /images/customers rickmcminnrambouillet.jpg
2009.07.31 12:58 B Z:\ABR Website\images\customers\rocoopermotobecane.jpg <-- ABR Website /images/customers rocoopermotobecane.jpg
2009.07.31 12:58 B Z:\ABR Website\images\customers\rocooperxtracycle.jpg <-- ABR Website /images/customers rocooperxtracycle.jpg
2009.07.31 12:58 B Z:\ABR Website\images\customers\rogerweinheimeratlantis.jpg <-- ABR Website /images/customers rogerweinheimeratlantis.jpg
2009.07.31 12:58 B Z:\ABR Website\images\customers\roryhollinsthumb.jpg <-- ABR Website /images/customers roryhollinsthumb.jpg
2009.07.31 12:58 B Z:\ABR Website\images\customers\rosscustomdeck.jpg <-- ABR Website /images/customers rosscustomdeck.jpg
2009.07.31 12:58 B Z:\ABR Website\images\customers\rossmcallisterbigdummy.jpg <-- ABR Website /images/customers rossmcallisterbigdummy.jpg
2009.07.31 12:58 B Z:\ABR Website\images\customers\russmooreatlantis.jpg <-- ABR Website /images/customers russmooreatlantis.jpg
2009.07.31 12:58 B Z:\ABR Website\images\customers\sandrafischerxtracycle.jpg <-- ABR Website /images/customers sandrafischerxtracycle.jpg
2009.07.31 12:58 B Z:\ABR Website\images\customers\saulkinderisthumb.jpg <-- ABR Website /images/customers saulkinderisthumb.jpg
2009.07.31 12:58 B Z:\ABR Website\images\customers\sawyerhoverterxtracycle.jpg <-- ABR Website /images/customers sawyerhoverterxtracycle.jpg
2009.07.31 12:58 B Z:\ABR Website\images\customers\seanairlie.jpg <-- ABR Website /images/customers seanairlie.jpg
2009.07.31 12:58 B Z:\ABR Website\images\customers\seanmacleanxtracycle.jpg <-- ABR Website /images/customers seanmacleanxtracycle.jpg
2009.07.31 12:58 B Z:\ABR Website\images\customers\seanwittmerthumb.jpg <-- ABR Website /images/customers seanwittmerthumb.jpg
2009.07.31 12:58 B Z:\ABR Website\images\customers\shaulamassenaxtracycle.jpg <-- ABR Website /images/customers shaulamassenaxtracycle.jpg
2009.07.31 12:58 B Z:\ABR Website\images\customers\shawnharristhumb.jpg <-- ABR Website /images/customers shawnharristhumb.jpg
2009.07.31 12:58 B Z:\ABR Website\images\customers\spankythumb.jpg <-- ABR Website /images/customers spankythumb.jpg
2009.07.31 12:58 B Z:\ABR Website\images\customers\stevebomkamp1.jpg <-- ABR Website /images/customers stevebomkamp1.jpg
2009.07.31 12:58 B Z:\ABR Website\images\customers\stevebomkamp2.jpg <-- ABR Website /images/customers stevebomkamp2.jpg
2009.07.31 12:58 B Z:\ABR Website\images\customers\stevebomkamp3.jpg <-- ABR Website /images/customers stevebomkamp3.jpg
2009.07.31 12:58 B Z:\ABR Website\images\customers\stevelelandthumb.jpg <-- ABR Website /images/customers stevelelandthumb.jpg
2009.07.31 12:58 B Z:\ABR Website\images\customers\stevensternextracycle.jpg <-- ABR Website /images/customers stevensternextracycle.jpg
2009.07.31 12:58 B Z:\ABR Website\images\customers\steveyoungatlantis.jpg <-- ABR Website /images/customers steveyoungatlantis.jpg
2009.07.31 12:58 B Z:\ABR Website\images\customers\steveyoungthumb.jpg <-- ABR Website /images/customers steveyoungthumb.jpg
2009.07.31 12:58 B Z:\ABR Website\images\customers\stuartsurlycrosscheck.jpg <-- ABR Website /images/customers stuartsurlycrosscheck.jpg
2009.07.31 12:58 B Z:\ABR Website\images\customers\sueandersonatlantis.jpg <-- ABR Website /images/customers sueandersonatlantis.jpg
2009.07.31 12:58 B Z:\ABR Website\images\customers\susanholtthumb.jpg <-- ABR Website /images/customers susanholtthumb.jpg
2009.07.31 12:58 B Z:\ABR Website\images\customers\susiewhiteheadatlantis.jpg <-- ABR Website /images/customers susiewhiteheadatlantis.jpg
2009.07.31 12:58 B Z:\ABR Website\images\customers\tacybigelowxtracycle.jpg <-- ABR Website /images/customers tacybigelowxtracycle.jpg
2009.07.31 12:58 B Z:\ABR Website\images\customers\timpostalwaitatlantis.jpg <-- ABR Website /images/customers timpostalwaitatlantis.jpg
2009.07.31 12:58 B Z:\ABR Website\images\customers\timstandalatlantis.jpg <-- ABR Website /images/customers timstandalatlantis.jpg
2009.07.31 12:58 B Z:\ABR Website\images\customers\timwulfekuhlethumb.jpg <-- ABR Website /images/customers timwulfekuhlethumb.jpg
2009.07.31 12:58 B Z:\ABR Website\images\customers\toddstammatlantis.jpg <-- ABR Website /images/customers toddstammatlantis.jpg
2009.07.31 12:58 B Z:\ABR Website\images\customers\tomahearnxtracycle.jpg <-- ABR Website /images/customers tomahearnxtracycle.jpg
2009.07.31 12:58 B Z:\ABR Website\images\customers\tomahearnxtracycle2.jpg <-- ABR Website /images/customers tomahearnxtracycle2.jpg
2009.07.31 12:58 B Z:\ABR Website\images\customers\tomlawnsbyrambouillet.jpg <-- ABR Website /images/customers tomlawnsbyrambouillet.jpg
2009.07.31 12:58 B Z:\ABR Website\images\customers\tomluggedmoustachespecialized.jpg <-- ABR Website /images/customers tomluggedmoustachespecialized.jpg
2009.07.31 12:58 B Z:\ABR Website\images\customers\tomzgoncxtracycle.jpg <-- ABR Website /images/customers tomzgoncxtracycle.jpg
2009.07.31 12:58 B Z:\ABR Website\images\customers\upsjimthumb.jpg <-- ABR Website /images/customers upsjimthumb.jpg
2009.07.31 12:58 B Z:\ABR Website\images\customers\upskevinthumb.jpg <-- ABR Website /images/customers upskevinthumb.jpg
2009.07.31 12:59 B Z:\ABR Website\images\customers\uspsstanthumb.jpg <-- ABR Website /images/customers uspsstanthumb.jpg
2009.07.31 12:59 B Z:\ABR Website\images\customers\vernhenleyxtracycle.jpg <-- ABR Website /images/customers vernhenleyxtracycle.jpg
2009.07.31 12:59 B Z:\ABR Website\images\customers\vickiemodicableriot.jpg <-- ABR Website /images/customers vickiemodicableriot.jpg
2009.07.31 12:59 B Z:\ABR Website\images\customers\xtracyclerize.jpg <-- ABR Website /images/customers xtracyclerize.jpg
2009.07.31 12:59 B Z:\ABR Website\images\customers\xxthumb.jpg <-- ABR Website /images/customers xxthumb.jpg
2009.07.31 12:59 B Z:\ABR Website\images\customers\zekepottsthumb.jpg <-- ABR Website /images/customers zekepottsthumb.jpg
2009.10.17 17:20 B Z:\ABR Website\images\customers\briantoddradish.jpg --> rideyourbike.com /images/customers briantoddradish.jpg
2010.02.14 16:46 B Z:\ABR Website\images\customers\adamstritzelsurly.jpg --> rideyourbike.com /images/customers adamstritzelsurly.jpg
2010.02.15 18:53 B Z:\ABR Website\images\customers\morganmadsen.jpg --> rideyourbike.com /images/customers morganmadsen.jpg
2010.02.15 18:56 B Z:\ABR Website\images\customers\morganmadsen.jpg --> rideyourbike.com /images/customers morganmadsen.jpg
2010.07.25 16:44 B Z:\ABR Website\images\customers\robertsnellbigdummy.jpg --> rideyourbike.com /images/customers robertsnellbigdummy.jpg
2010.07.25 16:52 B Z:\ABR Website\images\customers\robertsnellbigdummynaked.jpg --> rideyourbike.com /images/customers robertsnellbigdummynaked.jpg
2010.11.14 16:23 B Z:\ABR Website\images\customers\jeffmccordsrohloffmiyata.jpg --> rideyourbike.com /images/customers jeffmccordsrohloffmiyata.jpg
2010.11.14 16:25 B Z:\ABR Website\images\customers\jillschmiedersgiantelecticbikesram7.jpg --> rideyourbike.com /images/customers jillschmiedersgiantelecticbikesram7.jpg
2010.11.14 16:39 B Z:\ABR Website\images\customers\jeffwesselsfuji.jpg --> rideyourbike.com /images/customers jeffwesselsfuji.jpg
2010.11.14 17:13 B Z:\ABR Website\images\customers\morrisquickbeam.jpg --> rideyourbike.com /images/customers morrisquickbeam.jpg
2010.11.14 17:13 B Z:\ABR Website\images\customers\richardsaadehsnovara.jpg --> rideyourbike.com /images/customers richardsaadehsnovara.jpg
2010.11.14 17:13 B Z:\ABR Website\images\customers\larisabrownleapfrog.jpg --> rideyourbike.com /images/customers larisabrownleapfrog.jpg
2010.11.14 17:14 B Z:\ABR Website\images\customers\larisabrownleapfrog.jpg --> rideyourbike.com /images/customers larisabrownleapfrog.jpg
2010.11.15 18:15 B Z:\ABR Website\images\customers\martihofferslitespeedi9.jpg --> rideyourbike.com /images/customers martihofferslitespeedi9.jpg
2011.11.04 18:38 B Z:\ABR Website\images\customers\briancrossxtracycle.jpg --> rideyourbike.com /images/customers briancrossxtracycle.jpg
2011.11.04 18:40 B Z:\ABR Website\images\customers\briancrossxtracycle.jpg --> rideyourbike.com /images/customers briancrossxtracycle.jpg
2011.12.14 17:03 B Z:\ABR Website\images\customers\morrisquickbeam.jpg --> rideyourbike.com /images/customers morrisquickbeam.jpg
2011.12.14 17:03 B Z:\ABR Website\images\customers\petermuthslitespeedi9.jpg --> rideyourbike.com /images/customers petermuthslitespeedi9.jpg
2012.05.17 18:54 B Z:\ABR Website\images\customers\anonymousxtracycle.jpg --> rideyourbike.com /images/customers anonymousxtracycle.jpg
2013.02.15 15:02 B C:\ABR Master Files\ABR Website\images\customers\aaronKHSxtracycle.jpg <-- ABR Website /images/customers aaronKHSxtracycle.jpg
2013.02.15 15:02 B C:\ABR Master Files\ABR Website\images\customers\adamcroftatlantis.jpg <-- ABR Website /images/customers adamcroftatlantis.jpg
2013.02.15 15:02 B C:\ABR Master Files\ABR Website\images\customers\alastairscolnago.jpg <-- ABR Website /images/customers alastairscolnago.jpg
2013.02.15 15:02 B C:\ABR Master Files\ABR Website\images\customers\andrewrepanichroad.jpg <-- ABR Website /images/customers andrewrepanichroad.jpg
2013.02.15 15:02 B C:\ABR Master Files\ABR Website\images\customers\anetteschiferlthumb.jpg <-- ABR Website /images/customers anetteschiferlthumb.jpg
2013.02.15 15:02 B C:\ABR Master Files\ABR Website\images\customers\angelawilliamsthumb.jpg <-- ABR Website /images/customers angelawilliamsthumb.jpg
2013.02.15 15:02 B C:\ABR Master Files\ABR Website\images\customers\barryshumanxtracycle.jpg <-- ABR Website /images/customers barryshumanxtracycle.jpg
2013.02.15 15:02 B C:\ABR Master Files\ABR Website\images\customers\bigdummyforrest.jpg <-- ABR Website /images/customers bigdummyforrest.jpg
2013.02.15 15:02 B C:\ABR Master Files\ABR Website\images\customers\billhiblerthumb.jpg <-- ABR Website /images/customers billhiblerthumb.jpg
2013.02.15 15:02 B C:\ABR Master Files\ABR Website\images\customers\bradhansonthumb.jpg <-- ABR Website /images/customers bradhansonthumb.jpg
2013.02.15 15:02 B C:\ABR Master Files\ABR Website\images\customers\brendanjacksonthumb.jpg <-- ABR Website /images/customers brendanjacksonthumb.jpg
2013.02.15 15:02 B C:\ABR Master Files\ABR Website\images\customers\carolpersakthumb.jpg <-- ABR Website /images/customers carolpersakthumb.jpg
2013.02.15 15:02 B C:\ABR Master Files\ABR Website\images\customers\carolynmiyakextracycle.jpg <-- ABR Website /images/customers carolynmiyakextracycle.jpg
2013.02.15 15:02 B C:\ABR Master Files\ABR Website\images\customers\chrisapplefordthumb.jpg <-- ABR Website /images/customers chrisapplefordthumb.jpg
2013.02.15 15:02 B C:\ABR Master Files\ABR Website\images\customers\chrisbartholdtatlantis.jpg <-- ABR Website /images/customers chrisbartholdtatlantis.jpg
2013.02.15 15:02 B C:\ABR Master Files\ABR Website\images\customers\chrischristoffthumb.jpg <-- ABR Website /images/customers chrischristoffthumb.jpg
2013.02.15 15:02 B C:\ABR Master Files\ABR Website\images\customers\chrisdattankogswell.jpg <-- ABR Website /images/customers chrisdattankogswell.jpg
2013.02.15 15:02 B C:\ABR Master Files\ABR Website\images\customers\chuckvanvalkenburgthumb.jpg <-- ABR Website /images/customers chuckvanvalkenburgthumb.jpg
2013.02.15 15:02 B C:\ABR Master Files\ABR Website\images\customers\cliffordatlantis.jpg <-- ABR Website /images/customers cliffordatlantis.jpg
2013.02.15 15:02 B C:\ABR Master Files\ABR Website\images\customers\craigwarrenkogswell.jpg <-- ABR Website /images/customers craigwarrenkogswell.jpg
2013.02.15 15:02 B C:\ABR Master Files\ABR Website\images\customers\curtchristensenthumb.jpg <-- ABR Website /images/customers curtchristensenthumb.jpg
2013.02.15 15:02 B C:\ABR Master Files\ABR Website\images\customers\customers.html <-- ABR Website /images/customers customers.html
2013.02.15 15:02 B C:\ABR Master Files\ABR Website\images\customers\cynsbike.jpg <-- ABR Website /images/customers cynsbike.jpg
2013.02.15 15:02 B C:\ABR Master Files\ABR Website\images\customers\danallingthumb.jpg <-- ABR Website /images/customers danallingthumb.jpg
2013.02.15 15:02 B C:\ABR Master Files\ABR Website\images\customers\dangeblerxtracycle.jpg <-- ABR Website /images/customers dangeblerxtracycle.jpg
2013.02.15 15:02 B C:\ABR Master Files\ABR Website\images\customers\danhoffmanschwinnparamount.jpg <-- ABR Website /images/customers danhoffmanschwinnparamount.jpg
2013.02.15 15:02 B C:\ABR Master Files\ABR Website\images\customers\davebachmanthumb.jpg <-- ABR Website /images/customers davebachmanthumb.jpg
2013.02.15 15:02 B C:\ABR Master Files\ABR Website\images\customers\davidfittonxtracycle.jpg <-- ABR Website /images/customers davidfittonxtracycle.jpg
2013.02.15 15:02 B C:\ABR Master Files\ABR Website\images\customers\davidjettonthumb.jpg <-- ABR Website /images/customers davidjettonthumb.jpg
2013.02.15 15:02 B C:\ABR Master Files\ABR Website\images\customers\davidnewellxtracycle.jpg <-- ABR Website /images/customers davidnewellxtracycle.jpg
2013.02.15 15:02 B C:\ABR Master Files\ABR Website\images\customers\davidsandersatlantis.jpg <-- ABR Website /images/customers davidsandersatlantis.jpg
2013.02.15 15:02 B C:\ABR Master Files\ABR Website\images\customers\deanpowersstrong.jpg <-- ABR Website /images/customers deanpowersstrong.jpg
2013.02.15 15:02 B C:\ABR Master Files\ABR Website\images\customers\dennishughesatlantis.jpg <-- ABR Website /images/customers dennishughesatlantis.jpg
2013.02.15 15:02 B C:\ABR Master Files\ABR Website\images\customers\diannehoffthumb.jpg <-- ABR Website /images/customers diannehoffthumb.jpg
2013.02.15 15:02 B C:\ABR Master Files\ABR Website\images\customers\donmillerxtracycle.jpg <-- ABR Website /images/customers donmillerxtracycle.jpg
2013.02.15 15:02 B C:\ABR Master Files\ABR Website\images\customers\doughindmanthumb.jpg <-- ABR Website /images/customers doughindmanthumb.jpg
2013.02.15 15:02 B C:\ABR Master Files\ABR Website\images\customers\edgarsklepersthumb.jpg <-- ABR Website /images/customers edgarsklepersthumb.jpg
2013.02.15 15:02 B C:\ABR Master Files\ABR Website\images\customers\ellenpennockatlantis.jpg <-- ABR Website /images/customers ellenpennockatlantis.jpg
2013.02.15 15:02 B C:\ABR Master Files\ABR Website\images\customers\ericholmanthumb.jpg <-- ABR Website /images/customers ericholmanthumb.jpg
2013.02.15 15:02 B C:\ABR Master Files\ABR Website\images\customers\ericsoderlundxtracycle.jpg <-- ABR Website /images/customers ericsoderlundxtracycle.jpg
2013.02.15 15:02 B C:\ABR Master Files\ABR Website\images\customers\ethanhuggxtracycle.jpg <-- ABR Website /images/customers ethanhuggxtracycle.jpg
2013.02.15 15:02 B C:\ABR Master Files\ABR Website\images\customers\forrestforschmiedtthumb.jpg <-- ABR Website /images/customers forrestforschmiedtthumb.jpg
2013.02.15 15:02 B C:\ABR Master Files\ABR Website\images\customers\frankrainsbergerthumb.jpg <-- ABR Website /images/customers frankrainsbergerthumb.jpg
2013.02.15 15:03 B C:\ABR Master Files\ABR Website\images\customers\georgebaskettthumb.jpg <-- ABR Website /images/customers georgebaskettthumb.jpg
2013.02.15 15:03 B C:\ABR Master Files\ABR Website\images\customers\gerryjonesxtracycle.jpg <-- ABR Website /images/customers gerryjonesxtracycle.jpg
2013.02.15 15:03 B C:\ABR Master Files\ABR Website\images\customers\greggsundingiordana.jpg <-- ABR Website /images/customers greggsundingiordana.jpg
2013.02.15 15:03 B C:\ABR Master Files\ABR Website\images\customers\greggsundinxtracycle.jpg <-- ABR Website /images/customers greggsundinxtracycle.jpg
2013.02.15 15:03 B C:\ABR Master Files\ABR Website\images\customers\gypsiegossxtracycle1.jpg <-- ABR Website /images/customers gypsiegossxtracycle1.jpg
2013.02.15 15:03 B C:\ABR Master Files\ABR Website\images\customers\gypsiegossxtracycle2.jpg <-- ABR Website /images/customers gypsiegossxtracycle2.jpg
2013.02.15 15:03 B C:\ABR Master Files\ABR Website\images\customers\gypsiegossxtracycle3.jpg <-- ABR Website /images/customers gypsiegossxtracycle3.jpg
2013.02.15 15:03 B C:\ABR Master Files\ABR Website\images\customers\gypsiegossxtracycle4.jpg <-- ABR Website /images/customers gypsiegossxtracycle4.jpg
2013.02.15 15:03 B C:\ABR Master Files\ABR Website\images\customers\gypsielauralove.jpg <-- ABR Website /images/customers gypsielauralove.jpg
2013.02.15 15:03 B C:\ABR Master Files\ABR Website\images\customers\jackangusthumb.jpg <-- ABR Website /images/customers jackangusthumb.jpg
2013.02.15 15:03 B C:\ABR Master Files\ABR Website\images\customers\jamienortherndavidwilson.jpg <-- ABR Website /images/customers jamienortherndavidwilson.jpg
2013.02.15 15:03 B C:\ABR Master Files\ABR Website\images\customers\jaredellerbrockatlantis.jpg <-- ABR Website /images/customers jaredellerbrockatlantis.jpg
2013.02.15 15:03 B C:\ABR Master Files\ABR Website\images\customers\jasongrayxtracycle.jpg <-- ABR Website /images/customers jasongrayxtracycle.jpg
2013.02.15 15:03 B C:\ABR Master Files\ABR Website\images\customers\jayandgladysthumb.jpg <-- ABR Website /images/customers jayandgladysthumb.jpg
2013.02.15 15:03 B C:\ABR Master Files\ABR Website\images\customers\jaydotsonthumb.jpg <-- ABR Website /images/customers jaydotsonthumb.jpg
2013.02.15 15:03 B C:\ABR Master Files\ABR Website\images\customers\jeffsloanthumb.jpg <-- ABR Website /images/customers jeffsloanthumb.jpg
2013.02.15 15:03 B C:\ABR Master Files\ABR Website\images\customers\jimmccaaxtracycle.jpg <-- ABR Website /images/customers jimmccaaxtracycle.jpg
2013.02.15 15:03 B C:\ABR Master Files\ABR Website\images\customers\joannelabawthumb.jpg <-- ABR Website /images/customers joannelabawthumb.jpg
2013.02.15 15:03 B C:\ABR Master Files\ABR Website\images\customers\joewaddenatlantis.jpg <-- ABR Website /images/customers joewaddenatlantis.jpg
2013.02.15 15:03 B C:\ABR Master Files\ABR Website\images\customers\johndalytouring.jpg <-- ABR Website /images/customers johndalytouring.jpg
2013.02.15 15:03 B C:\ABR Master Files\ABR Website\images\customers\johndohertyatlantis.jpg <-- ABR Website /images/customers johndohertyatlantis.jpg
2013.02.15 15:03 B C:\ABR Master Files\ABR Website\images\customers\johnfeitatlantis.jpg <-- ABR Website /images/customers johnfeitatlantis.jpg
2013.02.15 15:03 B C:\ABR Master Files\ABR Website\images\customers\johnkroetchthumb.jpg <-- ABR Website /images/customers johnkroetchthumb.jpg
2013.02.15 15:03 B C:\ABR Master Files\ABR Website\images\customers\johnlivengoodxtracycle.jpg <-- ABR Website /images/customers johnlivengoodxtracycle.jpg
2013.02.15 15:03 B C:\ABR Master Files\ABR Website\images\customers\jonathanparkthumb.jpg <-- ABR Website /images/customers jonathanparkthumb.jpg
2013.02.15 15:03 B C:\ABR Master Files\ABR Website\images\customers\karolcooperheron.jpg <-- ABR Website /images/customers karolcooperheron.jpg
2013.02.15 15:03 B C:\ABR Master Files\ABR Website\images\customers\kathryngwilymthumb.jpg <-- ABR Website /images/customers kathryngwilymthumb.jpg
2013.02.15 15:03 B C:\ABR Master Files\ABR Website\images\customers\kenmattinaatlantis.jpg <-- ABR Website /images/customers kenmattinaatlantis.jpg
2013.02.15 15:03 B C:\ABR Master Files\ABR Website\images\customers\larencarterthumb.jpg <-- ABR Website /images/customers larencarterthumb.jpg
2013.02.15 15:03 B C:\ABR Master Files\ABR Website\images\customers\larryericksonthumb.jpg <-- ABR Website /images/customers larryericksonthumb.jpg
2013.02.15 15:03 B C:\ABR Master Files\ABR Website\images\customers\larrysbrotheratlantis.jpg <-- ABR Website /images/customers larrysbrotheratlantis.jpg
2013.02.15 15:03 B C:\ABR Master Files\ABR Website\images\customers\laurencartertriathlon.jpg <-- ABR Website /images/customers laurencartertriathlon.jpg
2013.02.15 15:03 B C:\ABR Master Files\ABR Website\images\customers\legnano.jpg <-- ABR Website /images/customers legnano.jpg
2013.02.15 15:03 B C:\ABR Master Files\ABR Website\images\customers\lisaharrisonheron.jpg <-- ABR Website /images/customers lisaharrisonheron.jpg
2013.02.15 15:03 B C:\ABR Master Files\ABR Website\images\customers\marciamillerxtracycle.jpg <-- ABR Website /images/customers marciamillerxtracycle.jpg
2013.02.15 15:03 B C:\ABR Master Files\ABR Website\images\customers\marclippmanatlantis.jpg <-- ABR Website /images/customers marclippmanatlantis.jpg
2013.02.15 15:03 B C:\ABR Master Files\ABR Website\images\customers\markborleskethumb.jpg <-- ABR Website /images/customers markborleskethumb.jpg
2013.02.15 15:03 B C:\ABR Master Files\ABR Website\images\customers\martinwestermanatlantis.jpg <-- ABR Website /images/customers martinwestermanatlantis.jpg
2013.02.15 15:03 B C:\ABR Master Files\ABR Website\images\customers\michaelbednarczykatlantis.jpg <-- ABR Website /images/customers michaelbednarczykatlantis.jpg
2013.02.15 15:03 B C:\ABR Master Files\ABR Website\images\customers\michaelkogswell.jpg <-- ABR Website /images/customers michaelkogswell.jpg
2013.02.15 15:03 B C:\ABR Master Files\ABR Website\images\customers\michaelmazzonixtracycleafter.jpg <-- ABR Website /images/customers michaelmazzonixtracycleafter.jpg
2013.02.15 15:03 B C:\ABR Master Files\ABR Website\images\customers\michaelmazzonixtracyclebefore.jpg <-- ABR Website /images/customers michaelmazzonixtracyclebefore.jpg
2013.02.15 15:03 B C:\ABR Master Files\ABR Website\images\customers\mikemorrisxtracycle.jpg <-- ABR Website /images/customers mikemorrisxtracycle.jpg
2013.02.15 15:03 B C:\ABR Master Files\ABR Website\images\customers\mikeodonnellxtracycle.jpg <-- ABR Website /images/customers mikeodonnellxtracycle.jpg
2013.02.15 15:03 B C:\ABR Master Files\ABR Website\images\customers\mikerichesonkogswell.jpg <-- ABR Website /images/customers mikerichesonkogswell.jpg
2013.02.15 15:03 B C:\ABR Master Files\ABR Website\images\customers\mikeyoderxtracycle.jpg <-- ABR Website /images/customers mikeyoderxtracycle.jpg
2013.02.15 15:03 B C:\ABR Master Files\ABR Website\images\customers\mikeyoderxtracycle2.jpg <-- ABR Website /images/customers mikeyoderxtracycle2.jpg
2013.02.15 15:03 B C:\ABR Master Files\ABR Website\images\customers\mistysedotalraleighinternational.jpg <-- ABR Website /images/customers mistysedotalraleighinternational.jpg
2013.02.15 15:03 B C:\ABR Master Files\ABR Website\images\customers\morganfriedlandxtracycle.jpg <-- ABR Website /images/customers morganfriedlandxtracycle.jpg
2013.02.15 15:03 B C:\ABR Master Files\ABR Website\images\customers\morganschererxtracycle.jpg <-- ABR Website /images/customers morganschererxtracycle.jpg
2013.02.15 15:03 B C:\ABR Master Files\ABR Website\images\customers\myrapowellatlantis.jpg <-- ABR Website /images/customers myrapowellatlantis.jpg
2013.02.15 15:03 B C:\ABR Master Files\ABR Website\images\customers\nateandersonatlantis.jpg <-- ABR Website /images/customers nateandersonatlantis.jpg
2013.02.15 15:03 B C:\ABR Master Files\ABR Website\images\customers\nateboxerriserbarsxtracycle.jpg <-- ABR Website /images/customers nateboxerriserbarsxtracycle.jpg
2013.02.15 15:03 B C:\ABR Master Files\ABR Website\images\customers\nateboxerxtracycle.jpg <-- ABR Website /images/customers nateboxerxtracycle.jpg
2013.02.15 15:03 B C:\ABR Master Files\ABR Website\images\customers\nathankurtzatlantis.jpg <-- ABR Website /images/customers nathankurtzatlantis.jpg
2013.02.15 15:03 B C:\ABR Master Files\ABR Website\images\customers\noahroysgreenwynn.jpg <-- ABR Website /images/customers noahroysgreenwynn.jpg
2013.02.15 15:03 B C:\ABR Master Files\ABR Website\images\customers\novaraxtracycle.jpg <-- ABR Website /images/customers novaraxtracycle.jpg
2013.02.15 15:03 B C:\ABR Master Files\ABR Website\images\customers\paigeweinheimeratlantis.jpg <-- ABR Website /images/customers paigeweinheimeratlantis.jpg
2013.02.15 15:03 B C:\ABR Master Files\ABR Website\images\customers\patrickgordonthumb.jpg <-- ABR Website /images/customers patrickgordonthumb.jpg
2013.02.15 15:03 B C:\ABR Master Files\ABR Website\images\customers\patschneideratlantis.jpg <-- ABR Website /images/customers patschneideratlantis.jpg
2013.02.15 15:03 B C:\ABR Master Files\ABR Website\images\customers\paulquearyxtracycle.jpg <-- ABR Website /images/customers paulquearyxtracycle.jpg
2013.02.15 15:03 B C:\ABR Master Files\ABR Website\images\customers\peggyvertxtracycle.jpg <-- ABR Website /images/customers peggyvertxtracycle.jpg
2013.02.15 15:03 B C:\ABR Master Files\ABR Website\images\customers\pennystonextracycle.jpg <-- ABR Website /images/customers pennystonextracycle.jpg
2013.02.15 15:03 B C:\ABR Master Files\ABR Website\images\customers\petedelaatthumb.jpg <-- ABR Website /images/customers petedelaatthumb.jpg
2013.02.15 15:03 B C:\ABR Master Files\ABR Website\images\customers\peteholteatlantis.jpg <-- ABR Website /images/customers peteholteatlantis.jpg
2013.02.15 15:03 B C:\ABR Master Files\ABR Website\images\customers\petehughesatlantis.jpg <-- ABR Website /images/customers petehughesatlantis.jpg
2013.02.15 15:03 B C:\ABR Master Files\ABR Website\images\customers\petermasonxtracycle.jpg <-- ABR Website /images/customers petermasonxtracycle.jpg
2013.02.15 15:03 B C:\ABR Master Files\ABR Website\images\customers\peterrousebiemmezeta.jpg <-- ABR Website /images/customers peterrousebiemmezeta.jpg
2013.02.15 15:03 B C:\ABR Master Files\ABR Website\images\customers\purpleleapfrog.jpg <-- ABR Website /images/customers purpleleapfrog.jpg
2013.02.15 15:03 B C:\ABR Master Files\ABR Website\images\customers\rayhoffmanatlantis.jpg <-- ABR Website /images/customers rayhoffmanatlantis.jpg
2013.02.15 15:03 B C:\ABR Master Files\ABR Website\images\customers\raywarnsatlantis.jpg <-- ABR Website /images/customers raywarnsatlantis.jpg
2013.02.15 15:03 B C:\ABR Master Files\ABR Website\images\customers\raywarnsthumb.jpg <-- ABR Website /images/customers raywarnsthumb.jpg
2013.02.15 15:03 B C:\ABR Master Files\ABR Website\images\customers\rebeccabierthumb.jpg <-- ABR Website /images/customers rebeccabierthumb.jpg
2013.02.15 15:03 B C:\ABR Master Files\ABR Website\images\customers\redsnapdeck.jpg <-- ABR Website /images/customers redsnapdeck.jpg
2013.02.15 15:03 B C:\ABR Master Files\ABR Website\images\customers\rickbrachenbachthumb.jpg <-- ABR Website /images/customers rickbrachenbachthumb.jpg
2013.02.15 15:03 B C:\ABR Master Files\ABR Website\images\customers\rickhaightheron.jpg <-- ABR Website /images/customers rickhaightheron.jpg
2013.02.15 15:03 B C:\ABR Master Files\ABR Website\images\customers\rickmcminnrambouillet.jpg <-- ABR Website /images/customers rickmcminnrambouillet.jpg
2013.02.15 15:03 B C:\ABR Master Files\ABR Website\images\customers\rocoopermotobecane.jpg <-- ABR Website /images/customers rocoopermotobecane.jpg
2013.02.15 15:03 B C:\ABR Master Files\ABR Website\images\customers\rocooperxtracycle.jpg <-- ABR Website /images/customers rocooperxtracycle.jpg
2013.02.15 15:03 B C:\ABR Master Files\ABR Website\images\customers\rogerweinheimeratlantis.jpg <-- ABR Website /images/customers rogerweinheimeratlantis.jpg
2013.02.15 15:03 B C:\ABR Master Files\ABR Website\images\customers\roryhollinsthumb.jpg <-- ABR Website /images/customers roryhollinsthumb.jpg
2013.02.15 15:03 B C:\ABR Master Files\ABR Website\images\customers\rosscustomdeck.jpg <-- ABR Website /images/customers rosscustomdeck.jpg
2013.02.15 15:03 B C:\ABR Master Files\ABR Website\images\customers\rossmcallisterbigdummy.jpg <-- ABR Website /images/customers rossmcallisterbigdummy.jpg
2013.02.15 15:03 B C:\ABR Master Files\ABR Website\images\customers\russmooreatlantis.jpg <-- ABR Website /images/customers russmooreatlantis.jpg
2013.02.15 15:03 B C:\ABR Master Files\ABR Website\images\customers\saulkinderisthumb.jpg <-- ABR Website /images/customers saulkinderisthumb.jpg
2013.02.15 15:03 B C:\ABR Master Files\ABR Website\images\customers\sawyerhoverterxtracycle.jpg <-- ABR Website /images/customers sawyerhoverterxtracycle.jpg
2013.02.15 15:03 B C:\ABR Master Files\ABR Website\images\customers\seanairlie.jpg <-- ABR Website /images/customers seanairlie.jpg
2013.02.15 15:03 B C:\ABR Master Files\ABR Website\images\customers\seanmacleanxtracycle.jpg <-- ABR Website /images/customers seanmacleanxtracycle.jpg
2013.02.15 15:03 B C:\ABR Master Files\ABR Website\images\customers\seanwittmerthumb.jpg <-- ABR Website /images/customers seanwittmerthumb.jpg
2013.02.15 15:03 B C:\ABR Master Files\ABR Website\images\customers\shaulamassenaxtracycle.jpg <-- ABR Website /images/customers shaulamassenaxtracycle.jpg
2013.02.15 15:03 B C:\ABR Master Files\ABR Website\images\customers\shawnharristhumb.jpg <-- ABR Website /images/customers shawnharristhumb.jpg
2013.02.15 15:03 B C:\ABR Master Files\ABR Website\images\customers\spankythumb.jpg <-- ABR Website /images/customers spankythumb.jpg
2013.02.15 15:03 B C:\ABR Master Files\ABR Website\images\customers\stevelelandthumb.jpg <-- ABR Website /images/customers stevelelandthumb.jpg
2013.02.15 15:03 B C:\ABR Master Files\ABR Website\images\customers\steveyoungatlantis.jpg <-- ABR Website /images/customers steveyoungatlantis.jpg
2013.02.15 15:03 B C:\ABR Master Files\ABR Website\images\customers\steveyoungthumb.jpg <-- ABR Website /images/customers steveyoungthumb.jpg
2013.02.15 15:03 B C:\ABR Master Files\ABR Website\images\customers\stuartsurlycrosscheck.jpg <-- ABR Website /images/customers stuartsurlycrosscheck.jpg
2013.02.15 15:03 B C:\ABR Master Files\ABR Website\images\customers\sueandersonatlantis.jpg <-- ABR Website /images/customers sueandersonatlantis.jpg
2013.02.15 15:03 B C:\ABR Master Files\ABR Website\images\customers\susanholtthumb.jpg <-- ABR Website /images/customers susanholtthumb.jpg
2013.02.15 15:03 B C:\ABR Master Files\ABR Website\images\customers\susiewhiteheadatlantis.jpg <-- ABR Website /images/customers susiewhiteheadatlantis.jpg
2013.02.15 15:03 B C:\ABR Master Files\ABR Website\images\customers\tacybigelowxtracycle.jpg <-- ABR Website /images/customers tacybigelowxtracycle.jpg
2013.02.15 15:03 B C:\ABR Master Files\ABR Website\images\customers\timpostalwaitatlantis.jpg <-- ABR Website /images/customers timpostalwaitatlantis.jpg
2013.02.15 15:03 B C:\ABR Master Files\ABR Website\images\customers\timstandalatlantis.jpg <-- ABR Website /images/customers timstandalatlantis.jpg
2013.02.15 15:03 B C:\ABR Master Files\ABR Website\images\customers\timwulfekuhlethumb.jpg <-- ABR Website /images/customers timwulfekuhlethumb.jpg
2013.02.15 15:03 B C:\ABR Master Files\ABR Website\images\customers\toddstammatlantis.jpg <-- ABR Website /images/customers toddstammatlantis.jpg
2013.02.15 15:03 B C:\ABR Master Files\ABR Website\images\customers\tomahearnxtracycle.jpg <-- ABR Website /images/customers tomahearnxtracycle.jpg
2013.02.15 15:03 B C:\ABR Master Files\ABR Website\images\customers\tomahearnxtracycle2.jpg <-- ABR Website /images/customers tomahearnxtracycle2.jpg
2013.02.15 15:03 B C:\ABR Master Files\ABR Website\images\customers\tomlawnsbyrambouillet.jpg <-- ABR Website /images/customers tomlawnsbyrambouillet.jpg
2013.02.15 15:03 B C:\ABR Master Files\ABR Website\images\customers\tomluggedmoustachespecialized.jpg <-- ABR Website /images/customers tomluggedmoustachespecialized.jpg
2013.02.15 15:03 B C:\ABR Master Files\ABR Website\images\customers\tomzgoncxtracycle.jpg <-- ABR Website /images/customers tomzgoncxtracycle.jpg
2013.02.15 15:03 B C:\ABR Master Files\ABR Website\images\customers\upsjimthumb.jpg <-- ABR Website /images/customers upsjimthumb.jpg
2013.02.15 15:03 B C:\ABR Master Files\ABR Website\images\customers\upskevinthumb.jpg <-- ABR Website /images/customers upskevinthumb.jpg
2013.02.15 15:03 B C:\ABR Master Files\ABR Website\images\customers\uspsstanthumb.jpg <-- ABR Website /images/customers uspsstanthumb.jpg
2013.02.15 15:03 B C:\ABR Master Files\ABR Website\images\customers\vernhenleyxtracycle.jpg <-- ABR Website /images/customers vernhenleyxtracycle.jpg
2013.02.15 15:03 B C:\ABR Master Files\ABR Website\images\customers\vickiemodicableriot.jpg <-- ABR Website /images/customers vickiemodicableriot.jpg
2013.02.15 15:03 B C:\ABR Master Files\ABR Website\images\customers\xtracyclerize.jpg <-- ABR Website /images/customers xtracyclerize.jpg
2013.02.15 15:03 B C:\ABR Master Files\ABR Website\images\customers\xxthumb.jpg <-- ABR Website /images/customers xxthumb.jpg
2013.02.15 15:03 B C:\ABR Master Files\ABR Website\images\customers\zekepottsthumb.jpg <-- ABR Website /images/customers zekepottsthumb.jpg
