2009.07.31 13:07 B Z:\ABR Website\images\urbanassault\aaronandval.jpg <-- ABR Website /images/urbanassault aaronandval.jpg
2009.07.31 13:07 B Z:\ABR Website\images\urbanassault\aaronandvalthumb.jpg <-- ABR Website /images/urbanassault aaronandvalthumb.jpg
2009.07.31 13:07 B Z:\ABR Website\images\urbanassault\aaronjump.jpg <-- ABR Website /images/urbanassault aaronjump.jpg
2009.07.31 13:07 B Z:\ABR Website\images\urbanassault\aaronlogride.jpg <-- ABR Website /images/urbanassault aaronlogride.jpg
2009.07.31 13:07 B Z:\ABR Website\images\urbanassault\aaronrocks.jpg <-- ABR Website /images/urbanassault aaronrocks.jpg
2009.07.31 13:07 B Z:\ABR Website\images\urbanassault\aaronrope.jpg <-- ABR Website /images/urbanassault aaronrope.jpg
2009.07.31 13:07 B Z:\ABR Website\images\urbanassault\aaronunderfreeway.jpg <-- ABR Website /images/urbanassault aaronunderfreeway.jpg
2009.07.31 13:07 B Z:\ABR Website\images\urbanassault\aaronwheeliedrop.jpg <-- ABR Website /images/urbanassault aaronwheeliedrop.jpg
2009.07.31 13:07 B Z:\ABR Website\images\urbanassault\collinadepark.jpg <-- ABR Website /images/urbanassault collinadepark.jpg
2009.07.31 13:07 B Z:\ABR Website\images\urbanassault\mikeandaaron.jpg <-- ABR Website /images/urbanassault mikeandaaron.jpg
2009.07.31 13:07 B Z:\ABR Website\images\urbanassault\mikedownhill.jpg <-- ABR Website /images/urbanassault mikedownhill.jpg
2009.07.31 13:07 B Z:\ABR Website\images\urbanassault\mikejump.jpg <-- ABR Website /images/urbanassault mikejump.jpg
2009.07.31 13:07 B Z:\ABR Website\images\urbanassault\mikejumpapproach.jpg <-- ABR Website /images/urbanassault mikejumpapproach.jpg
2009.07.31 13:07 B Z:\ABR Website\images\urbanassault\mikelogride.jpg <-- ABR Website /images/urbanassault mikelogride.jpg
2009.07.31 13:07 B Z:\ABR Website\images\urbanassault\mikeuphill.jpg <-- ABR Website /images/urbanassault mikeuphill.jpg
2009.07.31 13:07 B Z:\ABR Website\images\urbanassault\mikewheeliedrop.jpg <-- ABR Website /images/urbanassault mikewheeliedrop.jpg
2009.07.31 13:07 B Z:\ABR Website\images\urbanassault\seattleparkslogo.jpg <-- ABR Website /images/urbanassault seattleparkslogo.jpg
2009.07.31 13:07 B Z:\ABR Website\images\urbanassault\urbanassaultbanner.jpg <-- ABR Website /images/urbanassault urbanassaultbanner.jpg
2009.07.31 13:07 B Z:\ABR Website\images\urbanassault\urbanassaultmap.jpg <-- ABR Website /images/urbanassault urbanassaultmap.jpg
2009.07.31 13:07 B Z:\ABR Website\images\urbanassault\urbanassaultmapthumb.jpg <-- ABR Website /images/urbanassault urbanassaultmapthumb.jpg
