2009.07.31 12:54 B Z:\ABR Website\images\bikestation\artistrenderingfrontofbikestation.jpg <-- ABR Website /images/bikestation artistrenderingfrontofbikestation.jpg
2009.07.31 12:54 B Z:\ABR Website\images\bikestation\backofshop.jpg <-- ABR Website /images/bikestation backofshop.jpg
2009.07.31 12:54 B Z:\ABR Website\images\bikestation\bigbikestationlogo.jpg <-- ABR Website /images/bikestation bigbikestationlogo.jpg
2009.07.31 12:54 B Z:\ABR Website\images\bikestation\bikestation1.jpg <-- ABR Website /images/bikestation bikestation1.jpg
2009.07.31 12:54 B Z:\ABR Website\images\bikestation\bikestation11.jpg <-- ABR Website /images/bikestation bikestation11.jpg
2009.07.31 12:54 B Z:\ABR Website\images\bikestation\bikestation12.jpg <-- ABR Website /images/bikestation bikestation12.jpg
2009.07.31 12:54 B Z:\ABR Website\images\bikestation\bikestation13.jpg <-- ABR Website /images/bikestation bikestation13.jpg
2009.07.31 12:54 B Z:\ABR Website\images\bikestation\bikestation14.jpg <-- ABR Website /images/bikestation bikestation14.jpg
2009.07.31 12:54 B Z:\ABR Website\images\bikestation\bikestation15.jpg <-- ABR Website /images/bikestation bikestation15.jpg
2009.07.31 12:54 B Z:\ABR Website\images\bikestation\bikestation16.jpg <-- ABR Website /images/bikestation bikestation16.jpg
2009.07.31 12:54 B Z:\ABR Website\images\bikestation\bikestation17.jpg <-- ABR Website /images/bikestation bikestation17.jpg
2009.07.31 12:54 B Z:\ABR Website\images\bikestation\bikestation18.jpg <-- ABR Website /images/bikestation bikestation18.jpg
2009.07.31 12:54 B Z:\ABR Website\images\bikestation\bikestation19.jpg <-- ABR Website /images/bikestation bikestation19.jpg
2009.07.31 12:54 B Z:\ABR Website\images\bikestation\bikestation2.jpg <-- ABR Website /images/bikestation bikestation2.jpg
2009.07.31 12:54 B Z:\ABR Website\images\bikestation\bikestation20.jpg <-- ABR Website /images/bikestation bikestation20.jpg
2009.07.31 12:54 B Z:\ABR Website\images\bikestation\bikestation21.jpg <-- ABR Website /images/bikestation bikestation21.jpg
2009.07.31 12:54 B Z:\ABR Website\images\bikestation\bikestation3.jpg <-- ABR Website /images/bikestation bikestation3.jpg
2009.07.31 12:54 B Z:\ABR Website\images\bikestation\bikestation4.jpg <-- ABR Website /images/bikestation bikestation4.jpg
2009.07.31 12:54 B Z:\ABR Website\images\bikestation\bikestation5.jpg <-- ABR Website /images/bikestation bikestation5.jpg
2009.07.31 12:54 B Z:\ABR Website\images\bikestation\bikestation6.jpg <-- ABR Website /images/bikestation bikestation6.jpg
2009.07.31 12:54 B Z:\ABR Website\images\bikestation\bikestation7.jpg <-- ABR Website /images/bikestation bikestation7.jpg
2009.07.31 12:54 B Z:\ABR Website\images\bikestation\bikestation8.jpg <-- ABR Website /images/bikestation bikestation8.jpg
2009.07.31 12:54 B Z:\ABR Website\images\bikestation\bikestationatnightwithmikeonscooter.jpg <-- ABR Website /images/bikestation bikestationatnightwithmikeonscooter.jpg
2009.07.31 12:54 B Z:\ABR Website\images\bikestation\bikestationmap.jpg <-- ABR Website /images/bikestation bikestationmap.jpg
2009.07.31 12:54 B Z:\ABR Website\images\bikestation\coucharea.jpg <-- ABR Website /images/bikestation coucharea.jpg
2009.07.31 12:54 B Z:\ABR Website\images\bikestation\envirostardecal.jpg <-- ABR Website /images/bikestation envirostardecal.jpg
2009.07.31 12:54 B Z:\ABR Website\images\bikestation\flexcarkiosk.jpg <-- ABR Website /images/bikestation flexcarkiosk.jpg
2009.07.31 12:54 B Z:\ABR Website\images\bikestation\fromsmithtower.jpg <-- ABR Website /images/bikestation fromsmithtower.jpg
2009.07.31 12:54 B Z:\ABR Website\images\bikestation\frontofstation.jpg <-- ABR Website /images/bikestation frontofstation.jpg
2009.07.31 12:54 B Z:\ABR Website\images\bikestation\frontwithrentalbikes.jpg <-- ABR Website /images/bikestation frontwithrentalbikes.jpg
2009.07.31 12:54 B Z:\ABR Website\images\bikestation\kentparkingcapitainamerica.jpg <-- ABR Website /images/bikestation kentparkingcapitainamerica.jpg
2009.07.31 12:54 B Z:\ABR Website\images\bikestation\literature.jpg <-- ABR Website /images/bikestation literature.jpg
2009.07.31 12:54 B Z:\ABR Website\images\bikestation\michaelatcashwrap.jpg <-- ABR Website /images/bikestation michaelatcashwrap.jpg
2009.07.31 12:54 B Z:\ABR Website\images\bikestation\scooters.jpg <-- ABR Website /images/bikestation scooters.jpg
2009.07.31 12:54 B Z:\ABR Website\images\bikestation\ulockstorage.jpg <-- ABR Website /images/bikestation ulockstorage.jpg
2013.02.15 15:00 B C:\ABR Master Files\ABR Website\images\bikestation\artistrenderingfrontofbikestation.jpg <-- ABR Website /images/bikestation artistrenderingfrontofbikestation.jpg
2013.02.15 15:00 B C:\ABR Master Files\ABR Website\images\bikestation\backofshop.jpg <-- ABR Website /images/bikestation backofshop.jpg
2013.02.15 15:00 B C:\ABR Master Files\ABR Website\images\bikestation\bigbikestationlogo.jpg <-- ABR Website /images/bikestation bigbikestationlogo.jpg
2013.02.15 15:00 B C:\ABR Master Files\ABR Website\images\bikestation\bikestation1.jpg <-- ABR Website /images/bikestation bikestation1.jpg
2013.02.15 15:00 B C:\ABR Master Files\ABR Website\images\bikestation\bikestation11.jpg <-- ABR Website /images/bikestation bikestation11.jpg
2013.02.15 15:00 B C:\ABR Master Files\ABR Website\images\bikestation\bikestation12.jpg <-- ABR Website /images/bikestation bikestation12.jpg
2013.02.15 15:00 B C:\ABR Master Files\ABR Website\images\bikestation\bikestation13.jpg <-- ABR Website /images/bikestation bikestation13.jpg
2013.02.15 15:00 B C:\ABR Master Files\ABR Website\images\bikestation\bikestation14.jpg <-- ABR Website /images/bikestation bikestation14.jpg
2013.02.15 15:00 B C:\ABR Master Files\ABR Website\images\bikestation\bikestation15.jpg <-- ABR Website /images/bikestation bikestation15.jpg
2013.02.15 15:00 B C:\ABR Master Files\ABR Website\images\bikestation\bikestation16.jpg <-- ABR Website /images/bikestation bikestation16.jpg
2013.02.15 15:00 B C:\ABR Master Files\ABR Website\images\bikestation\bikestation17.jpg <-- ABR Website /images/bikestation bikestation17.jpg
2013.02.15 15:00 B C:\ABR Master Files\ABR Website\images\bikestation\bikestation18.jpg <-- ABR Website /images/bikestation bikestation18.jpg
2013.02.15 15:00 B C:\ABR Master Files\ABR Website\images\bikestation\bikestation19.jpg <-- ABR Website /images/bikestation bikestation19.jpg
2013.02.15 15:00 B C:\ABR Master Files\ABR Website\images\bikestation\bikestation2.jpg <-- ABR Website /images/bikestation bikestation2.jpg
2013.02.15 15:00 B C:\ABR Master Files\ABR Website\images\bikestation\bikestation20.jpg <-- ABR Website /images/bikestation bikestation20.jpg
2013.02.15 15:00 B C:\ABR Master Files\ABR Website\images\bikestation\bikestation21.jpg <-- ABR Website /images/bikestation bikestation21.jpg
2013.02.15 15:00 B C:\ABR Master Files\ABR Website\images\bikestation\bikestation3.jpg <-- ABR Website /images/bikestation bikestation3.jpg
2013.02.15 15:00 B C:\ABR Master Files\ABR Website\images\bikestation\bikestation4.jpg <-- ABR Website /images/bikestation bikestation4.jpg
2013.02.15 15:00 B C:\ABR Master Files\ABR Website\images\bikestation\bikestation5.jpg <-- ABR Website /images/bikestation bikestation5.jpg
2013.02.15 15:00 B C:\ABR Master Files\ABR Website\images\bikestation\bikestation6.jpg <-- ABR Website /images/bikestation bikestation6.jpg
2013.02.15 15:00 B C:\ABR Master Files\ABR Website\images\bikestation\bikestation7.jpg <-- ABR Website /images/bikestation bikestation7.jpg
2013.02.15 15:01 B C:\ABR Master Files\ABR Website\images\bikestation\bikestation8.jpg <-- ABR Website /images/bikestation bikestation8.jpg
2013.02.15 15:01 B C:\ABR Master Files\ABR Website\images\bikestation\bikestationatnightwithmikeonscooter.jpg <-- ABR Website /images/bikestation bikestationatnightwithmikeonscooter.jpg
2013.02.15 15:01 B C:\ABR Master Files\ABR Website\images\bikestation\bikestationmap.jpg <-- ABR Website /images/bikestation bikestationmap.jpg
2013.02.15 15:01 B C:\ABR Master Files\ABR Website\images\bikestation\coucharea.jpg <-- ABR Website /images/bikestation coucharea.jpg
2013.02.15 15:01 B C:\ABR Master Files\ABR Website\images\bikestation\envirostardecal.jpg <-- ABR Website /images/bikestation envirostardecal.jpg
2013.02.15 15:01 B C:\ABR Master Files\ABR Website\images\bikestation\flexcarkiosk.jpg <-- ABR Website /images/bikestation flexcarkiosk.jpg
2013.02.15 15:01 B C:\ABR Master Files\ABR Website\images\bikestation\fromsmithtower.jpg <-- ABR Website /images/bikestation fromsmithtower.jpg
2013.02.15 15:01 B C:\ABR Master Files\ABR Website\images\bikestation\frontofstation.jpg <-- ABR Website /images/bikestation frontofstation.jpg
2013.02.15 15:01 B C:\ABR Master Files\ABR Website\images\bikestation\frontwithrentalbikes.jpg <-- ABR Website /images/bikestation frontwithrentalbikes.jpg
2013.02.15 15:01 B C:\ABR Master Files\ABR Website\images\bikestation\kentparkingcapitainamerica.jpg <-- ABR Website /images/bikestation kentparkingcapitainamerica.jpg
2013.02.15 15:01 B C:\ABR Master Files\ABR Website\images\bikestation\literature.jpg <-- ABR Website /images/bikestation literature.jpg
2013.02.15 15:01 B C:\ABR Master Files\ABR Website\images\bikestation\michaelatcashwrap.jpg <-- ABR Website /images/bikestation michaelatcashwrap.jpg
2013.02.15 15:01 B C:\ABR Master Files\ABR Website\images\bikestation\scooters.jpg <-- ABR Website /images/bikestation scooters.jpg
2013.02.15 15:01 B C:\ABR Master Files\ABR Website\images\bikestation\ulockstorage.jpg <-- ABR Website /images/bikestation ulockstorage.jpg
