2009.07.31 13:11 B Z:\ABR Website\images\xtracycle\aaron4x6.jpg <-- ABR Website /images/xtracycle aaron4x6.jpg
2009.07.31 13:11 B Z:\ABR Website\images\xtracycle\basicfrontend.jpg <-- ABR Website /images/xtracycle basicfrontend.jpg
2009.07.31 13:11 B Z:\ABR Website\images\xtracycle\basicxtracycle.jpg <-- ABR Website /images/xtracycle basicxtracycle.jpg
2009.07.31 13:11 B Z:\ABR Website\images\xtracycle\bigdummy.jpg <-- ABR Website /images/xtracycle bigdummy.jpg
2009.07.31 13:11 B Z:\ABR Website\images\xtracycle\bigdummyups.jpg <-- ABR Website /images/xtracycle bigdummyups.jpg
2009.07.31 13:11 B Z:\ABR Website\images\xtracycle\bottomsiderpad.jpg <-- ABR Website /images/xtracycle bottomsiderpad.jpg
2009.07.31 13:11 B Z:\ABR Website\images\xtracycle\candyxtracycle1.jpg <-- ABR Website /images/xtracycle candyxtracycle1.jpg
2009.07.31 13:11 B Z:\ABR Website\images\xtracycle\candyxtracycle2.jpg <-- ABR Website /images/xtracycle candyxtracycle2.jpg
2009.07.31 13:11 B Z:\ABR Website\images\xtracycle\candyxtracycle3.jpg <-- ABR Website /images/xtracycle candyxtracycle3.jpg
2009.07.31 13:11 B Z:\ABR Website\images\xtracycle\cargobikejamborie.jpg <-- ABR Website /images/xtracycle cargobikejamborie.jpg
2009.07.31 13:11 B Z:\ABR Website\images\xtracycle\cargobikejamborie2008.jpg <-- ABR Website /images/xtracycle cargobikejamborie2008.jpg
2009.07.31 13:11 B Z:\ABR Website\images\xtracycle\cargobikejamborie2009.jpg <-- ABR Website /images/xtracycle cargobikejamborie2009.jpg
2009.07.31 13:11 B Z:\ABR Website\images\xtracycle\colindarcibakfiets.jpg <-- ABR Website /images/xtracycle colindarcibakfiets.jpg
2009.07.31 13:11 B Z:\ABR Website\images\xtracycle\craftsman.jpg <-- ABR Website /images/xtracycle craftsman.jpg
2009.07.31 13:11 B Z:\ABR Website\images\xtracycle\crank.jpg <-- ABR Website /images/xtracycle crank.jpg
2009.07.31 13:11 B Z:\ABR Website\images\xtracycle\deluxefrontend.jpg <-- ABR Website /images/xtracycle deluxefrontend.jpg
2009.07.31 13:11 B Z:\ABR Website\images\xtracycle\deluxextracycle.jpg <-- ABR Website /images/xtracycle deluxextracycle.jpg
2009.07.31 13:11 B Z:\ABR Website\images\xtracycle\discopig.jpg <-- ABR Website /images/xtracycle discopig.jpg
2009.07.31 13:11 B Z:\ABR Website\images\xtracycle\dreadnought.jpg <-- ABR Website /images/xtracycle dreadnought.jpg
2009.07.31 13:11 B Z:\ABR Website\images\xtracycle\dreadnoughtbasket.jpg <-- ABR Website /images/xtracycle dreadnoughtbasket.jpg
2009.07.31 13:11 B Z:\ABR Website\images\xtracycle\freeloadersdeck.jpg <-- ABR Website /images/xtracycle freeloadersdeck.jpg
2009.07.31 13:11 B Z:\ABR Website\images\xtracycle\freeradical.jpg <-- ABR Website /images/xtracycle freeradical.jpg
2009.07.31 13:11 B Z:\ABR Website\images\xtracycle\freeradicalshipment.jpg <-- ABR Website /images/xtracycle freeradicalshipment.jpg
2009.07.31 13:11 B Z:\ABR Website\images\xtracycle\greggsxtracycle.jpg <-- ABR Website /images/xtracycle greggsxtracycle.jpg
2009.07.31 13:11 B Z:\ABR Website\images\xtracycle\grip.jpg <-- ABR Website /images/xtracycle grip.jpg
2009.07.31 13:11 B Z:\ABR Website\images\xtracycle\gypsierides.jpg <-- ABR Website /images/xtracycle gypsierides.jpg
2009.07.31 13:11 B Z:\ABR Website\images\xtracycle\heardingcats.jpg <-- ABR Website /images/xtracycle heardingcats.jpg
2009.07.31 13:11 B Z:\ABR Website\images\xtracycle\larrybigdummy.jpg <-- ABR Website /images/xtracycle larrybigdummy.jpg
2009.07.31 13:11 B Z:\ABR Website\images\xtracycle\marinnovatoxtracycle.jpg <-- ABR Website /images/xtracycle marinnovatoxtracycle.jpg
2009.07.31 13:11 B Z:\ABR Website\images\xtracycle\momentumbikehaul1.jpg <-- ABR Website /images/xtracycle momentumbikehaul1.jpg
2009.07.31 13:11 B Z:\ABR Website\images\xtracycle\momentumbikehaul2.jpg <-- ABR Website /images/xtracycle momentumbikehaul2.jpg
2009.07.31 13:11 B Z:\ABR Website\images\xtracycle\newxtracycletounge.jpg <-- ABR Website /images/xtracycle newxtracycletounge.jpg
2009.07.31 13:11 B Z:\ABR Website\images\xtracycle\parked.jpg <-- ABR Website /images/xtracycle parked.jpg
2009.07.31 13:11 B Z:\ABR Website\images\xtracycle\pergola.jpg <-- ABR Website /images/xtracycle pergola.jpg
2009.07.31 13:11 B Z:\ABR Website\images\xtracycle\rearhub.jpg <-- ABR Website /images/xtracycle rearhub.jpg
2009.07.31 13:11 B Z:\ABR Website\images\xtracycle\seat.jpg <-- ABR Website /images/xtracycle seat.jpg
2009.07.31 13:11 B Z:\ABR Website\images\xtracycle\supermonkey.jpg <-- ABR Website /images/xtracycle supermonkey.jpg
2009.07.31 13:11 B Z:\ABR Website\images\xtracycle\tail.jpg <-- ABR Website /images/xtracycle tail.jpg
2009.07.31 13:11 B Z:\ABR Website\images\xtracycle\Thumbs.db <-- ABR Website /images/xtracycle Thumbs.db
2009.07.31 13:11 B Z:\ABR Website\images\xtracycle\toungereinforcement.jpg <-- ABR Website /images/xtracycle toungereinforcement.jpg
2009.07.31 13:11 B Z:\ABR Website\images\xtracycle\valsmod.jpg <-- ABR Website /images/xtracycle valsmod.jpg
2009.07.31 13:11 B Z:\ABR Website\images\xtracycle\xtrabak.jpg <-- ABR Website /images/xtracycle xtrabak.jpg
2009.07.31 13:11 B Z:\ABR Website\images\xtracycle\xtracycleride6flyer.gif <-- ABR Website /images/xtracycle xtracycleride6flyer.gif
2009.07.31 13:11 B Z:\ABR Website\images\xtracycle\xtracycleride8.html <-- ABR Website /images/xtracycle xtracycleride8.html
2009.07.31 13:11 B Z:\ABR Website\images\xtracycle\xtramotorcycle.jpg <-- ABR Website /images/xtracycle xtramotorcycle.jpg
2009.09.12 09:59 B Z:\ABR Website\images\xtracycle\radish.jpg --> rideyourbike.com /images/xtracycle radish.jpg
2009.09.12 09:59 B Z:\ABR Website\images\xtracycle\basicxtracyclesmall.jpg --> rideyourbike.com /images/xtracycle basicxtracyclesmall.jpg
2010.03.11 13:36 B Z:\ABR Website\images\xtracycle\redfrtoungerepair2.jpg --> rideyourbike.com /images/xtracycle redfrtoungerepair2.jpg
2010.03.11 13:36 B Z:\ABR Website\images\xtracycle\frrepair4.jpg --> rideyourbike.com /images/xtracycle frrepair4.jpg
2010.03.11 13:37 B Z:\ABR Website\images\xtracycle\frrepair3.jpg --> rideyourbike.com /images/xtracycle frrepair3.jpg
2010.03.11 13:37 B Z:\ABR Website\images\xtracycle\frrepair2.jpg --> rideyourbike.com /images/xtracycle frrepair2.jpg
2010.03.11 13:37 B Z:\ABR Website\images\xtracycle\frrepair1.jpg --> rideyourbike.com /images/xtracycle frrepair1.jpg
2010.03.11 13:37 B Z:\ABR Website\images\xtracycle\redfrtoungerepair1.jpg --> rideyourbike.com /images/xtracycle redfrtoungerepair1.jpg
2010.06.05 16:37 B Z:\ABR Website\images\xtracycle\compostbin2.jpg --> rideyourbike.com /images/xtracycle compostbin2.jpg
2010.06.05 16:37 B Z:\ABR Website\images\xtracycle\bookload.jpg --> rideyourbike.com /images/xtracycle bookload.jpg
2010.06.05 16:37 B Z:\ABR Website\images\xtracycle\compostbin1.jpg --> rideyourbike.com /images/xtracycle compostbin1.jpg
2010.09.05 11:02 B Z:\ABR Website\images\xtracycle\radishwheelclearance.jpg --> rideyourbike.com /images/xtracycle radishwheelclearance.jpg
2011.01.25 14:27 B Z:\ABR Website\images\xtracycle\kickbacklever.jpg --> rideyourbike.com /images/xtracycle kickbacklever.jpg
2011.01.25 14:27 B Z:\ABR Website\images\xtracycle\kickbackcableanchor.jpg --> rideyourbike.com /images/xtracycle kickbackcableanchor.jpg
2011.01.25 14:27 B Z:\ABR Website\images\xtracycle\kickbackbbguide.jpg --> rideyourbike.com /images/xtracycle kickbackbbguide.jpg
2011.01.25 14:28 B Z:\ABR Website\images\xtracycle\kickbackdowntubecablestop.jpg --> rideyourbike.com /images/xtracycle kickbackdowntubecablestop.jpg
