2009.07.31 12:53 B Z:\ABR Website\images\bellingham\bellinghambanner.jpg <-- ABR Website /images/bellingham bellinghambanner.jpg
2009.07.31 12:53 B Z:\ABR Website\images\bellingham\galbraithmaplink.jpg <-- ABR Website /images/bellingham galbraithmaplink.jpg
2009.07.31 12:53 B Z:\ABR Website\images\bellingham\groupend.jpg <-- ABR Website /images/bellingham groupend.jpg
2009.07.31 12:53 B Z:\ABR Website\images\bellingham\grouprockshot.jpg <-- ABR Website /images/bellingham grouprockshot.jpg
2009.07.31 12:53 B Z:\ABR Website\images\bellingham\jasononrock.jpg <-- ABR Website /images/bellingham jasononrock.jpg
2009.07.31 12:53 B Z:\ABR Website\images\bellingham\jasonrock.jpg <-- ABR Website /images/bellingham jasonrock.jpg
2009.07.31 12:53 B Z:\ABR Website\images\bellingham\jasonstump.jpg <-- ABR Website /images/bellingham jasonstump.jpg
2009.07.31 12:53 B Z:\ABR Website\images\bellingham\jasontrail.jpg <-- ABR Website /images/bellingham jasontrail.jpg
2009.07.31 12:53 B Z:\ABR Website\images\bellingham\jasonwayback.jpg <-- ABR Website /images/bellingham jasonwayback.jpg
2009.07.31 12:53 B Z:\ABR Website\images\bellingham\mikehill.jpg <-- ABR Website /images/bellingham mikehill.jpg
2009.07.31 12:53 B Z:\ABR Website\images\bellingham\mikelogs.jpg <-- ABR Website /images/bellingham mikelogs.jpg
2009.07.31 12:53 B Z:\ABR Website\images\bellingham\mikerockgroove.jpg <-- ABR Website /images/bellingham mikerockgroove.jpg
2009.07.31 12:53 B Z:\ABR Website\images\bellingham\pauljam.jpg <-- ABR Website /images/bellingham pauljam.jpg
2009.07.31 12:53 B Z:\ABR Website\images\bellingham\paulwalking.jpg <-- ABR Website /images/bellingham paulwalking.jpg
2009.07.31 12:53 B Z:\ABR Website\images\bellingham\wouldyouridewiththeseguys.jpg <-- ABR Website /images/bellingham wouldyouridewiththeseguys.jpg
2013.02.15 15:00 B C:\ABR Master Files\ABR Website\images\bellingham\bellinghambanner.jpg <-- ABR Website /images/bellingham bellinghambanner.jpg
2013.02.15 15:00 B C:\ABR Master Files\ABR Website\images\bellingham\galbraithmaplink.jpg <-- ABR Website /images/bellingham galbraithmaplink.jpg
2013.02.15 15:00 B C:\ABR Master Files\ABR Website\images\bellingham\groupend.jpg <-- ABR Website /images/bellingham groupend.jpg
2013.02.15 15:00 B C:\ABR Master Files\ABR Website\images\bellingham\grouprockshot.jpg <-- ABR Website /images/bellingham grouprockshot.jpg
2013.02.15 15:00 B C:\ABR Master Files\ABR Website\images\bellingham\jasononrock.jpg <-- ABR Website /images/bellingham jasononrock.jpg
2013.02.15 15:00 B C:\ABR Master Files\ABR Website\images\bellingham\jasonrock.jpg <-- ABR Website /images/bellingham jasonrock.jpg
2013.02.15 15:00 B C:\ABR Master Files\ABR Website\images\bellingham\jasonstump.jpg <-- ABR Website /images/bellingham jasonstump.jpg
2013.02.15 15:00 B C:\ABR Master Files\ABR Website\images\bellingham\jasontrail.jpg <-- ABR Website /images/bellingham jasontrail.jpg
2013.02.15 15:00 B C:\ABR Master Files\ABR Website\images\bellingham\jasonwayback.jpg <-- ABR Website /images/bellingham jasonwayback.jpg
2013.02.15 15:00 B C:\ABR Master Files\ABR Website\images\bellingham\mikehill.jpg <-- ABR Website /images/bellingham mikehill.jpg
2013.02.15 15:00 B C:\ABR Master Files\ABR Website\images\bellingham\mikelogs.jpg <-- ABR Website /images/bellingham mikelogs.jpg
2013.02.15 15:00 B C:\ABR Master Files\ABR Website\images\bellingham\mikerockgroove.jpg <-- ABR Website /images/bellingham mikerockgroove.jpg
2013.02.15 15:00 B C:\ABR Master Files\ABR Website\images\bellingham\pauljam.jpg <-- ABR Website /images/bellingham pauljam.jpg
2013.02.15 15:00 B C:\ABR Master Files\ABR Website\images\bellingham\paulwalking.jpg <-- ABR Website /images/bellingham paulwalking.jpg
2013.02.15 15:00 B C:\ABR Master Files\ABR Website\images\bellingham\wouldyouridewiththeseguys.jpg <-- ABR Website /images/bellingham wouldyouridewiththeseguys.jpg
