2009.07.31 13:02 B Z:\ABR Website\images\internalgear\sa5speed1.jpg <-- ABR Website /images/internalgear sa5speed1.jpg
2009.07.31 13:02 B Z:\ABR Website\images\internalgear\sa5speed2.jpg <-- ABR Website /images/internalgear sa5speed2.jpg
2009.07.31 13:02 B Z:\ABR Website\images\internalgear\sa5speed3.jpg <-- ABR Website /images/internalgear sa5speed3.jpg
2009.07.31 13:02 B Z:\ABR Website\images\internalgear\sachstopedoautomatic.jpg <-- ABR Website /images/internalgear sachstopedoautomatic.jpg
2009.07.31 13:02 B Z:\ABR Website\images\internalgear\schlumpf.jpg <-- ABR Website /images/internalgear schlumpf.jpg
2009.07.31 13:02 B Z:\ABR Website\images\internalgear\sparcguts1.jpg <-- ABR Website /images/internalgear sparcguts1.jpg
2009.07.31 13:02 B Z:\ABR Website\images\internalgear\sparcguts2.jpg <-- ABR Website /images/internalgear sparcguts2.jpg
2009.07.31 13:02 B Z:\ABR Website\images\internalgear\sparcguts3.jpg <-- ABR Website /images/internalgear sparcguts3.jpg
2009.07.31 13:02 B Z:\ABR Website\images\internalgear\Thumbs.db <-- ABR Website /images/internalgear Thumbs.db
2009.08.09 17:07 B Z:\ABR Website\images\internalgear\sachs3speedfreewheeldrum.jpg --> rideyourbike.com /images/internalgear sachs3speedfreewheeldrum.jpg
2009.12.11 17:45 B Z:\ABR Website\images\internalgear\replaces2.jpg --> rideyourbike.com /images/internalgear replaces2.jpg
2009.12.11 17:45 B Z:\ABR Website\images\internalgear\replaces1.jpg --> rideyourbike.com /images/internalgear replaces1.jpg
2009.12.11 17:46 B Z:\ABR Website\images\internalgear\replaces2.jpg --> rideyourbike.com /images/internalgear replaces2.jpg
2009.12.11 17:46 B Z:\ABR Website\images\internalgear\replaces1.jpg --> rideyourbike.com /images/internalgear replaces1.jpg
2009.12.12 17:56 B Z:\ABR Website\images\internalgear\saS5.jpg --> rideyourbike.com /images/internalgear saS5.jpg
2009.12.13 14:38 B Z:\ABR Website\images\internalgear\saS5.jpg --> rideyourbike.com /images/internalgear saS5.jpg
2009.12.14 13:21 B Z:\ABR Website\images\internalgear\sramimotion9problem.jpg --> rideyourbike.com /images/internalgear sramimotion9problem.jpg
2009.12.14 13:21 B Z:\ABR Website\images\internalgear\sramimotion9.jpg --> rideyourbike.com /images/internalgear sramimotion9.jpg
2009.12.14 14:03 B Z:\ABR Website\images\internalgear\springdamage2.jpg --> rideyourbike.com /images/internalgear springdamage2.jpg
2009.12.14 14:03 B Z:\ABR Website\images\internalgear\springdamage1.jpg --> rideyourbike.com /images/internalgear springdamage1.jpg
2010.01.10 13:33 B Z:\ABR Website\images\internalgear\sadynamodrum.jpg --> rideyourbike.com /images/internalgear sadynamodrum.jpg
2010.01.29 13:59 B Z:\ABR Website\images\internalgear\bendixyellowband.jpg --> rideyourbike.com /images/internalgear bendixyellowband.jpg
2010.01.31 15:16 B Z:\ABR Website\images\internalgear\xrd5w.jpg --> rideyourbike.com /images/internalgear xrd5w.jpg
2010.02.01 17:41 B Z:\ABR Website\images\internalgear\nuvincigearrange.jpg --> rideyourbike.com /images/internalgear nuvincigearrange.jpg
2010.02.18 18:34 B Z:\ABR Website\images\internalgear\s3x.jpg --> rideyourbike.com /images/internalgear s3x.jpg
2010.03.29 17:02 B Z:\ABR Website\images\internalgear\sramp5coaster.jpg --> rideyourbike.com /images/internalgear sramp5coaster.jpg
2010.03.29 17:02 B Z:\ABR Website\images\internalgear\shimanonexus8rust.jpg --> rideyourbike.com /images/internalgear shimanonexus8rust.jpg
2010.03.29 17:02 B Z:\ABR Website\images\internalgear\shimanonexus8.jpg --> rideyourbike.com /images/internalgear shimanonexus8.jpg
2010.03.29 17:11 B Z:\ABR Website\images\internalgear\sramp5coasterjpg.jpg --> rideyourbike.com /images/internalgear sramp5coasterjpg.jpg
2010.05.03 16:01 B Z:\ABR Website\images\internalgear\sramimotion3.jpg --> rideyourbike.com /images/internalgear sramimotion3.jpg
2010.06.11 13:08 B Z:\ABR Website\images\internalgear\sturmeyarchertcwmark1.jpg --> rideyourbike.com /images/internalgear sturmeyarchertcwmark1.jpg
2010.07.17 13:25 B Z:\ABR Website\images\internalgear\i9rust.jpg --> rideyourbike.com /images/internalgear i9rust.jpg
2010.07.18 16:19 B Z:\ABR Website\images\internalgear\shimanosg-7c21.jpg --> rideyourbike.com /images/internalgear shimanosg-7c21.jpg
2010.09.20 17:02 B Z:\ABR Website\images\internalgear\shimanosg-7c21.jpg --> rideyourbike.com /images/internalgear shimanosg-7c21.jpg
2010.09.20 17:12 B Z:\ABR Website\images\internalgear\shimanosg-7c21.jpg --> rideyourbike.com /images/internalgear shimanosg-7c21.jpg
2010.09.20 17:13 B Z:\ABR Website\images\internalgear\X-RD5Drum.jpg --> rideyourbike.com /images/internalgear X-RD5Drum.jpg
2010.10.15 17:31 B Z:\ABR Website\images\internalgear\SRAMconnection.jpg --> rideyourbike.com /images/internalgear SRAMconnection.jpg
2010.10.25 13:17 B Z:\ABR Website\images\internalgear\sachs3x7.jpg --> rideyourbike.com /images/internalgear sachs3x7.jpg
2010.10.25 13:20 B Z:\ABR Website\images\internalgear\sachstopedoautomatic.jpg --> rideyourbike.com /images/internalgear sachstopedoautomatic.jpg
2010.10.25 13:35 B Z:\ABR Website\images\internalgear\sachstopedoautomatic.jpg --> rideyourbike.com /images/internalgear sachstopedoautomatic.jpg
2010.10.25 13:35 B Z:\ABR Website\images\internalgear\sachs3x7.jpg --> rideyourbike.com /images/internalgear sachs3x7.jpg
2010.10.25 13:35 B Z:\ABR Website\images\internalgear\p5coaster.jpg --> rideyourbike.com /images/internalgear p5coaster.jpg
2010.10.25 13:35 B Z:\ABR Website\images\internalgear\f&storpedo2speedunderdrive.jpg --> rideyourbike.com /images/internalgear f&storpedo2speedunderdrive.jpg
2010.10.25 13:37 B Z:\ABR Website\images\internalgear\dualdriveIIclickbox.jpg --> rideyourbike.com /images/internalgear dualdriveIIclickbox.jpg
2010.10.30 11:28 B Z:\ABR Website\images\internalgear\SAXRF8.jpg --> rideyourbike.com /images/internalgear SAXRF8.jpg
2010.10.30 11:28 B Z:\ABR Website\images\internalgear\suntourcomcoaster.jpg --> rideyourbike.com /images/internalgear suntourcomcoaster.jpg
2010.10.30 11:28 B Z:\ABR Website\images\internalgear\sasprinter7coaster.jpg --> rideyourbike.com /images/internalgear sasprinter7coaster.jpg
2010.10.30 11:29 B Z:\ABR Website\images\internalgear\shimanoSG-3S20.jpg --> rideyourbike.com /images/internalgear shimanoSG-3S20.jpg
2010.10.30 11:33 B Z:\ABR Website\images\internalgear\shimanoSG-3S20.jpg --> rideyourbike.com /images/internalgear shimanoSG-3S20.jpg
2010.10.30 11:34 B Z:\ABR Website\images\internalgear\SAXRF8.jpg --> rideyourbike.com /images/internalgear SAXRF8.jpg
2010.10.30 11:35 B Z:\ABR Website\images\internalgear\sasprinter7coaster.jpg --> rideyourbike.com /images/internalgear sasprinter7coaster.jpg
2010.11.06 15:27 B Z:\ABR Website\images\internalgear\partsdrawersamisc.jpg --> rideyourbike.com /images/internalgear partsdrawersamisc.jpg
2010.11.06 15:27 B Z:\ABR Website\images\internalgear\partsdrawersa3.jpg --> rideyourbike.com /images/internalgear partsdrawersa3.jpg
2010.11.06 15:27 B Z:\ABR Website\images\internalgear\partsdrawercoasterbrake.jpg --> rideyourbike.com /images/internalgear partsdrawercoasterbrake.jpg
2010.11.06 15:27 B Z:\ABR Website\images\internalgear\partsdrawerbendixshimano.jpg --> rideyourbike.com /images/internalgear partsdrawerbendixshimano.jpg
2010.11.06 15:27 B Z:\ABR Website\images\internalgear\partsdrawersram.jpg --> rideyourbike.com /images/internalgear partsdrawersram.jpg
2010.11.20 11:35 B Z:\ABR Website\images\internalgear\ShimanoAlfine11guts1.jpg --> rideyourbike.com /images/internalgear ShimanoAlfine11guts1.jpg
2010.11.20 11:35 B Z:\ABR Website\images\internalgear\ShimanoAlfine11guts2.jpg --> rideyourbike.com /images/internalgear ShimanoAlfine11guts2.jpg
2010.12.17 11:36 B Z:\ABR Website\images\internalgear\saFG4.jpg --> rideyourbike.com /images/internalgear saFG4.jpg
2010.12.17 11:36 B Z:\ABR Website\images\internalgear\saS5.jpg --> rideyourbike.com /images/internalgear saS5.jpg
2010.12.20 19:25 B Z:\ABR Website\images\internalgear\sachstorpedo3speed515.jpg --> rideyourbike.com /images/internalgear sachstorpedo3speed515.jpg
2011.02.03 18:05 B Z:\ABR Website\images\internalgear\shimanoalfineSG-S501.jpg --> rideyourbike.com /images/internalgear shimanoalfineSG-S501.jpg
2011.02.03 18:05 B Z:\ABR Website\images\internalgear\SG-S501cone.jpg --> rideyourbike.com /images/internalgear SG-S501cone.jpg
2011.02.03 18:05 B Z:\ABR Website\images\internalgear\SG-S501bearing.jpg --> rideyourbike.com /images/internalgear SG-S501bearing.jpg
2011.02.03 18:05 B Z:\ABR Website\images\internalgear\SG-S501cup.jpg --> rideyourbike.com /images/internalgear SG-S501cup.jpg
2011.02.03 18:07 B Z:\ABR Website\images\internalgear\SG-S501cone.jpg --> rideyourbike.com /images/internalgear SG-S501cone.jpg
2011.02.03 18:07 B Z:\ABR Website\images\internalgear\SG-S501bearing.jpg --> rideyourbike.com /images/internalgear SG-S501bearing.jpg
2011.02.03 18:07 B Z:\ABR Website\images\internalgear\SG-S501cup.jpg --> rideyourbike.com /images/internalgear SG-S501cup.jpg
2011.02.03 18:38 B Z:\ABR Website\images\internalgear\alfineoil.jpg --> rideyourbike.com /images/internalgear alfineoil.jpg
2011.02.03 18:38 B Z:\ABR Website\images\internalgear\alfineleftconestocklube.jpg --> rideyourbike.com /images/internalgear alfineleftconestocklube.jpg
2011.02.03 18:38 B Z:\ABR Website\images\internalgear\alfineleftconeabrlube.jpg --> rideyourbike.com /images/internalgear alfineleftconeabrlube.jpg
2011.02.03 18:38 B Z:\ABR Website\images\internalgear\alfinegutsabrlube2.jpg --> rideyourbike.com /images/internalgear alfinegutsabrlube2.jpg
2011.02.03 18:38 B Z:\ABR Website\images\internalgear\alfinegutsabrlube1.jpg --> rideyourbike.com /images/internalgear alfinegutsabrlube1.jpg
2011.02.03 18:38 B Z:\ABR Website\images\internalgear\alfinegutsstocklube.jpg --> rideyourbike.com /images/internalgear alfinegutsstocklube.jpg
2011.02.03 18:44 B Z:\ABR Website\images\internalgear\SG-S501cone.jpg --> rideyourbike.com /images/internalgear SG-S501cone.jpg
2011.02.03 18:44 B Z:\ABR Website\images\internalgear\SG-S501cup.jpg --> rideyourbike.com /images/internalgear SG-S501cup.jpg
2011.02.03 18:44 B Z:\ABR Website\images\internalgear\SG-S501bearing.jpg --> rideyourbike.com /images/internalgear SG-S501bearing.jpg
2011.02.03 18:45 B Z:\ABR Website\images\internalgear\alfineoil.jpg --> rideyourbike.com /images/internalgear alfineoil.jpg
2011.02.03 18:45 B Z:\ABR Website\images\internalgear\alfineleftconestocklube.jpg --> rideyourbike.com /images/internalgear alfineleftconestocklube.jpg
2011.02.03 18:45 B Z:\ABR Website\images\internalgear\alfineleftconeabrlube.jpg --> rideyourbike.com /images/internalgear alfineleftconeabrlube.jpg
2011.02.03 18:45 B Z:\ABR Website\images\internalgear\alfinegutsstocklube.jpg --> rideyourbike.com /images/internalgear alfinegutsstocklube.jpg
2011.02.03 18:45 B Z:\ABR Website\images\internalgear\alfinegutsabrlube2.jpg --> rideyourbike.com /images/internalgear alfinegutsabrlube2.jpg
2011.02.03 18:46 B Z:\ABR Website\images\internalgear\alfinegutsabrlube1.jpg --> rideyourbike.com /images/internalgear alfinegutsabrlube1.jpg
2011.02.13 16:07 B Z:\ABR Website\images\internalgear\valbendix.jpg --> rideyourbike.com /images/internalgear valbendix.jpg
2011.02.13 16:07 B Z:\ABR Website\images\internalgear\bendixyelloband2.jpg --> rideyourbike.com /images/internalgear bendixyelloband2.jpg
2011.02.13 16:07 B Z:\ABR Website\images\internalgear\axlelength.jpg --> rideyourbike.com /images/internalgear axlelength.jpg
2011.02.14 13:25 B Z:\ABR Website\images\internalgear\peanutboxedwheel.jpg --> rideyourbike.com /images/internalgear peanutboxedwheel.jpg
2011.02.19 15:59 B Z:\ABR Website\images\internalgear\imotion9oil.jpg --> rideyourbike.com /images/internalgear imotion9oil.jpg
2011.03.05 14:10 B Z:\ABR Website\images\internalgear\alfinefactorygrease.jpg --> rideyourbike.com /images/internalgear alfinefactorygrease.jpg
2011.03.05 14:10 B Z:\ABR Website\images\internalgear\nonturnwasheraxledamage.jpg --> rideyourbike.com /images/internalgear nonturnwasheraxledamage.jpg
2011.03.05 16:09 B Z:\ABR Website\images\internalgear\axleprotection.jpg --> rideyourbike.com /images/internalgear axleprotection.jpg
2011.03.18 13:50 B Z:\ABR Website\images\internalgear\nuvinciabrlube.jpg --> rideyourbike.com /images/internalgear nuvinciabrlube.jpg
2011.03.18 13:50 B Z:\ABR Website\images\internalgear\nuvincifactorylube.jpg --> rideyourbike.com /images/internalgear nuvincifactorylube.jpg
2011.03.26 15:39 B Z:\ABR Website\images\internalgear\oilpoolvoid.jpg --> rideyourbike.com /images/internalgear oilpoolvoid.jpg
2011.04.01 15:38 B Z:\ABR Website\images\internalgear\kerosenedip.jpg --> rideyourbike.com /images/internalgear kerosenedip.jpg
2011.04.01 15:38 B Z:\ABR Website\images\internalgear\cleanatlasunit.jpg --> rideyourbike.com /images/internalgear cleanatlasunit.jpg
2011.04.01 15:51 B Z:\ABR Website\images\internalgear\brokenaxletab.jpg --> rideyourbike.com /images/internalgear brokenaxletab.jpg
2011.04.01 15:52 B Z:\ABR Website\images\internalgear\brokenaxletabbits.jpg --> rideyourbike.com /images/internalgear brokenaxletabbits.jpg
2011.04.04 13:54 B Z:\ABR Website\images\internalgear\sachsspectro7.jpg --> rideyourbike.com /images/internalgear sachsspectro7.jpg
2011.04.04 13:54 B Z:\ABR Website\images\internalgear\sa4speed.jpg --> rideyourbike.com /images/internalgear sa4speed.jpg
2011.04.04 14:03 B Z:\ABR Website\images\internalgear\spectro7explodeddrawing.jpg --> rideyourbike.com /images/internalgear spectro7explodeddrawing.jpg
2011.04.29 17:29 B Z:\ABR Website\images\internalgear\safm4cog.jpg --> rideyourbike.com /images/internalgear safm4cog.jpg
2011.04.29 17:29 B Z:\ABR Website\images\internalgear\safm4.jpg --> rideyourbike.com /images/internalgear safm4.jpg
2011.04.29 17:55 B Z:\ABR Website\images\internalgear\safm4.jpg --> rideyourbike.com /images/internalgear safm4.jpg
2011.04.29 18:00 B Z:\ABR Website\images\internalgear\saFG4.jpg --> rideyourbike.com /images/internalgear saFG4.jpg
2011.05.21 11:06 B Z:\ABR Website\images\internalgear\saFG4.jpg --> rideyourbike.com /images/internalgear saFG4.jpg
2011.05.21 11:52 B Z:\ABR Website\images\internalgear\saFG4.jpg --> rideyourbike.com /images/internalgear saFG4.jpg
2011.06.11 12:17 B Z:\ABR Website\images\internalgear\sramimotion9nut.jpg --> rideyourbike.com /images/internalgear sramimotion9nut.jpg
2011.06.11 12:17 B Z:\ABR Website\images\internalgear\sramimotion9.jpg --> rideyourbike.com /images/internalgear sramimotion9.jpg
2011.06.13 16:35 B Z:\ABR Website\images\internalgear\sturmeyarcherparts.jpg --> rideyourbike.com /images/internalgear sturmeyarcherparts.jpg
2011.06.13 16:35 B Z:\ABR Website\images\internalgear\SASWparts.jpg --> rideyourbike.com /images/internalgear SASWparts.jpg
2011.06.13 18:42 B Z:\ABR Website\images\internalgear\SASWparts.jpg --> rideyourbike.com /images/internalgear SASWparts.jpg
2011.06.13 18:42 B Z:\ABR Website\images\internalgear\SASW3mark1.jpg --> rideyourbike.com /images/internalgear SASW3mark1.jpg
2011.06.13 18:43 B Z:\ABR Website\images\internalgear\sturmeyarcherparts.jpg --> rideyourbike.com /images/internalgear sturmeyarcherparts.jpg
2011.06.13 18:43 B Z:\ABR Website\images\internalgear\SASWparts.jpg --> rideyourbike.com /images/internalgear SASWparts.jpg
2011.08.22 13:49 B Z:\ABR Website\images\internalgear\sturmeyarchers3c.jpg --> rideyourbike.com /images/internalgear sturmeyarchers3c.jpg
2011.09.17 16:54 B Z:\ABR Website\images\internalgear\IGHtools.jpg --> rideyourbike.com /images/internalgear IGHtools.jpg
2011.10.08 15:54 B Z:\ABR Website\images\internalgear\shimano3CC.jpg --> rideyourbike.com /images/internalgear shimano3CC.jpg
2011.10.09 12:41 B Z:\ABR Website\images\internalgear\shimanoalfineSG-S700.jpg --> rideyourbike.com /images/internalgear shimanoalfineSG-S700.jpg
2011.10.14 18:53 B Z:\ABR Website\images\internalgear\sramimotion3.jpg --> rideyourbike.com /images/internalgear sramimotion3.jpg
2011.12.02 13:39 B Z:\ABR Website\images\internalgear\sramspectro7gutsbefore.jpg --> rideyourbike.com /images/internalgear sramspectro7gutsbefore.jpg
2011.12.02 13:39 B Z:\ABR Website\images\internalgear\sramspectro7gutsafter.jpg --> rideyourbike.com /images/internalgear sramspectro7gutsafter.jpg
2011.12.27 12:29 B Z:\ABR Website\images\internalgear\schlumpfpartsdrawers.jpg --> rideyourbike.com /images schlumpfpartsdrawers.jpg
2011.12.27 12:30 B Z:\ABR Website\images\internalgear\schlumpfpartsdrawers.jpg --> rideyourbike.com /images/internalgear schlumpfpartsdrawers.jpg
2012.01.27 14:34 B Z:\ABR Website\images\internalgear\brokenaxletabbits.jpg --> rideyourbike.com /images/internalgear brokenaxletabbits.jpg
2012.01.27 14:34 B Z:\ABR Website\images\internalgear\alfine8axletang.jpg --> rideyourbike.com /images/internalgear alfine8axletang.jpg
2012.01.27 14:34 B Z:\ABR Website\images\internalgear\alfine8axlecrack.jpg --> rideyourbike.com /images/internalgear alfine8axlecrack.jpg
2012.01.27 14:37 B Z:\ABR Website\images\internalgear\alfine8axlecrack.jpg --> rideyourbike.com /images/internalgear alfine8axlecrack.jpg
2012.02.09 18:11 B Z:\ABR Website\images\internalgear\custom3speedcable.jpg --> rideyourbike.com /images/internalgear custom3speedcable.jpg
2012.03.21 18:59 B Z:\ABR Website\images\internalgear\alfine11rightaxleseal.jpg --> rideyourbike.com /images/internalgear alfine11rightaxleseal.jpg
2012.03.21 19:05 B Z:\ABR Website\images\internalgear\alfine11oilseal.jpg --> rideyourbike.com /images/internalgear alfine11oilseal.jpg
2012.04.05 18:53 B Z:\ABR Website\images\internalgear\tornbox.jpg --> rideyourbike.com /images/internalgear tornbox.jpg
2012.04.05 18:53 B Z:\ABR Website\images\internalgear\onewheelbox.jpg --> rideyourbike.com /images/internalgear onewheelbox.jpg
2012.04.05 18:55 B Z:\ABR Website\images\internalgear\tornbox.jpg --> rideyourbike.com /images/internalgear tornbox.jpg
2012.04.05 19:07 B Z:\ABR Website\images\internalgear\tornbox.jpg --> rideyourbike.com /images/internalgear tornbox.jpg
2012.04.13 17:19 B Z:\ABR Website\images\internalgear\cardboardpadding.jpg --> rideyourbike.com /images/internalgear cardboardpadding.jpg
2012.06.16 14:13 B Z:\ABR Website\images\internalgear\dirtygearoil.jpg --> rideyourbike.com /images/internalgear dirtygearoil.jpg
2012.06.16 14:15 B Z:\ABR Website\images\internalgear\dirtygearoil.jpg --> rideyourbike.com /images/internalgear dirtygearoil.jpg
2012.06.29 17:13 B Z:\ABR Website\images\internalgear\sturmeyarcherS2duomatic.jpg --> rideyourbike.com /images/internalgear sturmeyarcherS2duomatic.jpg
2012.06.29 17:13 B Z:\ABR Website\images\internalgear\sturmeyarcherS2duomatic.jpg --> rideyourbike.com /images/internalgear sturmeyarcherS2duomatic.jpg
2012.06.29 17:13 B Z:\ABR Website\images\internalgear\sturmeyarcherS2duomatic2.jpg --> rideyourbike.com /images/internalgear sturmeyarcherS2duomatic2.jpg
2012.06.29 17:15 B Z:\ABR Website\images\internalgear\sturmeyarcherS2duomatic2.jpg --> rideyourbike.com /images/internalgear sturmeyarcherS2duomatic2.jpg
2012.06.29 17:15 B Z:\ABR Website\images\internalgear\sturmeyarcherS2duomatic.jpg --> rideyourbike.com /images/internalgear sturmeyarcherS2duomatic.jpg
2012.09.07 15:34 B Z:\ABR Website\images\internalgear\nonturnwasherdamage.jpg --> rideyourbike.com /images/internalgear nonturnwasherdamage.jpg
2012.10.05 13:56 B Z:\ABR Website\images\internalgear\sachsduomatic2.jpg --> rideyourbike.com /images/internalgear sachsduomatic2.jpg
2012.10.09 19:35 B Z:\ABR Website\images\internalgear\sachsduomaticoldstylehubshell.jpg --> rideyourbike.com /images/internalgear sachsduomaticoldstylehubshell.jpg
2012.10.18 16:41 B Z:\ABR Website\images\internalgear\sturmeyarcherS2Cduomatic.jpg --> rideyourbike.com /images/internalgear sturmeyarcherS2Cduomatic.jpg
2013.01.09 12:13 B Z:\ABR Website\images\internalgear\shimanononturnwashers.jpg --> rideyourbike.com /images/internalgear shimanononturnwashers.jpg
2013.02.15 15:06 B C:\ABR Master Files\ABR Website\images\internalgear\bendixredband.jpg <-- ABR Website /images/internalgear bendixredband.jpg
2013.02.15 15:06 B C:\ABR Master Files\ABR Website\images\internalgear\F&Swrench.jpg <-- ABR Website /images/internalgear F&Swrench.jpg
2013.02.15 15:06 B C:\ABR Master Files\ABR Website\images\internalgear\i9discdustcap.jpg <-- ABR Website /images/internalgear i9discdustcap.jpg
2013.02.15 15:06 B C:\ABR Master Files\ABR Website\images\internalgear\i9guts.jpg <-- ABR Website /images/internalgear i9guts.jpg
2013.02.15 15:06 B C:\ABR Master Files\ABR Website\images\internalgear\nonturnwasherdamage.jpg <-- ABR Website /images/internalgear nonturnwasherdamage.jpg
2013.02.15 15:06 B C:\ABR Master Files\ABR Website\images\internalgear\sa5speed3.jpg <-- ABR Website /images/internalgear sa5speed3.jpg
2013.02.15 15:06 B C:\ABR Master Files\ABR Website\images\internalgear\sachsduomatic.jpg <-- ABR Website /images/internalgear sachsduomatic.jpg
2013.02.15 15:06 B C:\ABR Master Files\ABR Website\images\internalgear\sachsduomatic2.jpg <-- ABR Website /images/internalgear sachsduomatic2.jpg
2013.02.15 15:06 B C:\ABR Master Files\ABR Website\images\internalgear\sachsduomaticoldstylehubshell.jpg <-- ABR Website /images/internalgear sachsduomaticoldstylehubshell.jpg
2013.02.15 15:06 B C:\ABR Master Files\ABR Website\images\internalgear\sachsorbit2speeddrum.jpg <-- ABR Website /images/internalgear sachsorbit2speeddrum.jpg
2013.02.15 15:06 B C:\ABR Master Files\ABR Website\images\internalgear\SASW3mark1.jpg <-- ABR Website /images/internalgear SASW3mark1.jpg
2013.02.15 15:06 B C:\ABR Master Files\ABR Website\images\internalgear\ShimanoAlfine11guts1.jpg <-- ABR Website /images/internalgear ShimanoAlfine11guts1.jpg
2013.02.15 15:06 B C:\ABR Master Files\ABR Website\images\internalgear\ShimanoAlfine11guts2.jpg <-- ABR Website /images/internalgear ShimanoAlfine11guts2.jpg
2013.02.15 15:06 B C:\ABR Master Files\ABR Website\images\internalgear\spectro5.jpg <-- ABR Website /images/internalgear spectro5.jpg
2013.02.15 15:06 B C:\ABR Master Files\ABR Website\images\internalgear\spectro7.jpg <-- ABR Website /images/internalgear spectro7.jpg
2013.02.15 15:06 B C:\ABR Master Files\ABR Website\images\internalgear\spectroparts.jpg <-- ABR Website /images/internalgear spectroparts.jpg
2013.02.15 15:06 B C:\ABR Master Files\ABR Website\images\internalgear\sramdualdrive.jpg <-- ABR Website /images/internalgear sramdualdrive.jpg
2013.02.15 15:06 B C:\ABR Master Files\ABR Website\images\internalgear\sturmeyarcherS2Cduomatic.jpg <-- ABR Website /images/internalgear sturmeyarcherS2Cduomatic.jpg
2015.01.31 12:14 B Z:\ABR Website\images\internalgear\SARXRD3.jpg --> 324.b70.myftpupload.com /images/internalgear SARXRD3.jpg
2015.02.06 12:23 B Z:\ABR Website\images\internalgear\sturmeyarcherAWCengland.jpg --> 324.b70.myftpupload.com /images/internalgear sturmeyarcherAWCengland.jpg
2015.07.11 16:46 B Z:\ABR Files\ABR Website\images\internalgear\sasprinter5england.jpg --> 324.b70.myftpupload.com /images/internalgear sasprinter5england.jpg
2015.07.11 16:48 B Z:\ABR Files\ABR Website\images\internalgear\sasprinter5england.jpg --> 324.b70.myftpupload.com /images/internalgear sasprinter5england.jpg
2015.08.19 17:53 B Z:\ABR Files\ABR Website\images\internalgear\srams7clickbox.jpg --> 324.b70.myftpupload.com /images/internalgear srams7clickbox.jpg
2015.08.28 13:29 B Z:\ABR Files\ABR Website\images\internalgear\sramimotion3nobrake.jpg --> 324.b70.myftpupload.com /images/internalgear sramimotion3nobrake.jpg
2015.08.28 13:31 B Z:\ABR Files\ABR Website\images\internalgear\sachstorpedoduomatic.jpg --> 324.b70.myftpupload.com /images/internalgear sachstorpedoduomatic.jpg
2015.08.28 13:38 B Z:\ABR Files\ABR Website\images\internalgear\sramutomatix.jpg --> 324.b70.myftpupload.com /images/internalgear sramutomatix.jpg
2015.10.14 13:42 B Z:\ABR Files\ABR Website\images\internalgear\SAXRK8W.jpg --> 324.b70.myftpupload.com /images/internalgear SAXRK8W.jpg
