2009.07.31 13:02 B Z:\ABR Website\images\interbike\aarondesert.jpg <-- ABR Website /images/interbike aarondesert.jpg
2009.07.31 13:02 B Z:\ABR Website\images\interbike\aaronjimmyinterbike.jpg <-- ABR Website /images/interbike aaronjimmyinterbike.jpg
2009.07.31 13:02 B Z:\ABR Website\images\interbike\aaronmikeinterbike.jpg <-- ABR Website /images/interbike aaronmikeinterbike.jpg
2009.07.31 13:02 B Z:\ABR Website\images\interbike\interbike1.jpg <-- ABR Website /images/interbike interbike1.jpg
2009.07.31 13:02 B Z:\ABR Website\images\interbike\interbike2.jpg <-- ABR Website /images/interbike interbike2.jpg
2009.07.31 13:02 B Z:\ABR Website\images\interbike\interbike3.jpg <-- ABR Website /images/interbike interbike3.jpg
2009.07.31 13:02 B Z:\ABR Website\images\interbike\interbike4.jpg <-- ABR Website /images/interbike interbike4.jpg
2009.07.31 13:02 B Z:\ABR Website\images\interbike\interbike5.jpg <-- ABR Website /images/interbike interbike5.jpg
2009.07.31 13:02 B Z:\ABR Website\images\interbike\interbike6.jpg <-- ABR Website /images/interbike interbike6.jpg
2009.07.31 13:02 B Z:\ABR Website\images\interbike\interbike7.jpg <-- ABR Website /images/interbike interbike7.jpg
2009.07.31 13:02 B Z:\ABR Website\images\interbike\interbike8.jpg <-- ABR Website /images/interbike interbike8.jpg
2009.07.31 13:02 B Z:\ABR Website\images\interbike\jimmypistonsdesert.jpg <-- ABR Website /images/interbike jimmypistonsdesert.jpg
2009.07.31 13:02 B Z:\ABR Website\images\interbike\jimmypistonsdesertification.jpg <-- ABR Website /images/interbike jimmypistonsdesertification.jpg
2009.07.31 13:02 B Z:\ABR Website\images\interbike\mikeballswheeliedrop1.jpg <-- ABR Website /images/interbike mikeballswheeliedrop1.jpg
2009.07.31 13:02 B Z:\ABR Website\images\interbike\mikeballswheeliedrop2.jpg <-- ABR Website /images/interbike mikeballswheeliedrop2.jpg
2009.07.31 13:02 B Z:\ABR Website\images\interbike\mikeballswheeliedrop3.jpg <-- ABR Website /images/interbike mikeballswheeliedrop3.jpg
2009.07.31 13:02 B Z:\ABR Website\images\interbike\mikeballswheeliedrop4.jpg <-- ABR Website /images/interbike mikeballswheeliedrop4.jpg
2009.07.31 13:02 B Z:\ABR Website\images\interbike\mikeballswheeliedrop5.jpg <-- ABR Website /images/interbike mikeballswheeliedrop5.jpg
2013.02.15 15:05 B C:\ABR Master Files\ABR Website\images\interbike\aarondesert.jpg <-- ABR Website /images/interbike aarondesert.jpg
2013.02.15 15:05 B C:\ABR Master Files\ABR Website\images\interbike\aaronjimmyinterbike.jpg <-- ABR Website /images/interbike aaronjimmyinterbike.jpg
2013.02.15 15:05 B C:\ABR Master Files\ABR Website\images\interbike\aaronmikeinterbike.jpg <-- ABR Website /images/interbike aaronmikeinterbike.jpg
2013.02.15 15:05 B C:\ABR Master Files\ABR Website\images\interbike\interbike1.jpg <-- ABR Website /images/interbike interbike1.jpg
2013.02.15 15:05 B C:\ABR Master Files\ABR Website\images\interbike\interbike2.jpg <-- ABR Website /images/interbike interbike2.jpg
2013.02.15 15:05 B C:\ABR Master Files\ABR Website\images\interbike\interbike3.jpg <-- ABR Website /images/interbike interbike3.jpg
2013.02.15 15:05 B C:\ABR Master Files\ABR Website\images\interbike\interbike4.jpg <-- ABR Website /images/interbike interbike4.jpg
2013.02.15 15:05 B C:\ABR Master Files\ABR Website\images\interbike\interbike5.jpg <-- ABR Website /images/interbike interbike5.jpg
2013.02.15 15:05 B C:\ABR Master Files\ABR Website\images\interbike\interbike6.jpg <-- ABR Website /images/interbike interbike6.jpg
2013.02.15 15:05 B C:\ABR Master Files\ABR Website\images\interbike\interbike7.jpg <-- ABR Website /images/interbike interbike7.jpg
2013.02.15 15:06 B C:\ABR Master Files\ABR Website\images\interbike\interbike8.jpg <-- ABR Website /images/interbike interbike8.jpg
2013.02.15 15:06 B C:\ABR Master Files\ABR Website\images\interbike\jimmypistonsdesert.jpg <-- ABR Website /images/interbike jimmypistonsdesert.jpg
2013.02.15 15:06 B C:\ABR Master Files\ABR Website\images\interbike\jimmypistonsdesertification.jpg <-- ABR Website /images/interbike jimmypistonsdesertification.jpg
2013.02.15 15:06 B C:\ABR Master Files\ABR Website\images\interbike\mikeballswheeliedrop1.jpg <-- ABR Website /images/interbike mikeballswheeliedrop1.jpg
2013.02.15 15:06 B C:\ABR Master Files\ABR Website\images\interbike\mikeballswheeliedrop2.jpg <-- ABR Website /images/interbike mikeballswheeliedrop2.jpg
2013.02.15 15:06 B C:\ABR Master Files\ABR Website\images\interbike\mikeballswheeliedrop3.jpg <-- ABR Website /images/interbike mikeballswheeliedrop3.jpg
2013.02.15 15:06 B C:\ABR Master Files\ABR Website\images\interbike\mikeballswheeliedrop4.jpg <-- ABR Website /images/interbike mikeballswheeliedrop4.jpg
2013.02.15 15:06 B C:\ABR Master Files\ABR Website\images\interbike\mikeballswheeliedrop5.jpg <-- ABR Website /images/interbike mikeballswheeliedrop5.jpg
