2009.07.31 12:54 B Z:\ABR Website\images\books\anybodys.gif <-- ABR Website /images/books anybodys.gif
2009.07.31 12:54 B Z:\ABR Website\images\books\bicyclemaintenance.gif <-- ABR Website /images/books bicyclemaintenance.gif
2009.07.31 12:54 B Z:\ABR Website\images\books\carfreecities.jpg <-- ABR Website /images/books carfreecities.jpg
2009.07.31 12:54 B Z:\ABR Website\images\books\divorceyourcar.jpg <-- ABR Website /images/books divorceyourcar.jpg
2009.07.31 12:54 B Z:\ABR Website\images\books\ecoeconomy.jpg <-- ABR Website /images/books ecoeconomy.jpg
2009.07.31 12:54 B Z:\ABR Website\images\books\effectivecycling.jpg <-- ABR Website /images/books effectivecycling.jpg
2009.07.31 12:54 B Z:\ABR Website\images\books\endofsuburbia.jpg <-- ABR Website /images/books endofsuburbia.jpg
2009.07.31 12:54 B Z:\ABR Website\images\books\fattirebook.gif <-- ABR Website /images/books fattirebook.gif
2009.07.31 12:54 B Z:\ABR Website\images\books\lancebook.jpg <-- ABR Website /images/books lancebook.jpg
2009.07.31 12:54 B Z:\ABR Website\images\books\longemergency.jpg <-- ABR Website /images/books longemergency.jpg
2009.07.31 12:54 B Z:\ABR Website\images\books\metalcowboy.jpg <-- ABR Website /images/books metalcowboy.jpg
2009.07.31 12:54 B Z:\ABR Website\images\books\parkrepair.jpg <-- ABR Website /images/books parkrepair.jpg
2009.07.31 12:54 B Z:\ABR Website\images\books\powerdown.jpg <-- ABR Website /images/books powerdown.jpg
2009.07.31 12:54 B Z:\ABR Website\images\books\quotablecyclist.gif <-- ABR Website /images/books quotablecyclist.gif
2009.07.31 12:54 B Z:\ABR Website\images\books\stupidwhitemen.jpg <-- ABR Website /images/books stupidwhitemen.jpg
2009.07.31 12:54 B Z:\ABR Website\images\books\sufooddietsuccesssystem.jpg <-- ABR Website /images/books sufooddietsuccesssystem.jpg
2009.07.31 12:54 B Z:\ABR Website\images\books\swwashington.jpg <-- ABR Website /images/books swwashington.jpg
2009.07.31 12:54 B Z:\ABR Website\images\books\thefoodrevolution.jpg <-- ABR Website /images/books thefoodrevolution.jpg
2009.07.31 12:54 B Z:\ABR Website\images\books\themcdougallprogram.jpg <-- ABR Website /images/books themcdougallprogram.jpg
2009.07.31 12:54 B Z:\ABR Website\images\books\thepartysover.jpg <-- ABR Website /images/books thepartysover.jpg
2009.07.31 12:54 B Z:\ABR Website\images\books\theworldwithoutus.jpg <-- ABR Website /images/books theworldwithoutus.jpg
2009.07.31 12:54 B Z:\ABR Website\images\books\urbanbikers.gif <-- ABR Website /images/books urbanbikers.gif
2009.07.31 12:54 B Z:\ABR Website\images\books\zinn.jpg <-- ABR Website /images/books zinn.jpg
2011.10.08 11:22 B Z:\ABR Website\images\books\onbicycles.jpg --> rideyourbike.com /images/books onbicycles.jpg
2011.10.08 11:24 B Z:\ABR Website\images\books\onbicycles.jpg --> rideyourbike.com /images/books onbicycles.jpg
2013.02.15 15:01 B C:\ABR Master Files\ABR Website\images\books\anybodys.gif <-- ABR Website /images/books anybodys.gif
2013.02.15 15:01 B C:\ABR Master Files\ABR Website\images\books\bicyclemaintenance.gif <-- ABR Website /images/books bicyclemaintenance.gif
2013.02.15 15:01 B C:\ABR Master Files\ABR Website\images\books\divorceyourcar.jpg <-- ABR Website /images/books divorceyourcar.jpg
2013.02.15 15:01 B C:\ABR Master Files\ABR Website\images\books\ecoeconomy.jpg <-- ABR Website /images/books ecoeconomy.jpg
2013.02.15 15:01 B C:\ABR Master Files\ABR Website\images\books\effectivecycling.jpg <-- ABR Website /images/books effectivecycling.jpg
2013.02.15 15:01 B C:\ABR Master Files\ABR Website\images\books\endofsuburbia.jpg <-- ABR Website /images/books endofsuburbia.jpg
2013.02.15 15:01 B C:\ABR Master Files\ABR Website\images\books\fattirebook.gif <-- ABR Website /images/books fattirebook.gif
2013.02.15 15:01 B C:\ABR Master Files\ABR Website\images\books\lancebook.jpg <-- ABR Website /images/books lancebook.jpg
2013.02.15 15:01 B C:\ABR Master Files\ABR Website\images\books\longemergency.jpg <-- ABR Website /images/books longemergency.jpg
2013.02.15 15:01 B C:\ABR Master Files\ABR Website\images\books\metalcowboy.jpg <-- ABR Website /images/books metalcowboy.jpg
2013.02.15 15:01 B C:\ABR Master Files\ABR Website\images\books\parkrepair.jpg <-- ABR Website /images/books parkrepair.jpg
2013.02.15 15:01 B C:\ABR Master Files\ABR Website\images\books\powerdown.jpg <-- ABR Website /images/books powerdown.jpg
2013.02.15 15:01 B C:\ABR Master Files\ABR Website\images\books\quotablecyclist.gif <-- ABR Website /images/books quotablecyclist.gif
2013.02.15 15:01 B C:\ABR Master Files\ABR Website\images\books\stupidwhitemen.jpg <-- ABR Website /images/books stupidwhitemen.jpg
2013.02.15 15:01 B C:\ABR Master Files\ABR Website\images\books\sufooddietsuccesssystem.jpg <-- ABR Website /images/books sufooddietsuccesssystem.jpg
2013.02.15 15:01 B C:\ABR Master Files\ABR Website\images\books\swwashington.jpg <-- ABR Website /images/books swwashington.jpg
2013.02.15 15:01 B C:\ABR Master Files\ABR Website\images\books\thefoodrevolution.jpg <-- ABR Website /images/books thefoodrevolution.jpg
2013.02.15 15:01 B C:\ABR Master Files\ABR Website\images\books\themcdougallprogram.jpg <-- ABR Website /images/books themcdougallprogram.jpg
2013.02.15 15:01 B C:\ABR Master Files\ABR Website\images\books\thepartysover.jpg <-- ABR Website /images/books thepartysover.jpg
2013.02.15 15:01 B C:\ABR Master Files\ABR Website\images\books\urbanbikers.gif <-- ABR Website /images/books urbanbikers.gif
2013.02.15 15:01 B C:\ABR Master Files\ABR Website\images\books\zinn.jpg <-- ABR Website /images/books zinn.jpg
