2009.07.31 12:54 B Z:\ABR Website\images\bikeassembly\bbgreased.jpg <-- ABR Website /images/bikeassembly bbgreased.jpg
2009.07.31 12:54 B Z:\ABR Website\images\bikeassembly\bbnotgreased.jpg <-- ABR Website /images/bikeassembly bbnotgreased.jpg
2009.07.31 12:54 B Z:\ABR Website\images\bikeassembly\bbthreadsafter.jpg <-- ABR Website /images/bikeassembly bbthreadsafter.jpg
2009.07.31 12:54 B Z:\ABR Website\images\bikeassembly\bbthreadsbefore.jpg <-- ABR Website /images/bikeassembly bbthreadsbefore.jpg
2009.07.31 12:54 B Z:\ABR Website\images\bikeassembly\freewheelthreadsafter.jpg <-- ABR Website /images/bikeassembly freewheelthreadsafter.jpg
2009.07.31 12:54 B Z:\ABR Website\images\bikeassembly\freewheelthreadsbefore.jpg <-- ABR Website /images/bikeassembly freewheelthreadsbefore.jpg
2009.07.31 12:54 B Z:\ABR Website\images\bikeassembly\greasebolts.jpg <-- ABR Website /images/bikeassembly greasebolts.jpg
2009.07.31 12:54 B Z:\ABR Website\images\bikeassembly\greasesteertube.jpg <-- ABR Website /images/bikeassembly greasesteertube.jpg
2009.07.31 12:54 B Z:\ABR Website\images\bikeassembly\headsetafter.jpg <-- ABR Website /images/bikeassembly headsetafter.jpg
2009.07.31 12:54 B Z:\ABR Website\images\bikeassembly\headsetbefore.jpg <-- ABR Website /images/bikeassembly headsetbefore.jpg
2009.07.31 12:54 B Z:\ABR Website\images\bikeassembly\hubgreased.jpg <-- ABR Website /images/bikeassembly hubgreased.jpg
2009.07.31 12:54 B Z:\ABR Website\images\bikeassembly\hubnotgreased.jpg <-- ABR Website /images/bikeassembly hubnotgreased.jpg
2009.07.31 12:54 B Z:\ABR Website\images\bikeassembly\oilfreewheel.jpg <-- ABR Website /images/bikeassembly oilfreewheel.jpg
2009.07.31 12:54 B Z:\ABR Website\images\bikeassembly\rimstrip.jpg <-- ABR Website /images/bikeassembly rimstrip.jpg
2009.07.31 12:54 B Z:\ABR Website\images\bikeassembly\rimstrip2.jpg <-- ABR Website /images/bikeassembly rimstrip2.jpg
2009.07.31 12:54 B Z:\ABR Website\images\bikeassembly\rustybb.jpg <-- ABR Website /images/bikeassembly rustybb.jpg
2009.07.31 12:54 B Z:\ABR Website\images\bikeassembly\rustystarnut.jpg <-- ABR Website /images/bikeassembly rustystarnut.jpg
2009.07.31 12:54 B Z:\ABR Website\images\bikeassembly\rustystem.jpg <-- ABR Website /images/bikeassembly rustystem.jpg
2009.07.31 12:54 B Z:\ABR Website\images\bikeassembly\shockbearing.jpg <-- ABR Website /images/bikeassembly shockbearing.jpg
2009.07.31 12:54 B Z:\ABR Website\images\bikeassembly\shockbearinggrease.jpg <-- ABR Website /images/bikeassembly shockbearinggrease.jpg
2009.07.31 12:54 B Z:\ABR Website\images\bikeassembly\speedplayfrogafter.jpg <-- ABR Website /images/bikeassembly speedplayfrogafter.jpg
2009.07.31 12:54 B Z:\ABR Website\images\bikeassembly\speedplayfrogbefore.jpg <-- ABR Website /images/bikeassembly speedplayfrogbefore.jpg
2009.07.31 12:54 B Z:\ABR Website\images\bikeassembly\velox.jpg <-- ABR Website /images/bikeassembly velox.jpg
2009.07.31 12:54 B Z:\ABR Website\images\bikeassembly\xtrbbgreased.jpg <-- ABR Website /images/bikeassembly xtrbbgreased.jpg
2009.07.31 12:54 B Z:\ABR Website\images\bikeassembly\xtrbbnotgreased.jpg <-- ABR Website /images/bikeassembly xtrbbnotgreased.jpg
2013.02.15 15:00 B C:\ABR Master Files\ABR Website\images\bikeassembly\bbgreased.jpg <-- ABR Website /images/bikeassembly bbgreased.jpg
2013.02.15 15:00 B C:\ABR Master Files\ABR Website\images\bikeassembly\bbnotgreased.jpg <-- ABR Website /images/bikeassembly bbnotgreased.jpg
2013.02.15 15:00 B C:\ABR Master Files\ABR Website\images\bikeassembly\bbthreadsafter.jpg <-- ABR Website /images/bikeassembly bbthreadsafter.jpg
2013.02.15 15:00 B C:\ABR Master Files\ABR Website\images\bikeassembly\bbthreadsbefore.jpg <-- ABR Website /images/bikeassembly bbthreadsbefore.jpg
2013.02.15 15:00 B C:\ABR Master Files\ABR Website\images\bikeassembly\freewheelthreadsafter.jpg <-- ABR Website /images/bikeassembly freewheelthreadsafter.jpg
2013.02.15 15:00 B C:\ABR Master Files\ABR Website\images\bikeassembly\freewheelthreadsbefore.jpg <-- ABR Website /images/bikeassembly freewheelthreadsbefore.jpg
2013.02.15 15:00 B C:\ABR Master Files\ABR Website\images\bikeassembly\greasebolts.jpg <-- ABR Website /images/bikeassembly greasebolts.jpg
2013.02.15 15:00 B C:\ABR Master Files\ABR Website\images\bikeassembly\greasesteertube.jpg <-- ABR Website /images/bikeassembly greasesteertube.jpg
2013.02.15 15:00 B C:\ABR Master Files\ABR Website\images\bikeassembly\headsetafter.jpg <-- ABR Website /images/bikeassembly headsetafter.jpg
2013.02.15 15:00 B C:\ABR Master Files\ABR Website\images\bikeassembly\headsetbefore.jpg <-- ABR Website /images/bikeassembly headsetbefore.jpg
2013.02.15 15:00 B C:\ABR Master Files\ABR Website\images\bikeassembly\hubgreased.jpg <-- ABR Website /images/bikeassembly hubgreased.jpg
2013.02.15 15:00 B C:\ABR Master Files\ABR Website\images\bikeassembly\hubnotgreased.jpg <-- ABR Website /images/bikeassembly hubnotgreased.jpg
2013.02.15 15:00 B C:\ABR Master Files\ABR Website\images\bikeassembly\oilfreewheel.jpg <-- ABR Website /images/bikeassembly oilfreewheel.jpg
2013.02.15 15:00 B C:\ABR Master Files\ABR Website\images\bikeassembly\rimstrip.jpg <-- ABR Website /images/bikeassembly rimstrip.jpg
2013.02.15 15:00 B C:\ABR Master Files\ABR Website\images\bikeassembly\rimstrip2.jpg <-- ABR Website /images/bikeassembly rimstrip2.jpg
2013.02.15 15:00 B C:\ABR Master Files\ABR Website\images\bikeassembly\rustybb.jpg <-- ABR Website /images/bikeassembly rustybb.jpg
2013.02.15 15:00 B C:\ABR Master Files\ABR Website\images\bikeassembly\rustystarnut.jpg <-- ABR Website /images/bikeassembly rustystarnut.jpg
2013.02.15 15:00 B C:\ABR Master Files\ABR Website\images\bikeassembly\rustystem.jpg <-- ABR Website /images/bikeassembly rustystem.jpg
2013.02.15 15:00 B C:\ABR Master Files\ABR Website\images\bikeassembly\shockbearing.jpg <-- ABR Website /images/bikeassembly shockbearing.jpg
2013.02.15 15:00 B C:\ABR Master Files\ABR Website\images\bikeassembly\shockbearinggrease.jpg <-- ABR Website /images/bikeassembly shockbearinggrease.jpg
2013.02.15 15:00 B C:\ABR Master Files\ABR Website\images\bikeassembly\speedplayfrogafter.jpg <-- ABR Website /images/bikeassembly speedplayfrogafter.jpg
2013.02.15 15:00 B C:\ABR Master Files\ABR Website\images\bikeassembly\speedplayfrogbefore.jpg <-- ABR Website /images/bikeassembly speedplayfrogbefore.jpg
2013.02.15 15:00 B C:\ABR Master Files\ABR Website\images\bikeassembly\velox.jpg <-- ABR Website /images/bikeassembly velox.jpg
2013.02.15 15:00 B C:\ABR Master Files\ABR Website\images\bikeassembly\xtrbbgreased.jpg <-- ABR Website /images/bikeassembly xtrbbgreased.jpg
2013.02.15 15:00 B C:\ABR Master Files\ABR Website\images\bikeassembly\xtrbbnotgreased.jpg <-- ABR Website /images/bikeassembly xtrbbnotgreased.jpg
