2009.07.31 12:52 B Z:\ABR Website\images\baby\aaronandbraxtonmarch2002.jpg <-- ABR Website /images/baby aaronandbraxtonmarch2002.jpg
2009.07.31 12:52 B Z:\ABR Website\images\baby\aaronandbraxtonmarch2002thumb.jpg <-- ABR Website /images/baby aaronandbraxtonmarch2002thumb.jpg
2009.07.31 12:52 B Z:\ABR Website\images\baby\benchtounges.jpg <-- ABR Website /images/baby benchtounges.jpg
2009.07.31 12:52 B Z:\ABR Website\images\baby\benchtoungesthumb.jpg <-- ABR Website /images/baby benchtoungesthumb.jpg
2009.07.31 12:52 B Z:\ABR Website\images\baby\braxton1.jpg <-- ABR Website /images/baby braxton1.jpg
2009.07.31 12:52 B Z:\ABR Website\images\baby\braxton1thumb.jpg <-- ABR Website /images/baby braxton1thumb.jpg
2009.07.31 12:52 B Z:\ABR Website\images\baby\braxtonandshifters.jpg <-- ABR Website /images/baby braxtonandshifters.jpg
2009.07.31 12:52 B Z:\ABR Website\images\baby\braxtonandshiftersthumb.jpg <-- ABR Website /images/baby braxtonandshiftersthumb.jpg
2009.07.31 12:52 B Z:\ABR Website\images\baby\braxtongrumpy.jpg <-- ABR Website /images/baby braxtongrumpy.jpg
2009.07.31 12:52 B Z:\ABR Website\images\baby\braxtonhands.jpg <-- ABR Website /images/baby braxtonhands.jpg
2009.07.31 12:52 B Z:\ABR Website\images\baby\braxtonhandsthumb.jpg <-- ABR Website /images/baby braxtonhandsthumb.jpg
2009.07.31 12:52 B Z:\ABR Website\images\baby\braxtononaaronsbench.jpg <-- ABR Website /images/baby braxtononaaronsbench.jpg
2009.07.31 12:52 B Z:\ABR Website\images\baby\braxtononaaronsbenchthumb.jpg <-- ABR Website /images/baby braxtononaaronsbenchthumb.jpg
2009.07.31 12:52 B Z:\ABR Website\images\baby\braxtonraincoat3.jpg <-- ABR Website /images/baby braxtonraincoat3.jpg
2009.07.31 12:52 B Z:\ABR Website\images\baby\braxtonraincoat3thumb.jpg <-- ABR Website /images/baby braxtonraincoat3thumb.jpg
2009.07.31 12:52 B Z:\ABR Website\images\baby\braxtonraincoat6.jpg <-- ABR Website /images/baby braxtonraincoat6.jpg
2009.07.31 12:52 B Z:\ABR Website\images\baby\braxtonraincoat6thumb.jpg <-- ABR Website /images/baby braxtonraincoat6thumb.jpg
2009.07.31 12:52 B Z:\ABR Website\images\baby\braxtonraincoat7.jpg <-- ABR Website /images/baby braxtonraincoat7.jpg
2009.07.31 12:52 B Z:\ABR Website\images\baby\braxtonraincoat7thumb.jpg <-- ABR Website /images/baby braxtonraincoat7thumb.jpg
2009.07.31 12:52 B Z:\ABR Website\images\baby\braxtonrogerkathietorch.jpg <-- ABR Website /images/baby braxtonrogerkathietorch.jpg
2009.07.31 12:52 B Z:\ABR Website\images\baby\braxtonrogerkathietorchthumb.jpg <-- ABR Website /images/baby braxtonrogerkathietorchthumb.jpg
2009.07.31 12:52 B Z:\ABR Website\images\baby\braxtontools1.jpg <-- ABR Website /images/baby braxtontools1.jpg
2009.07.31 12:52 B Z:\ABR Website\images\baby\braxtontools1thumb.jpg <-- ABR Website /images/baby braxtontools1thumb.jpg
2009.07.31 12:52 B Z:\ABR Website\images\baby\braxtontrikehilo.jpg <-- ABR Website /images/baby braxtontrikehilo.jpg
2009.07.31 12:52 B Z:\ABR Website\images\baby\braxtontrikehilothumb.jpg <-- ABR Website /images/baby braxtontrikehilothumb.jpg
2009.07.31 12:52 B Z:\ABR Website\images\baby\braxtonxtracycle.jpg <-- ABR Website /images/baby braxtonxtracycle.jpg
2009.07.31 12:52 B Z:\ABR Website\images\baby\braxtonxtracyclethumb.jpg <-- ABR Website /images/baby braxtonxtracyclethumb.jpg
2009.07.31 12:52 B Z:\ABR Website\images\baby\drinkmenu.jpg <-- ABR Website /images/baby drinkmenu.jpg
2009.07.31 12:52 B Z:\ABR Website\images\baby\drinkmenuthumb.jpg <-- ABR Website /images/baby drinkmenuthumb.jpg
2009.07.31 12:52 B Z:\ABR Website\images\baby\driverseatbraxton.jpg <-- ABR Website /images/baby driverseatbraxton.jpg
2009.07.31 12:52 B Z:\ABR Website\images\baby\driverseatbraxtonthumb.jpg <-- ABR Website /images/baby driverseatbraxtonthumb.jpg
2009.07.31 12:52 B Z:\ABR Website\images\baby\familyquilt.jpg <-- ABR Website /images/baby familyquilt.jpg
2009.07.31 12:52 B Z:\ABR Website\images\baby\familyquiltthumb.jpg <-- ABR Website /images/baby familyquiltthumb.jpg
2009.07.31 12:52 B Z:\ABR Website\images\baby\gypsiegardenthumb.jpg <-- ABR Website /images/baby gypsiegardenthumb.jpg
2009.07.31 12:52 B Z:\ABR Website\images\baby\gypsiequincygardenthumb.jpg <-- ABR Website /images/baby gypsiequincygardenthumb.jpg
2009.07.31 12:52 B Z:\ABR Website\images\baby\haircut4.jpg <-- ABR Website /images/baby haircut4.jpg
2009.07.31 12:53 B Z:\ABR Website\images\baby\haircut4thumb.jpg <-- ABR Website /images/baby haircut4thumb.jpg
2009.07.31 12:53 B Z:\ABR Website\images\baby\haircut5.jpg <-- ABR Website /images/baby haircut5.jpg
2009.07.31 12:53 B Z:\ABR Website\images\baby\haircut5thumb.jpg <-- ABR Website /images/baby haircut5thumb.jpg
2009.07.31 12:53 B Z:\ABR Website\images\baby\madsuperman.jpg <-- ABR Website /images/baby madsuperman.jpg
2009.07.31 12:53 B Z:\ABR Website\images\baby\madsupermanthumb.jpg <-- ABR Website /images/baby madsupermanthumb.jpg
2009.07.31 12:53 B Z:\ABR Website\images\baby\momanddadthumb.jpg <-- ABR Website /images/baby momanddadthumb.jpg
2009.07.31 12:53 B Z:\ABR Website\images\baby\orangemouth.jpg <-- ABR Website /images/baby orangemouth.jpg
2009.07.31 12:53 B Z:\ABR Website\images\baby\orangemouththumb.jpg <-- ABR Website /images/baby orangemouththumb.jpg
2009.07.31 12:53 B Z:\ABR Website\images\baby\rockstand.jpg <-- ABR Website /images/baby rockstand.jpg
2009.07.31 12:53 B Z:\ABR Website\images\baby\rockstandthumb.jpg <-- ABR Website /images/baby rockstandthumb.jpg
2009.07.31 12:53 B Z:\ABR Website\images\baby\sandboxbraxtoncole.jpg <-- ABR Website /images/baby sandboxbraxtoncole.jpg
2009.07.31 12:53 B Z:\ABR Website\images\baby\sandboxbraxtoncolethumb.jpg <-- ABR Website /images/baby sandboxbraxtoncolethumb.jpg
2009.07.31 12:53 B Z:\ABR Website\images\baby\thruwheel.jpg <-- ABR Website /images/baby thruwheel.jpg
2009.07.31 12:53 B Z:\ABR Website\images\baby\thruwheelthumb.jpg <-- ABR Website /images/baby thruwheelthumb.jpg
2009.07.31 12:53 B Z:\ABR Website\images\baby\turningcrank.jpg <-- ABR Website /images/baby turningcrank.jpg
2009.07.31 12:53 B Z:\ABR Website\images\baby\turningcrankthumb.jpg <-- ABR Website /images/baby turningcrankthumb.jpg
2009.07.31 12:53 B Z:\ABR Website\images\baby\x.jpg <-- ABR Website /images/baby x.jpg
2009.07.31 12:53 B Z:\ABR Website\images\baby\xthumb.jpg <-- ABR Website /images/baby xthumb.jpg
2009.07.31 12:53 B Z:\ABR Website\images\baby\xtracyclesinfrontofshop4.jpg <-- ABR Website /images/baby xtracyclesinfrontofshop4.jpg
2009.07.31 12:53 B Z:\ABR Website\images\baby\xtracyclesinfrontofshop4thumb.jpg <-- ABR Website /images/baby xtracyclesinfrontofshop4thumb.jpg
2013.02.15 14:59 B C:\ABR Master Files\ABR Website\images\baby\aaronandbraxtonmarch2002.jpg <-- ABR Website /images/baby aaronandbraxtonmarch2002.jpg
2013.02.15 14:59 B C:\ABR Master Files\ABR Website\images\baby\aaronandbraxtonmarch2002thumb.jpg <-- ABR Website /images/baby aaronandbraxtonmarch2002thumb.jpg
2013.02.15 14:59 B C:\ABR Master Files\ABR Website\images\baby\benchtounges.jpg <-- ABR Website /images/baby benchtounges.jpg
2013.02.15 14:59 B C:\ABR Master Files\ABR Website\images\baby\benchtoungesthumb.jpg <-- ABR Website /images/baby benchtoungesthumb.jpg
2013.02.15 14:59 B C:\ABR Master Files\ABR Website\images\baby\braxton1.jpg <-- ABR Website /images/baby braxton1.jpg
2013.02.15 14:59 B C:\ABR Master Files\ABR Website\images\baby\braxton1thumb.jpg <-- ABR Website /images/baby braxton1thumb.jpg
2013.02.15 14:59 B C:\ABR Master Files\ABR Website\images\baby\braxtonandshifters.jpg <-- ABR Website /images/baby braxtonandshifters.jpg
2013.02.15 14:59 B C:\ABR Master Files\ABR Website\images\baby\braxtonandshiftersthumb.jpg <-- ABR Website /images/baby braxtonandshiftersthumb.jpg
2013.02.15 14:59 B C:\ABR Master Files\ABR Website\images\baby\braxtongrumpy.jpg <-- ABR Website /images/baby braxtongrumpy.jpg
2013.02.15 14:59 B C:\ABR Master Files\ABR Website\images\baby\braxtonhands.jpg <-- ABR Website /images/baby braxtonhands.jpg
2013.02.15 14:59 B C:\ABR Master Files\ABR Website\images\baby\braxtonhandsthumb.jpg <-- ABR Website /images/baby braxtonhandsthumb.jpg
2013.02.15 14:59 B C:\ABR Master Files\ABR Website\images\baby\braxtononaaronsbench.jpg <-- ABR Website /images/baby braxtononaaronsbench.jpg
2013.02.15 14:59 B C:\ABR Master Files\ABR Website\images\baby\braxtononaaronsbenchthumb.jpg <-- ABR Website /images/baby braxtononaaronsbenchthumb.jpg
2013.02.15 14:59 B C:\ABR Master Files\ABR Website\images\baby\braxtonraincoat3.jpg <-- ABR Website /images/baby braxtonraincoat3.jpg
2013.02.15 14:59 B C:\ABR Master Files\ABR Website\images\baby\braxtonraincoat3thumb.jpg <-- ABR Website /images/baby braxtonraincoat3thumb.jpg
2013.02.15 14:59 B C:\ABR Master Files\ABR Website\images\baby\braxtonraincoat6.jpg <-- ABR Website /images/baby braxtonraincoat6.jpg
2013.02.15 14:59 B C:\ABR Master Files\ABR Website\images\baby\braxtonraincoat6thumb.jpg <-- ABR Website /images/baby braxtonraincoat6thumb.jpg
2013.02.15 14:59 B C:\ABR Master Files\ABR Website\images\baby\braxtonraincoat7.jpg <-- ABR Website /images/baby braxtonraincoat7.jpg
2013.02.15 14:59 B C:\ABR Master Files\ABR Website\images\baby\braxtonraincoat7thumb.jpg <-- ABR Website /images/baby braxtonraincoat7thumb.jpg
2013.02.15 14:59 B C:\ABR Master Files\ABR Website\images\baby\braxtonrogerkathietorch.jpg <-- ABR Website /images/baby braxtonrogerkathietorch.jpg
2013.02.15 14:59 B C:\ABR Master Files\ABR Website\images\baby\braxtonrogerkathietorchthumb.jpg <-- ABR Website /images/baby braxtonrogerkathietorchthumb.jpg
2013.02.15 14:59 B C:\ABR Master Files\ABR Website\images\baby\braxtontools1.jpg <-- ABR Website /images/baby braxtontools1.jpg
2013.02.15 15:00 B C:\ABR Master Files\ABR Website\images\baby\braxtontools1thumb.jpg <-- ABR Website /images/baby braxtontools1thumb.jpg
2013.02.15 15:00 B C:\ABR Master Files\ABR Website\images\baby\braxtontrikehilo.jpg <-- ABR Website /images/baby braxtontrikehilo.jpg
2013.02.15 15:00 B C:\ABR Master Files\ABR Website\images\baby\braxtontrikehilothumb.jpg <-- ABR Website /images/baby braxtontrikehilothumb.jpg
2013.02.15 15:00 B C:\ABR Master Files\ABR Website\images\baby\braxtonxtracycle.jpg <-- ABR Website /images/baby braxtonxtracycle.jpg
2013.02.15 15:00 B C:\ABR Master Files\ABR Website\images\baby\braxtonxtracyclethumb.jpg <-- ABR Website /images/baby braxtonxtracyclethumb.jpg
2013.02.15 15:00 B C:\ABR Master Files\ABR Website\images\baby\drinkmenu.jpg <-- ABR Website /images/baby drinkmenu.jpg
2013.02.15 15:00 B C:\ABR Master Files\ABR Website\images\baby\drinkmenuthumb.jpg <-- ABR Website /images/baby drinkmenuthumb.jpg
2013.02.15 15:00 B C:\ABR Master Files\ABR Website\images\baby\driverseatbraxton.jpg <-- ABR Website /images/baby driverseatbraxton.jpg
2013.02.15 15:00 B C:\ABR Master Files\ABR Website\images\baby\driverseatbraxtonthumb.jpg <-- ABR Website /images/baby driverseatbraxtonthumb.jpg
2013.02.15 15:00 B C:\ABR Master Files\ABR Website\images\baby\familyquilt.jpg <-- ABR Website /images/baby familyquilt.jpg
2013.02.15 15:00 B C:\ABR Master Files\ABR Website\images\baby\familyquiltthumb.jpg <-- ABR Website /images/baby familyquiltthumb.jpg
2013.02.15 15:00 B C:\ABR Master Files\ABR Website\images\baby\gypsiegardenthumb.jpg <-- ABR Website /images/baby gypsiegardenthumb.jpg
2013.02.15 15:00 B C:\ABR Master Files\ABR Website\images\baby\gypsiequincygardenthumb.jpg <-- ABR Website /images/baby gypsiequincygardenthumb.jpg
2013.02.15 15:00 B C:\ABR Master Files\ABR Website\images\baby\haircut4.jpg <-- ABR Website /images/baby haircut4.jpg
2013.02.15 15:00 B C:\ABR Master Files\ABR Website\images\baby\haircut4thumb.jpg <-- ABR Website /images/baby haircut4thumb.jpg
2013.02.15 15:00 B C:\ABR Master Files\ABR Website\images\baby\haircut5.jpg <-- ABR Website /images/baby haircut5.jpg
2013.02.15 15:00 B C:\ABR Master Files\ABR Website\images\baby\haircut5thumb.jpg <-- ABR Website /images/baby haircut5thumb.jpg
2013.02.15 15:00 B C:\ABR Master Files\ABR Website\images\baby\madsuperman.jpg <-- ABR Website /images/baby madsuperman.jpg
2013.02.15 15:00 B C:\ABR Master Files\ABR Website\images\baby\madsupermanthumb.jpg <-- ABR Website /images/baby madsupermanthumb.jpg
2013.02.15 15:00 B C:\ABR Master Files\ABR Website\images\baby\momanddadthumb.jpg <-- ABR Website /images/baby momanddadthumb.jpg
2013.02.15 15:00 B C:\ABR Master Files\ABR Website\images\baby\orangemouth.jpg <-- ABR Website /images/baby orangemouth.jpg
2013.02.15 15:00 B C:\ABR Master Files\ABR Website\images\baby\orangemouththumb.jpg <-- ABR Website /images/baby orangemouththumb.jpg
2013.02.15 15:00 B C:\ABR Master Files\ABR Website\images\baby\rockstand.jpg <-- ABR Website /images/baby rockstand.jpg
2013.02.15 15:00 B C:\ABR Master Files\ABR Website\images\baby\rockstandthumb.jpg <-- ABR Website /images/baby rockstandthumb.jpg
2013.02.15 15:00 B C:\ABR Master Files\ABR Website\images\baby\sandboxbraxtoncole.jpg <-- ABR Website /images/baby sandboxbraxtoncole.jpg
2013.02.15 15:00 B C:\ABR Master Files\ABR Website\images\baby\sandboxbraxtoncolethumb.jpg <-- ABR Website /images/baby sandboxbraxtoncolethumb.jpg
2013.02.15 15:00 B C:\ABR Master Files\ABR Website\images\baby\thruwheel.jpg <-- ABR Website /images/baby thruwheel.jpg
2013.02.15 15:00 B C:\ABR Master Files\ABR Website\images\baby\thruwheelthumb.jpg <-- ABR Website /images/baby thruwheelthumb.jpg
2013.02.15 15:00 B C:\ABR Master Files\ABR Website\images\baby\turningcrank.jpg <-- ABR Website /images/baby turningcrank.jpg
2013.02.15 15:00 B C:\ABR Master Files\ABR Website\images\baby\turningcrankthumb.jpg <-- ABR Website /images/baby turningcrankthumb.jpg
2013.02.15 15:00 B C:\ABR Master Files\ABR Website\images\baby\x.jpg <-- ABR Website /images/baby x.jpg
2013.02.15 15:00 B C:\ABR Master Files\ABR Website\images\baby\xthumb.jpg <-- ABR Website /images/baby xthumb.jpg
2013.02.15 15:00 B C:\ABR Master Files\ABR Website\images\baby\xtracyclesinfrontofshop4.jpg <-- ABR Website /images/baby xtracyclesinfrontofshop4.jpg
2013.02.15 15:00 B C:\ABR Master Files\ABR Website\images\baby\xtracyclesinfrontofshop4thumb.jpg <-- ABR Website /images/baby xtracyclesinfrontofshop4thumb.jpg
