2009.07.31 13:07 B Z:\ABR Website\images\tapeworm2\aaron1.jpg <-- ABR Website /images/tapeworm2 aaron1.jpg
2009.07.31 13:07 B Z:\ABR Website\images\tapeworm2\aaron2.jpg <-- ABR Website /images/tapeworm2 aaron2.jpg
2009.07.31 13:07 B Z:\ABR Website\images\tapeworm2\aaron3.jpg <-- ABR Website /images/tapeworm2 aaron3.jpg
2009.07.31 13:07 B Z:\ABR Website\images\tapeworm2\aaron4.jpg <-- ABR Website /images/tapeworm2 aaron4.jpg
2009.07.31 13:07 B Z:\ABR Website\images\tapeworm2\aaron5.jpg <-- ABR Website /images/tapeworm2 aaron5.jpg
2009.07.31 13:07 B Z:\ABR Website\images\tapeworm2\aaronwheeliedrop.jpg <-- ABR Website /images/tapeworm2 aaronwheeliedrop.jpg
2009.07.31 13:07 B Z:\ABR Website\images\tapeworm2\aaronwheeliedrop2.jpg <-- ABR Website /images/tapeworm2 aaronwheeliedrop2.jpg
2009.07.31 13:07 B Z:\ABR Website\images\tapeworm2\aaronzoolander.jpg <-- ABR Website /images/tapeworm2 aaronzoolander.jpg
2009.07.31 13:07 B Z:\ABR Website\images\tapeworm2\mike1.jpg <-- ABR Website /images/tapeworm2 mike1.jpg
2009.07.31 13:07 B Z:\ABR Website\images\tapeworm2\mike2.jpg <-- ABR Website /images/tapeworm2 mike2.jpg
2009.07.31 13:07 B Z:\ABR Website\images\tapeworm2\mikelogride1.jpg <-- ABR Website /images/tapeworm2 mikelogride1.jpg
2009.07.31 13:07 B Z:\ABR Website\images\tapeworm2\mikelogride2.jpg <-- ABR Website /images/tapeworm2 mikelogride2.jpg
2009.07.31 13:07 B Z:\ABR Website\images\tapeworm2\mikelogride3.jpg <-- ABR Website /images/tapeworm2 mikelogride3.jpg
2009.07.31 13:07 B Z:\ABR Website\images\tapeworm2\mikelogride4.jpg <-- ABR Website /images/tapeworm2 mikelogride4.jpg
2009.07.31 13:07 B Z:\ABR Website\images\tapeworm2\mikelogride6.jpg <-- ABR Website /images/tapeworm2 mikelogride6.jpg
2009.07.31 13:07 B Z:\ABR Website\images\tapeworm2\mikelogride7.jpg <-- ABR Website /images/tapeworm2 mikelogride7.jpg
2009.07.31 13:07 B Z:\ABR Website\images\tapeworm2\mikelogride8.jpg <-- ABR Website /images/tapeworm2 mikelogride8.jpg
2009.07.31 13:07 B Z:\ABR Website\images\tapeworm2\mikelogride9.jpg <-- ABR Website /images/tapeworm2 mikelogride9.jpg
2009.07.31 13:07 B Z:\ABR Website\images\tapeworm2\octopus.jpg <-- ABR Website /images/tapeworm2 octopus.jpg
2009.07.31 13:07 B Z:\ABR Website\images\tapeworm2\springbanner.jpg <-- ABR Website /images/tapeworm2 springbanner.jpg
