2009.07.31 13:06 B Z:\ABR Website\images\staff\aaronbikestationtools.jpg <-- ABR Website /images/staff aaronbikestationtools.jpg
2009.07.31 13:06 B Z:\ABR Website\images\staff\aaronbikestationtoolsthumb.jpg <-- ABR Website /images/staff aaronbikestationtoolsthumb.jpg
2009.07.31 13:06 B Z:\ABR Website\images\staff\aaronbleriot.jpg <-- ABR Website /images/staff aaronbleriot.jpg
2009.07.31 13:06 B Z:\ABR Website\images\staff\aarontools.jpeg <-- ABR Website /images/staff aarontools.jpeg
2009.07.31 13:06 B Z:\ABR Website\images\staff\aarontools.jpg <-- ABR Website /images/staff aarontools.jpg
2009.07.31 13:06 B Z:\ABR Website\images\staff\aarontoolsthumb.jpg <-- ABR Website /images/staff aarontoolsthumb.jpg
2009.07.31 13:06 B Z:\ABR Website\images\staff\allytools.jpg <-- ABR Website /images/staff allytools.jpg
2009.07.31 13:06 B Z:\ABR Website\images\staff\allytoolsthumb.jpg <-- ABR Website /images/staff allytoolsthumb.jpg
2009.07.31 13:06 B Z:\ABR Website\images\staff\bentools.jpg <-- ABR Website /images/staff bentools.jpg
2009.07.31 13:06 B Z:\ABR Website\images\staff\bentoolsthumb.jpg <-- ABR Website /images/staff bentoolsthumb.jpg
2009.07.31 13:06 B Z:\ABR Website\images\staff\braxtontools.jpg <-- ABR Website /images/staff braxtontools.jpg
2009.07.31 13:06 B Z:\ABR Website\images\staff\braxtontoolsthumb.jpg <-- ABR Website /images/staff braxtontoolsthumb.jpg
2009.07.31 13:06 B Z:\ABR Website\images\staff\catsonfloor.jpg <-- ABR Website /images/staff catsonfloor.jpg
2009.07.31 13:06 B Z:\ABR Website\images\staff\chickenhead.jpg <-- ABR Website /images/staff chickenhead.jpg
2009.07.31 13:06 B Z:\ABR Website\images\staff\clarkkent.jpg <-- ABR Website /images/staff clarkkent.jpg
2009.07.31 13:06 B Z:\ABR Website\images\staff\currentaaron.jpg <-- ABR Website /images/staff currentaaron.jpg
2009.07.31 13:06 B Z:\ABR Website\images\staff\currentben.jpg <-- ABR Website /images/staff currentben.jpg
2009.07.31 13:06 B Z:\ABR Website\images\staff\currentgregg.jpg <-- ABR Website /images/staff currentgregg.jpg
2009.07.31 13:06 B Z:\ABR Website\images\staff\currentgregg2.jpg <-- ABR Website /images/staff currentgregg2.jpg
2009.07.31 13:06 B Z:\ABR Website\images\staff\currentgregg3.jpg <-- ABR Website /images/staff currentgregg3.jpg
2009.07.31 13:06 B Z:\ABR Website\images\staff\currentgypsie.jpg <-- ABR Website /images/staff currentgypsie.jpg
2009.07.31 13:06 B Z:\ABR Website\images\staff\currentmike.jpg <-- ABR Website /images/staff currentmike.jpg
2009.07.31 13:06 B Z:\ABR Website\images\staff\currentsawyer.jpg <-- ABR Website /images/staff currentsawyer.jpg
2009.07.31 13:06 B Z:\ABR Website\images\staff\greggtools.jpg <-- ABR Website /images/staff greggtools.jpg
2009.07.31 13:06 B Z:\ABR Website\images\staff\greggtoolsthumb.jpg <-- ABR Website /images/staff greggtoolsthumb.jpg
2009.07.31 13:06 B Z:\ABR Website\images\staff\greggxtracycle.jpg <-- ABR Website /images/staff greggxtracycle.jpg
2009.07.31 13:06 B Z:\ABR Website\images\staff\gusmohawk.jpg <-- ABR Website /images/staff gusmohawk.jpg
2009.07.31 13:06 B Z:\ABR Website\images\staff\gypsiextracycleflowers.jpg <-- ABR Website /images/staff gypsiextracycleflowers.jpg
2009.07.31 13:06 B Z:\ABR Website\images\staff\helpwanted.jpg <-- ABR Website /images/staff helpwanted.jpg
2009.07.31 13:06 B Z:\ABR Website\images\staff\jordantools.jpg <-- ABR Website /images/staff jordantools.jpg
2009.07.31 13:06 B Z:\ABR Website\images\staff\jordantoolsthumb.jpg <-- ABR Website /images/staff jordantoolsthumb.jpg
2009.07.31 13:06 B Z:\ABR Website\images\staff\maxtools.jpg <-- ABR Website /images/staff maxtools.jpg
2009.07.31 13:06 B Z:\ABR Website\images\staff\maxtoolsthumb.jpg <-- ABR Website /images/staff maxtoolsthumb.jpg
2009.07.31 13:06 B Z:\ABR Website\images\staff\mikeytools.jpg <-- ABR Website /images/staff mikeytools.jpg
2009.07.31 13:06 B Z:\ABR Website\images\staff\mikeytoolsthumb.jpg <-- ABR Website /images/staff mikeytoolsthumb.jpg
2009.07.31 13:06 B Z:\ABR Website\images\staff\newaaronandgypsiehaircuts.jpg <-- ABR Website /images/staff newaaronandgypsiehaircuts.jpg
2009.07.31 13:06 B Z:\ABR Website\images\staff\presta1.jpg <-- ABR Website /images/staff presta1.jpg
2009.07.31 13:06 B Z:\ABR Website\images\staff\presta2.jpg <-- ABR Website /images/staff presta2.jpg
2009.07.31 13:06 B Z:\ABR Website\images\staff\presta3.jpg <-- ABR Website /images/staff presta3.jpg
2009.07.31 13:06 B Z:\ABR Website\images\staff\presta4.jpg <-- ABR Website /images/staff presta4.jpg
2009.07.31 13:06 B Z:\ABR Website\images\staff\presta5.jpg <-- ABR Website /images/staff presta5.jpg
2009.07.31 13:06 B Z:\ABR Website\images\staff\prestaschraderwagon.jpg <-- ABR Website /images/staff prestaschraderwagon.jpg
2009.07.31 13:06 B Z:\ABR Website\images\staff\prestaschraderwagon2.jpg <-- ABR Website /images/staff prestaschraderwagon2.jpg
2009.07.31 13:06 B Z:\ABR Website\images\staff\pumpkinschrader.jpg <-- ABR Website /images/staff pumpkinschrader.jpg
2009.07.31 13:06 B Z:\ABR Website\images\staff\quincylost.jpg <-- ABR Website /images/staff quincylost.jpg
2009.07.31 13:06 B Z:\ABR Website\images\staff\quincytools.jpg <-- ABR Website /images/staff quincytools.jpg
2009.07.31 13:06 B Z:\ABR Website\images\staff\quincytoolsthumb.jpg <-- ABR Website /images/staff quincytoolsthumb.jpg
2009.07.31 13:06 B Z:\ABR Website\images\staff\santaval.jpg <-- ABR Website /images/staff santaval.jpg
2009.07.31 13:06 B Z:\ABR Website\images\staff\sawyerbbtap.jpg <-- ABR Website /images/staff sawyerbbtap.jpg
2009.07.31 13:06 B Z:\ABR Website\images\staff\sawyerderailleuradjust.jpg <-- ABR Website /images/staff sawyerderailleuradjust.jpg
2009.07.31 13:06 B Z:\ABR Website\images\staff\schrader1.jpg <-- ABR Website /images/staff schrader1.jpg
2009.07.31 13:06 B Z:\ABR Website\images\staff\schrader2.jpg <-- ABR Website /images/staff schrader2.jpg
2009.07.31 13:06 B Z:\ABR Website\images\staff\schrader3.jpg <-- ABR Website /images/staff schrader3.jpg
2009.07.31 13:06 B Z:\ABR Website\images\staff\schrader4.jpg <-- ABR Website /images/staff schrader4.jpg
2009.07.31 13:06 B Z:\ABR Website\images\staff\schrader5.jpg <-- ABR Website /images/staff schrader5.jpg
2009.07.31 13:06 B Z:\ABR Website\images\staff\schradersnakebike.jpg <-- ABR Website /images/staff schradersnakebike.jpg
2009.07.31 13:06 B Z:\ABR Website\images\staff\shopcats.jpg <-- ABR Website /images/staff shopcats.jpg
2009.07.31 13:06 B Z:\ABR Website\images\staff\shopcats2.jpg <-- ABR Website /images/staff shopcats2.jpg
2009.07.31 13:06 B Z:\ABR Website\images\staff\shopcats3.jpg <-- ABR Website /images/staff shopcats3.jpg
2009.07.31 13:06 B Z:\ABR Website\images\staff\shopcats4.jpg <-- ABR Website /images/staff shopcats4.jpg
2009.07.31 13:06 B Z:\ABR Website\images\staff\shopcatsthumb.jpg <-- ABR Website /images/staff shopcatsthumb.jpg
2009.07.31 13:06 B Z:\ABR Website\images\staff\tarahubadjust.jpg <-- ABR Website /images/staff tarahubadjust.jpg
2009.07.31 13:06 B Z:\ABR Website\images\staff\valtools.jpg <-- ABR Website /images/staff valtools.jpg
2009.07.31 13:06 B Z:\ABR Website\images\staff\valxtracyclebakery.jpg <-- ABR Website /images/staff valxtracyclebakery.jpg
2009.08.24 13:04 B Z:\ABR Website\images\staff\jordan1.jpg --> rideyourbike.com /images/staff jordan1.jpg
2009.08.24 13:04 B Z:\ABR Website\images\staff\jordan3.jpg --> rideyourbike.com /images/staff jordan3.jpg
2009.08.24 13:04 B Z:\ABR Website\images\staff\jordan2.jpg --> rideyourbike.com /images/staff jordan2.jpg
2009.08.24 13:04 B Z:\ABR Website\images\staff\currentjordan.jpg --> rideyourbike.com /images/staff currentjordan.jpg
2011.08.22 17:57 B Z:\ABR Website\images\staff\valtowingabike.jpg --> rideyourbike.com /images/staff valtowingabike.jpg
2011.08.22 17:57 B Z:\ABR Website\images\staff\potatosalad.jpg --> rideyourbike.com /images/staff potatosalad.jpg
2011.08.22 17:57 B Z:\ABR Website\images\staff\conewrenches.jpg --> rideyourbike.com /images/staff conewrenches.jpg
2011.08.22 17:58 B Z:\ABR Website\images\staff\potatosalad.jpg --> rideyourbike.com /images/staff potatosalad.jpg
2011.09.23 12:49 B Z:\ABR Website\images\staff\valsmomcardcover.jpg --> rideyourbike.com /images/staff valsmomcardcover.jpg
2011.09.23 12:49 B Z:\ABR Website\images\staff\valsmomcardback.jpg --> rideyourbike.com /images/staff valsmomcardback.jpg
2011.09.23 12:49 B Z:\ABR Website\images\staff\valsmomcardmiddle.jpg --> rideyourbike.com /images/staff valsmomcardmiddle.jpg
2011.09.23 12:55 B Z:\ABR Website\images\staff\valsmomcardcover.jpg --> rideyourbike.com /images/staff valsmomcardcover.jpg
2011.09.23 15:29 B Z:\ABR Website\images\staff\valsmomcardcover.jpg --> rideyourbike.com /images/staff valsmomcardcover.jpg
2011.09.23 15:31 B Z:\ABR Website\images\staff\valsmomcardcover.jpg --> rideyourbike.com /images/staff valsmomcardcover.jpg
2012.08.23 13:57 B Z:\ABR Website\images\staff\alexandratoolsthumb.jpg --> rideyourbike.com /images/staff alexandratoolsthumb.jpg
2012.08.23 13:57 B Z:\ABR Website\images\staff\alexandratools.jpg --> rideyourbike.com /images/staff alexandratools.jpg
2012.08.23 13:59 B Z:\ABR Website\images\staff\alexandratoolsthumb.jpg --> rideyourbike.com /images/staff alexandratoolsthumb.jpg
2012.08.23 13:59 B Z:\ABR Website\images\staff\alexandratools.jpg --> rideyourbike.com /images/staff alexandratools.jpg
2012.08.23 14:03 B Z:\ABR Website\images\staff\alexandratoolsthumb.jpg --> rideyourbike.com /images alexandratoolsthumb.jpg
2012.08.23 14:43 B Z:\ABR Website\images\staff\alexandratoolsthumb.jpg --> rideyourbike.com /images/staff alexandratoolsthumb.jpg
2012.08.23 14:47 B Z:\ABR Website\images\staff\currentalexandra.jpg --> rideyourbike.com /images/staff currentalexandra.jpg
2012.08.23 14:50 B Z:\ABR Website\images\staff\currentalexandra.jpg --> rideyourbike.com /images/staff currentalexandra.jpg
2013.01.04 16:35 B Z:\ABR Website\images\staff\currentgabe.jpg --> rideyourbike.com /images/staff currentgabe.jpg
2013.01.04 16:35 B Z:\ABR Website\images\staff\gabetoolsthumb.jpg --> rideyourbike.com /images/staff gabetoolsthumb.jpg
2013.01.04 16:35 B Z:\ABR Website\images\staff\gabetools.jpg --> rideyourbike.com /images/staff gabetools.jpg
