2009.07.31 12:59 B Z:\ABR Website\images\cyclocross\cyclocrossbrakes.jpg <-- ABR Website /images/cyclocross cyclocrossbrakes.jpg
2009.07.31 12:59 B Z:\ABR Website\images\cyclocross\cyclocrossriders10thumb.jpg <-- ABR Website /images/cyclocross cyclocrossriders10thumb.jpg
2009.07.31 12:59 B Z:\ABR Website\images\cyclocross\cyclocrossriders14thumb.jpg <-- ABR Website /images/cyclocross cyclocrossriders14thumb.jpg
2009.07.31 12:59 B Z:\ABR Website\images\cyclocross\cyclocrossriders17thumb.jpg <-- ABR Website /images/cyclocross cyclocrossriders17thumb.jpg
2009.07.31 12:59 B Z:\ABR Website\images\cyclocross\cyclocrossriders2thumb.jpg <-- ABR Website /images/cyclocross cyclocrossriders2thumb.jpg
2009.07.31 12:59 B Z:\ABR Website\images\cyclocross\cyclocrossriders6thumb.jpg <-- ABR Website /images/cyclocross cyclocrossriders6thumb.jpg
2009.07.31 12:59 B Z:\ABR Website\images\cyclocross\cyclocrossriders8thumb.jpg <-- ABR Website /images/cyclocross cyclocrossriders8thumb.jpg
2009.07.31 12:59 B Z:\ABR Website\images\cyclocross\cyclocrossstartthumb.jpg <-- ABR Website /images/cyclocross cyclocrossstartthumb.jpg
2009.07.31 12:59 B Z:\ABR Website\images\cyclocross\invisiblebikethumb.jpg <-- ABR Website /images/cyclocross invisiblebikethumb.jpg
2009.07.31 12:59 B Z:\ABR Website\images\cyclocross\jeffmoran.jpg <-- ABR Website /images/cyclocross jeffmoran.jpg
2009.07.31 12:59 B Z:\ABR Website\images\cyclocross\patbensonthumb.jpg <-- ABR Website /images/cyclocross patbensonthumb.jpg
2013.02.15 15:03 B C:\ABR Master Files\ABR Website\images\cyclocross\cyclocrossbrakes.jpg <-- ABR Website /images/cyclocross cyclocrossbrakes.jpg
2013.02.15 15:03 B C:\ABR Master Files\ABR Website\images\cyclocross\cyclocrossriders10thumb.jpg <-- ABR Website /images/cyclocross cyclocrossriders10thumb.jpg
2013.02.15 15:03 B C:\ABR Master Files\ABR Website\images\cyclocross\cyclocrossriders14thumb.jpg <-- ABR Website /images/cyclocross cyclocrossriders14thumb.jpg
2013.02.15 15:03 B C:\ABR Master Files\ABR Website\images\cyclocross\cyclocrossriders17thumb.jpg <-- ABR Website /images/cyclocross cyclocrossriders17thumb.jpg
2013.02.15 15:03 B C:\ABR Master Files\ABR Website\images\cyclocross\cyclocrossriders2thumb.jpg <-- ABR Website /images/cyclocross cyclocrossriders2thumb.jpg
2013.02.15 15:03 B C:\ABR Master Files\ABR Website\images\cyclocross\cyclocrossriders6thumb.jpg <-- ABR Website /images/cyclocross cyclocrossriders6thumb.jpg
2013.02.15 15:03 B C:\ABR Master Files\ABR Website\images\cyclocross\cyclocrossriders8thumb.jpg <-- ABR Website /images/cyclocross cyclocrossriders8thumb.jpg
2013.02.15 15:03 B C:\ABR Master Files\ABR Website\images\cyclocross\cyclocrossstartthumb.jpg <-- ABR Website /images/cyclocross cyclocrossstartthumb.jpg
2013.02.15 15:03 B C:\ABR Master Files\ABR Website\images\cyclocross\invisiblebikethumb.jpg <-- ABR Website /images/cyclocross invisiblebikethumb.jpg
2013.02.15 15:03 B C:\ABR Master Files\ABR Website\images\cyclocross\jeffmoran.jpg <-- ABR Website /images/cyclocross jeffmoran.jpg
2013.02.15 15:03 B C:\ABR Master Files\ABR Website\images\cyclocross\patbensonthumb.jpg <-- ABR Website /images/cyclocross patbensonthumb.jpg
