2009.07.31 13:04 B Z:\ABR Website\images\otherbikeshops\2020cycle.jpg <-- ABR Website /images/otherbikeshops 2020cycle.jpg
2009.07.31 13:04 B Z:\ABR Website\images\otherbikeshops\alkibikeandboard.jpg <-- ABR Website /images/otherbikeshops alkibikeandboard.jpg
2009.07.31 13:04 B Z:\ABR Website\images\otherbikeshops\anglelake.jpg <-- ABR Website /images/otherbikeshops anglelake.jpg
2009.07.31 13:04 B Z:\ABR Website\images\otherbikeshops\biketopia.jpg <-- ABR Website /images/otherbikeshops biketopia.jpg
2009.07.31 13:04 B Z:\ABR Website\images\otherbikeshops\bikeworks.jpg <-- ABR Website /images/otherbikeshops bikeworks.jpg
2009.07.31 13:04 B Z:\ABR Website\images\otherbikeshops\counterbalance.gif <-- ABR Website /images/otherbikeshops counterbalance.gif
2009.07.31 13:04 B Z:\ABR Website\images\otherbikeshops\cycologist.jpg <-- ABR Website /images/otherbikeshops cycologist.jpg
2009.07.31 13:04 B Z:\ABR Website\images\otherbikeshops\dutchbikeseattle.jpg <-- ABR Website /images/otherbikeshops dutchbikeseattle.jpg
2009.07.31 13:04 B Z:\ABR Website\images\otherbikeshops\evnw.jpg <-- ABR Website /images/otherbikeshops evnw.jpg
2009.07.31 13:04 B Z:\ABR Website\images\otherbikeshops\gohuckyourself.jpg <-- ABR Website /images/otherbikeshops gohuckyourself.jpg
2009.07.31 13:04 B Z:\ABR Website\images\otherbikeshops\kingstonclassiccycle.jpg <-- ABR Website /images/otherbikeshops kingstonclassiccycle.jpg
2009.07.31 13:04 B Z:\ABR Website\images\otherbikeshops\mobiuscycle.jpg <-- ABR Website /images/otherbikeshops mobiuscycle.jpg
2009.07.31 13:04 B Z:\ABR Website\images\otherbikeshops\montlake.jpg <-- ABR Website /images/otherbikeshops montlake.jpg
2009.07.31 13:04 B Z:\ABR Website\images\otherbikeshops\perfectwheels.jpg <-- ABR Website /images/otherbikeshops perfectwheels.jpg
2009.07.31 13:04 B Z:\ABR Website\images\otherbikeshops\r+e.gif <-- ABR Website /images/otherbikeshops r+e.gif
2009.07.31 13:04 B Z:\ABR Website\images\otherbikeshops\recycledcycles.gif <-- ABR Website /images/otherbikeshops recycledcycles.gif
2009.07.31 13:04 B Z:\ABR Website\images\otherbikeshops\rosie.gif <-- ABR Website /images/otherbikeshops rosie.gif
2009.07.31 13:04 B Z:\ABR Website\images\otherbikeshops\smalldownhillzone.gif <-- ABR Website /images/otherbikeshops smalldownhillzone.gif
2009.07.31 13:04 B Z:\ABR Website\images\otherbikeshops\ticycles.gif <-- ABR Website /images/otherbikeshops ticycles.gif
2009.07.31 13:04 B Z:\ABR Website\images\otherbikeshops\wrightbrothers.jpg <-- ABR Website /images/otherbikeshops wrightbrothers.jpg
2009.12.20 16:33 B Z:\ABR Website\images\otherbikeshops\prestonbikerepair.jpg --> rideyourbike.com /images/otherbikeshops prestonbikerepair.jpg
2010.01.30 13:08 B Z:\ABR Website\images\otherbikeshops\evnw.jpg --> rideyourbike.com /images/otherbikeshops evnw.jpg
2010.01.30 13:08 B Z:\ABR Website\images\otherbikeshops\hellobicycle.jpg --> rideyourbike.com /images/otherbikeshops hellobicycle.jpg
2010.01.30 13:12 B Z:\ABR Website\images\otherbikeshops\gohuckyourself.jpg --> rideyourbike.com /images/otherbikeshops gohuckyourself.jpg
2010.01.30 13:12 B Z:\ABR Website\images\otherbikeshops\vashonislandbicycles.jpg --> rideyourbike.com /images/otherbikeshops vashonislandbicycles.jpg
2010.01.30 13:14 B Z:\ABR Website\images\otherbikeshops\vashonislandbicycles.jpg --> rideyourbike.com /images/otherbikeshops vashonislandbicycles.jpg
2010.01.30 13:16 B Z:\ABR Website\images\otherbikeshops\vashonislandbicycles.jpg --> rideyourbike.com /images/otherbikeshops vashonislandbicycles.jpg
