2009.07.31 13:04 B Z:\ABR Website\images\party\aaronatcomputer.jpeg <-- ABR Website /images/party aaronatcomputer.jpeg
2009.07.31 13:04 B Z:\ABR Website\images\party\aaronatcomputer.jpg <-- ABR Website /images/party aaronatcomputer.jpg
2009.07.31 13:04 B Z:\ABR Website\images\party\aaronchadroger.jpeg <-- ABR Website /images/party aaronchadroger.jpeg
2009.07.31 13:04 B Z:\ABR Website\images\party\aaronchadroger.jpg <-- ABR Website /images/party aaronchadroger.jpg
2009.07.31 13:04 B Z:\ABR Website\images\party\aarondansuzanne.jpeg <-- ABR Website /images/party aarondansuzanne.jpeg
2009.07.31 13:04 B Z:\ABR Website\images\party\aarondansuzanne.jpg <-- ABR Website /images/party aarondansuzanne.jpg
2009.07.31 13:04 B Z:\ABR Website\images\party\clothingdepartment.jpeg <-- ABR Website /images/party clothingdepartment.jpeg
2009.07.31 13:04 B Z:\ABR Website\images\party\clothingdepartment.jpg <-- ABR Website /images/party clothingdepartment.jpg
2009.07.31 13:04 B Z:\ABR Website\images\party\craig.jpeg <-- ABR Website /images/party craig.jpeg
2009.07.31 13:04 B Z:\ABR Website\images\party\craig.jpg <-- ABR Website /images/party craig.jpg
2009.07.31 13:04 B Z:\ABR Website\images\party\dannyellen.jpeg <-- ABR Website /images/party dannyellen.jpeg
2009.07.31 13:04 B Z:\ABR Website\images\party\dannyellen.jpg <-- ABR Website /images/party dannyellen.jpg
2009.07.31 13:04 B Z:\ABR Website\images\party\icatcrew.jpeg <-- ABR Website /images/party icatcrew.jpeg
2009.07.31 13:04 B Z:\ABR Website\images\party\icatcrew.jpg <-- ABR Website /images/party icatcrew.jpg
2009.07.31 13:04 B Z:\ABR Website\images\party\jaydotson.jpeg <-- ABR Website /images/party jaydotson.jpeg
2009.07.31 13:04 B Z:\ABR Website\images\party\jaydotson.jpg <-- ABR Website /images/party jaydotson.jpg
2009.07.31 13:04 B Z:\ABR Website\images\party\partyscene1.jpeg <-- ABR Website /images/party partyscene1.jpeg
2009.07.31 13:04 B Z:\ABR Website\images\party\partyscene1.jpg <-- ABR Website /images/party partyscene1.jpg
2009.07.31 13:04 B Z:\ABR Website\images\party\partyscene2.jpeg <-- ABR Website /images/party partyscene2.jpeg
2009.07.31 13:04 B Z:\ABR Website\images\party\partyscene2.jpg <-- ABR Website /images/party partyscene2.jpg
2009.07.31 13:04 B Z:\ABR Website\images\party\partyscene3.jpeg <-- ABR Website /images/party partyscene3.jpeg
2009.07.31 13:04 B Z:\ABR Website\images\party\partyscene3.jpg <-- ABR Website /images/party partyscene3.jpg
2009.07.31 13:04 B Z:\ABR Website\images\party\partyscene4.jpeg <-- ABR Website /images/party partyscene4.jpeg
2009.07.31 13:04 B Z:\ABR Website\images\party\partyscene4.jpg <-- ABR Website /images/party partyscene4.jpg
2009.07.31 13:04 B Z:\ABR Website\images\party\partyscene6.jpeg <-- ABR Website /images/party partyscene6.jpeg
2009.07.31 13:04 B Z:\ABR Website\images\party\partyscene6.jpg <-- ABR Website /images/party partyscene6.jpg
2009.07.31 13:04 B Z:\ABR Website\images\party\partyscene7.jpeg <-- ABR Website /images/party partyscene7.jpeg
2009.07.31 13:04 B Z:\ABR Website\images\party\partyscene7.jpg <-- ABR Website /images/party partyscene7.jpg
