2009.07.31 12:56 B Z:\ABR Website\images\cinellitape\2blues2purplessplash.jpg <-- ABR Website /images/cinellitape 2blues2purplessplash.jpg
2009.07.31 12:56 B Z:\ABR Website\images\cinellitape\black.jpg <-- ABR Website /images/cinellitape black.jpg
2009.07.31 12:56 B Z:\ABR Website\images\cinellitape\blackcarbon.jpg <-- ABR Website /images/cinellitape blackcarbon.jpg
2009.07.31 12:56 B Z:\ABR Website\images\cinellitape\blackcelestesplash.jpg <-- ABR Website /images/cinellitape blackcelestesplash.jpg
2009.07.31 12:56 B Z:\ABR Website\images\cinellitape\blackgreywhitepurplesplash.jpg <-- ABR Website /images/cinellitape blackgreywhitepurplesplash.jpg
2009.07.31 12:57 B Z:\ABR Website\images\cinellitape\blackgreywhitesplash.jpg <-- ABR Website /images/cinellitape blackgreywhitesplash.jpg
2009.07.31 12:57 B Z:\ABR Website\images\cinellitape\blackredsplash.jpg <-- ABR Website /images/cinellitape blackredsplash.jpg
2009.07.31 12:57 B Z:\ABR Website\images\cinellitape\blackvioletsplash.jpg <-- ABR Website /images/cinellitape blackvioletsplash.jpg
2009.07.31 12:57 B Z:\ABR Website\images\cinellitape\blackwhitefusciasplash.jpg <-- ABR Website /images/cinellitape blackwhitefusciasplash.jpg
2009.07.31 12:57 B Z:\ABR Website\images\cinellitape\blackwhitesplash.jpg <-- ABR Website /images/cinellitape blackwhitesplash.jpg
2009.07.31 12:57 B Z:\ABR Website\images\cinellitape\blackyellowsplash.jpg <-- ABR Website /images/cinellitape blackyellowsplash.jpg
2009.07.31 12:57 B Z:\ABR Website\images\cinellitape\blue.jpg <-- ABR Website /images/cinellitape blue.jpg
2009.07.31 12:57 B Z:\ABR Website\images\cinellitape\bluegraysplash.jpg <-- ABR Website /images/cinellitape bluegraysplash.jpg
2009.07.31 12:57 B Z:\ABR Website\images\cinellitape\blueyellowsplash.jpg <-- ABR Website /images/cinellitape blueyellowsplash.jpg
2009.07.31 12:57 B Z:\ABR Website\images\cinellitape\bordeaux.jpg <-- ABR Website /images/cinellitape bordeaux.jpg
2009.07.31 12:57 B Z:\ABR Website\images\cinellitape\brick.jpg <-- ABR Website /images/cinellitape brick.jpg
2009.07.31 12:57 B Z:\ABR Website\images\cinellitape\celeste.jpg <-- ABR Website /images/cinellitape celeste.jpg
2009.07.31 12:57 B Z:\ABR Website\images\cinellitape\cinellitapestock.jpg <-- ABR Website /images/cinellitape cinellitapestock.jpg
2009.07.31 12:57 B Z:\ABR Website\images\cinellitape\currentsolidcolors.jpg <-- ABR Website /images/cinellitape currentsolidcolors.jpg
2009.07.31 12:57 B Z:\ABR Website\images\cinellitape\denim.jpg <-- ABR Website /images/cinellitape denim.jpg
2009.07.31 12:57 B Z:\ABR Website\images\cinellitape\grey.jpg <-- ABR Website /images/cinellitape grey.jpg
2009.07.31 12:57 B Z:\ABR Website\images\cinellitape\lightblue.jpg <-- ABR Website /images/cinellitape lightblue.jpg
2009.07.31 12:57 B Z:\ABR Website\images\cinellitape\mosaicsplash.jpg <-- ABR Website /images/cinellitape mosaicsplash.jpg
2009.07.31 12:57 B Z:\ABR Website\images\cinellitape\orange.jpg <-- ABR Website /images/cinellitape orange.jpg
2009.07.31 12:57 B Z:\ABR Website\images\cinellitape\orangeblacksplash.jpg <-- ABR Website /images/cinellitape orangeblacksplash.jpg
2009.07.31 12:57 B Z:\ABR Website\images\cinellitape\pink.jpg <-- ABR Website /images/cinellitape pink.jpg
2009.07.31 12:57 B Z:\ABR Website\images\cinellitape\red.jpg <-- ABR Website /images/cinellitape red.jpg
2009.07.31 12:57 B Z:\ABR Website\images\cinellitape\redorangepinkyellowsplash.jpg <-- ABR Website /images/cinellitape redorangepinkyellowsplash.jpg
2009.07.31 12:57 B Z:\ABR Website\images\cinellitape\redwhitebluesplash.jpg <-- ABR Website /images/cinellitape redwhitebluesplash.jpg
2009.07.31 12:57 B Z:\ABR Website\images\cinellitape\redwhitegreensplash.jpg <-- ABR Website /images/cinellitape redwhitegreensplash.jpg
2009.07.31 12:57 B Z:\ABR Website\images\cinellitape\reflectiveblacktape.jpg <-- ABR Website /images/cinellitape reflectiveblacktape.jpg
2009.07.31 12:57 B Z:\ABR Website\images\cinellitape\saecoteam.jpg <-- ABR Website /images/cinellitape saecoteam.jpg
2009.07.31 12:57 B Z:\ABR Website\images\cinellitape\sawyershellacbars.jpg <-- ABR Website /images/cinellitape sawyershellacbars.jpg
2009.07.31 12:57 B Z:\ABR Website\images\cinellitape\shellacbars.jpg <-- ABR Website /images/cinellitape shellacbars.jpg
2009.07.31 12:57 B Z:\ABR Website\images\cinellitape\silvercarbon.jpg <-- ABR Website /images/cinellitape silvercarbon.jpg
2009.07.31 12:57 B Z:\ABR Website\images\cinellitape\starsandstripes.jpg <-- ABR Website /images/cinellitape starsandstripes.jpg
2009.07.31 12:57 B Z:\ABR Website\images\cinellitape\tan.jpg <-- ABR Website /images/cinellitape tan.jpg
2009.07.31 12:57 B Z:\ABR Website\images\cinellitape\violet.jpg <-- ABR Website /images/cinellitape violet.jpg
2009.07.31 12:57 B Z:\ABR Website\images\cinellitape\white.jpg <-- ABR Website /images/cinellitape white.jpg
2009.07.31 12:57 B Z:\ABR Website\images\cinellitape\whitegreensplash.jpg <-- ABR Website /images/cinellitape whitegreensplash.jpg
2009.07.31 12:57 B Z:\ABR Website\images\cinellitape\whitevioletbluesplash.jpg <-- ABR Website /images/cinellitape whitevioletbluesplash.jpg
2009.07.31 12:57 B Z:\ABR Website\images\cinellitape\worldchampion.jpg <-- ABR Website /images/cinellitape worldchampion.jpg
2009.07.31 12:57 B Z:\ABR Website\images\cinellitape\yellow.jpg <-- ABR Website /images/cinellitape yellow.jpg
2013.02.15 15:02 B C:\ABR Master Files\ABR Website\images\cinellitape\cinellitapestock.jpg <-- ABR Website /images/cinellitape cinellitapestock.jpg
2013.02.15 15:02 B C:\ABR Master Files\ABR Website\images\cinellitape\currentsolidcolors.jpg <-- ABR Website /images/cinellitape currentsolidcolors.jpg
2013.02.15 15:02 B C:\ABR Master Files\ABR Website\images\cinellitape\sawyershellacbars.jpg <-- ABR Website /images/cinellitape sawyershellacbars.jpg
2013.02.15 15:02 B C:\ABR Master Files\ABR Website\images\cinellitape\shellacbars.jpg <-- ABR Website /images/cinellitape shellacbars.jpg
