2009.07.31 12:53 B Z:\ABR Website\images\bigmove2008\1.jpg <-- ABR Website /images/bigmove2008 1.jpg
2009.07.31 12:53 B Z:\ABR Website\images\bigmove2008\10.jpg <-- ABR Website /images/bigmove2008 10.jpg
2009.07.31 12:53 B Z:\ABR Website\images\bigmove2008\11.jpg <-- ABR Website /images/bigmove2008 11.jpg
2009.07.31 12:53 B Z:\ABR Website\images\bigmove2008\12.jpg <-- ABR Website /images/bigmove2008 12.jpg
2009.07.31 12:53 B Z:\ABR Website\images\bigmove2008\13.jpg <-- ABR Website /images/bigmove2008 13.jpg
2009.07.31 12:53 B Z:\ABR Website\images\bigmove2008\14.jpg <-- ABR Website /images/bigmove2008 14.jpg
2009.07.31 12:53 B Z:\ABR Website\images\bigmove2008\15.jpg <-- ABR Website /images/bigmove2008 15.jpg
2009.07.31 12:53 B Z:\ABR Website\images\bigmove2008\16.jpg <-- ABR Website /images/bigmove2008 16.jpg
2009.07.31 12:53 B Z:\ABR Website\images\bigmove2008\17.jpg <-- ABR Website /images/bigmove2008 17.jpg
2009.07.31 12:53 B Z:\ABR Website\images\bigmove2008\18.jpg <-- ABR Website /images/bigmove2008 18.jpg
2009.07.31 12:53 B Z:\ABR Website\images\bigmove2008\19.jpg <-- ABR Website /images/bigmove2008 19.jpg
2009.07.31 12:53 B Z:\ABR Website\images\bigmove2008\2.jpg <-- ABR Website /images/bigmove2008 2.jpg
2009.07.31 12:53 B Z:\ABR Website\images\bigmove2008\20.jpg <-- ABR Website /images/bigmove2008 20.jpg
2009.07.31 12:53 B Z:\ABR Website\images\bigmove2008\21.jpg <-- ABR Website /images/bigmove2008 21.jpg
2009.07.31 12:53 B Z:\ABR Website\images\bigmove2008\22.jpg <-- ABR Website /images/bigmove2008 22.jpg
2009.07.31 12:53 B Z:\ABR Website\images\bigmove2008\23.jpg <-- ABR Website /images/bigmove2008 23.jpg
2009.07.31 12:53 B Z:\ABR Website\images\bigmove2008\24.jpg <-- ABR Website /images/bigmove2008 24.jpg
2009.07.31 12:53 B Z:\ABR Website\images\bigmove2008\25.jpg <-- ABR Website /images/bigmove2008 25.jpg
2009.07.31 12:53 B Z:\ABR Website\images\bigmove2008\26.jpg <-- ABR Website /images/bigmove2008 26.jpg
2009.07.31 12:53 B Z:\ABR Website\images\bigmove2008\27.jpg <-- ABR Website /images/bigmove2008 27.jpg
2009.07.31 12:53 B Z:\ABR Website\images\bigmove2008\28.jpg <-- ABR Website /images/bigmove2008 28.jpg
2009.07.31 12:53 B Z:\ABR Website\images\bigmove2008\29.jpg <-- ABR Website /images/bigmove2008 29.jpg
2009.07.31 12:53 B Z:\ABR Website\images\bigmove2008\3.jpg <-- ABR Website /images/bigmove2008 3.jpg
2009.07.31 12:53 B Z:\ABR Website\images\bigmove2008\30.jpg <-- ABR Website /images/bigmove2008 30.jpg
2009.07.31 12:53 B Z:\ABR Website\images\bigmove2008\31.jpg <-- ABR Website /images/bigmove2008 31.jpg
2009.07.31 12:53 B Z:\ABR Website\images\bigmove2008\32.jpg <-- ABR Website /images/bigmove2008 32.jpg
2009.07.31 12:53 B Z:\ABR Website\images\bigmove2008\33.jpg <-- ABR Website /images/bigmove2008 33.jpg
2009.07.31 12:53 B Z:\ABR Website\images\bigmove2008\34.jpg <-- ABR Website /images/bigmove2008 34.jpg
2009.07.31 12:53 B Z:\ABR Website\images\bigmove2008\35.jpg <-- ABR Website /images/bigmove2008 35.jpg
2009.07.31 12:53 B Z:\ABR Website\images\bigmove2008\36.jpg <-- ABR Website /images/bigmove2008 36.jpg
2009.07.31 12:53 B Z:\ABR Website\images\bigmove2008\37.jpg <-- ABR Website /images/bigmove2008 37.jpg
2009.07.31 12:53 B Z:\ABR Website\images\bigmove2008\38.jpg <-- ABR Website /images/bigmove2008 38.jpg
2009.07.31 12:53 B Z:\ABR Website\images\bigmove2008\39.jpg <-- ABR Website /images/bigmove2008 39.jpg
2009.07.31 12:53 B Z:\ABR Website\images\bigmove2008\4.jpg <-- ABR Website /images/bigmove2008 4.jpg
2009.07.31 12:53 B Z:\ABR Website\images\bigmove2008\40.jpg <-- ABR Website /images/bigmove2008 40.jpg
2009.07.31 12:53 B Z:\ABR Website\images\bigmove2008\41.jpg <-- ABR Website /images/bigmove2008 41.jpg
2009.07.31 12:53 B Z:\ABR Website\images\bigmove2008\42.jpg <-- ABR Website /images/bigmove2008 42.jpg
2009.07.31 12:53 B Z:\ABR Website\images\bigmove2008\43.jpg <-- ABR Website /images/bigmove2008 43.jpg
2009.07.31 12:53 B Z:\ABR Website\images\bigmove2008\44.jpg <-- ABR Website /images/bigmove2008 44.jpg
2009.07.31 12:53 B Z:\ABR Website\images\bigmove2008\45.jpg <-- ABR Website /images/bigmove2008 45.jpg
2009.07.31 12:53 B Z:\ABR Website\images\bigmove2008\5.jpg <-- ABR Website /images/bigmove2008 5.jpg
2009.07.31 12:53 B Z:\ABR Website\images\bigmove2008\6.jpg <-- ABR Website /images/bigmove2008 6.jpg
2009.07.31 12:53 B Z:\ABR Website\images\bigmove2008\7.jpg <-- ABR Website /images/bigmove2008 7.jpg
2009.07.31 12:53 B Z:\ABR Website\images\bigmove2008\8.jpg <-- ABR Website /images/bigmove2008 8.jpg
2009.07.31 12:53 B Z:\ABR Website\images\bigmove2008\9.jpg <-- ABR Website /images/bigmove2008 9.jpg
2009.07.31 12:53 B Z:\ABR Website\images\bigmove2008\bicyclesawning.jpg <-- ABR Website /images/bigmove2008 bicyclesawning.jpg
2009.07.31 12:53 B Z:\ABR Website\images\bigmove2008\carlscraphaul1.jpg <-- ABR Website /images/bigmove2008 carlscraphaul1.jpg
2009.07.31 12:53 B Z:\ABR Website\images\bigmove2008\carlscraphaul2.jpg <-- ABR Website /images/bigmove2008 carlscraphaul2.jpg
2009.07.31 12:53 B Z:\ABR Website\images\bigmove2008\carlscraphaul3.jpg <-- ABR Website /images/bigmove2008 carlscraphaul3.jpg
2009.07.31 12:53 B Z:\ABR Website\images\bigmove2008\carlscraphaul4.jpg <-- ABR Website /images/bigmove2008 carlscraphaul4.jpg
2009.07.31 12:53 B Z:\ABR Website\images\bigmove2008\haulplywood1.jpg <-- ABR Website /images/bigmove2008 haulplywood1.jpg
2009.07.31 12:53 B Z:\ABR Website\images\bigmove2008\haulplywood2.jpg <-- ABR Website /images/bigmove2008 haulplywood2.jpg
2009.07.31 12:54 B Z:\ABR Website\images\bigmove2008\insideshop1.jpg <-- ABR Website /images/bigmove2008 insideshop1.jpg
2009.07.31 12:54 B Z:\ABR Website\images\bigmove2008\insideshop2.jpg <-- ABR Website /images/bigmove2008 insideshop2.jpg
2009.07.31 12:54 B Z:\ABR Website\images\bigmove2008\insideshop3.jpg <-- ABR Website /images/bigmove2008 insideshop3.jpg
2009.07.31 12:54 B Z:\ABR Website\images\bigmove2008\insideshop4.jpg <-- ABR Website /images/bigmove2008 insideshop4.jpg
2009.07.31 12:54 B Z:\ABR Website\images\bigmove2008\insideshop5.jpg <-- ABR Website /images/bigmove2008 insideshop5.jpg
2009.07.31 12:54 B Z:\ABR Website\images\bigmove2008\insideshop6.jpg <-- ABR Website /images/bigmove2008 insideshop6.jpg
2009.07.31 12:54 B Z:\ABR Website\images\bigmove2008\insideshop7.jpg <-- ABR Website /images/bigmove2008 insideshop7.jpg
2009.07.31 12:54 B Z:\ABR Website\images\bigmove2008\insideshop8.jpg <-- ABR Website /images/bigmove2008 insideshop8.jpg
2009.07.31 12:54 B Z:\ABR Website\images\bigmove2008\newawning.jpg <-- ABR Website /images/bigmove2008 newawning.jpg
2009.07.31 12:54 B Z:\ABR Website\images\bigmove2008\Thumbs.db <-- ABR Website /images/bigmove2008 Thumbs.db
2009.07.31 12:54 B Z:\ABR Website\images\bigmove2008\tilehaul.jpg <-- ABR Website /images/bigmove2008 tilehaul.jpg
2009.07.31 12:54 B Z:\ABR Website\images\bigmove2008\toilet.jpg <-- ABR Website /images/bigmove2008 toilet.jpg
2010.06.07 11:43 B Z:\ABR Website\images\bigmove2008\haulplywood1thumb.jpg --> rideyourbike.com /images/bigmove2008 haulplywood1thumb.jpg
2010.06.07 11:46 B Z:\ABR Website\images\bigmove2008\haulplywood1thumb.jpg --> rideyourbike.com /images/bigmove2008 haulplywood1thumb.jpg
2013.02.15 15:00 B C:\ABR Master Files\ABR Website\images\bigmove2008\1.jpg <-- ABR Website /images/bigmove2008 1.jpg
2013.02.15 15:00 B C:\ABR Master Files\ABR Website\images\bigmove2008\10.jpg <-- ABR Website /images/bigmove2008 10.jpg
2013.02.15 15:00 B C:\ABR Master Files\ABR Website\images\bigmove2008\11.jpg <-- ABR Website /images/bigmove2008 11.jpg
2013.02.15 15:00 B C:\ABR Master Files\ABR Website\images\bigmove2008\12.jpg <-- ABR Website /images/bigmove2008 12.jpg
2013.02.15 15:00 B C:\ABR Master Files\ABR Website\images\bigmove2008\13.jpg <-- ABR Website /images/bigmove2008 13.jpg
2013.02.15 15:00 B C:\ABR Master Files\ABR Website\images\bigmove2008\14.jpg <-- ABR Website /images/bigmove2008 14.jpg
2013.02.15 15:00 B C:\ABR Master Files\ABR Website\images\bigmove2008\15.jpg <-- ABR Website /images/bigmove2008 15.jpg
2013.02.15 15:00 B C:\ABR Master Files\ABR Website\images\bigmove2008\16.jpg <-- ABR Website /images/bigmove2008 16.jpg
2013.02.15 15:00 B C:\ABR Master Files\ABR Website\images\bigmove2008\17.jpg <-- ABR Website /images/bigmove2008 17.jpg
2013.02.15 15:00 B C:\ABR Master Files\ABR Website\images\bigmove2008\18.jpg <-- ABR Website /images/bigmove2008 18.jpg
2013.02.15 15:00 B C:\ABR Master Files\ABR Website\images\bigmove2008\19.jpg <-- ABR Website /images/bigmove2008 19.jpg
2013.02.15 15:00 B C:\ABR Master Files\ABR Website\images\bigmove2008\2.jpg <-- ABR Website /images/bigmove2008 2.jpg
2013.02.15 15:00 B C:\ABR Master Files\ABR Website\images\bigmove2008\20.jpg <-- ABR Website /images/bigmove2008 20.jpg
2013.02.15 15:00 B C:\ABR Master Files\ABR Website\images\bigmove2008\21.jpg <-- ABR Website /images/bigmove2008 21.jpg
2013.02.15 15:00 B C:\ABR Master Files\ABR Website\images\bigmove2008\22.jpg <-- ABR Website /images/bigmove2008 22.jpg
2013.02.15 15:00 B C:\ABR Master Files\ABR Website\images\bigmove2008\23.jpg <-- ABR Website /images/bigmove2008 23.jpg
2013.02.15 15:00 B C:\ABR Master Files\ABR Website\images\bigmove2008\24.jpg <-- ABR Website /images/bigmove2008 24.jpg
2013.02.15 15:00 B C:\ABR Master Files\ABR Website\images\bigmove2008\25.jpg <-- ABR Website /images/bigmove2008 25.jpg
2013.02.15 15:00 B C:\ABR Master Files\ABR Website\images\bigmove2008\26.jpg <-- ABR Website /images/bigmove2008 26.jpg
2013.02.15 15:00 B C:\ABR Master Files\ABR Website\images\bigmove2008\27.jpg <-- ABR Website /images/bigmove2008 27.jpg
2013.02.15 15:00 B C:\ABR Master Files\ABR Website\images\bigmove2008\28.jpg <-- ABR Website /images/bigmove2008 28.jpg
2013.02.15 15:00 B C:\ABR Master Files\ABR Website\images\bigmove2008\29.jpg <-- ABR Website /images/bigmove2008 29.jpg
2013.02.15 15:00 B C:\ABR Master Files\ABR Website\images\bigmove2008\3.jpg <-- ABR Website /images/bigmove2008 3.jpg
2013.02.15 15:00 B C:\ABR Master Files\ABR Website\images\bigmove2008\30.jpg <-- ABR Website /images/bigmove2008 30.jpg
2013.02.15 15:00 B C:\ABR Master Files\ABR Website\images\bigmove2008\31.jpg <-- ABR Website /images/bigmove2008 31.jpg
2013.02.15 15:00 B C:\ABR Master Files\ABR Website\images\bigmove2008\32.jpg <-- ABR Website /images/bigmove2008 32.jpg
2013.02.15 15:00 B C:\ABR Master Files\ABR Website\images\bigmove2008\33.jpg <-- ABR Website /images/bigmove2008 33.jpg
2013.02.15 15:00 B C:\ABR Master Files\ABR Website\images\bigmove2008\34.jpg <-- ABR Website /images/bigmove2008 34.jpg
2013.02.15 15:00 B C:\ABR Master Files\ABR Website\images\bigmove2008\35.jpg <-- ABR Website /images/bigmove2008 35.jpg
2013.02.15 15:00 B C:\ABR Master Files\ABR Website\images\bigmove2008\36.jpg <-- ABR Website /images/bigmove2008 36.jpg
2013.02.15 15:00 B C:\ABR Master Files\ABR Website\images\bigmove2008\37.jpg <-- ABR Website /images/bigmove2008 37.jpg
2013.02.15 15:00 B C:\ABR Master Files\ABR Website\images\bigmove2008\38.jpg <-- ABR Website /images/bigmove2008 38.jpg
2013.02.15 15:00 B C:\ABR Master Files\ABR Website\images\bigmove2008\39.jpg <-- ABR Website /images/bigmove2008 39.jpg
2013.02.15 15:00 B C:\ABR Master Files\ABR Website\images\bigmove2008\4.jpg <-- ABR Website /images/bigmove2008 4.jpg
2013.02.15 15:00 B C:\ABR Master Files\ABR Website\images\bigmove2008\40.jpg <-- ABR Website /images/bigmove2008 40.jpg
2013.02.15 15:00 B C:\ABR Master Files\ABR Website\images\bigmove2008\41.jpg <-- ABR Website /images/bigmove2008 41.jpg
2013.02.15 15:00 B C:\ABR Master Files\ABR Website\images\bigmove2008\42.jpg <-- ABR Website /images/bigmove2008 42.jpg
2013.02.15 15:00 B C:\ABR Master Files\ABR Website\images\bigmove2008\43.jpg <-- ABR Website /images/bigmove2008 43.jpg
2013.02.15 15:00 B C:\ABR Master Files\ABR Website\images\bigmove2008\44.jpg <-- ABR Website /images/bigmove2008 44.jpg
2013.02.15 15:00 B C:\ABR Master Files\ABR Website\images\bigmove2008\45.jpg <-- ABR Website /images/bigmove2008 45.jpg
2013.02.15 15:00 B C:\ABR Master Files\ABR Website\images\bigmove2008\5.jpg <-- ABR Website /images/bigmove2008 5.jpg
2013.02.15 15:00 B C:\ABR Master Files\ABR Website\images\bigmove2008\6.jpg <-- ABR Website /images/bigmove2008 6.jpg
2013.02.15 15:00 B C:\ABR Master Files\ABR Website\images\bigmove2008\7.jpg <-- ABR Website /images/bigmove2008 7.jpg
2013.02.15 15:00 B C:\ABR Master Files\ABR Website\images\bigmove2008\8.jpg <-- ABR Website /images/bigmove2008 8.jpg
2013.02.15 15:00 B C:\ABR Master Files\ABR Website\images\bigmove2008\9.jpg <-- ABR Website /images/bigmove2008 9.jpg
2013.02.15 15:00 B C:\ABR Master Files\ABR Website\images\bigmove2008\bicyclesawning.jpg <-- ABR Website /images/bigmove2008 bicyclesawning.jpg
2013.02.15 15:00 B C:\ABR Master Files\ABR Website\images\bigmove2008\carlscraphaul1.jpg <-- ABR Website /images/bigmove2008 carlscraphaul1.jpg
2013.02.15 15:00 B C:\ABR Master Files\ABR Website\images\bigmove2008\carlscraphaul2.jpg <-- ABR Website /images/bigmove2008 carlscraphaul2.jpg
2013.02.15 15:00 B C:\ABR Master Files\ABR Website\images\bigmove2008\carlscraphaul3.jpg <-- ABR Website /images/bigmove2008 carlscraphaul3.jpg
2013.02.15 15:00 B C:\ABR Master Files\ABR Website\images\bigmove2008\carlscraphaul4.jpg <-- ABR Website /images/bigmove2008 carlscraphaul4.jpg
2013.02.15 15:00 B C:\ABR Master Files\ABR Website\images\bigmove2008\haulplywood1.jpg <-- ABR Website /images/bigmove2008 haulplywood1.jpg
2013.02.15 15:00 B C:\ABR Master Files\ABR Website\images\bigmove2008\haulplywood2.jpg <-- ABR Website /images/bigmove2008 haulplywood2.jpg
2013.02.15 15:00 B C:\ABR Master Files\ABR Website\images\bigmove2008\insideshop1.jpg <-- ABR Website /images/bigmove2008 insideshop1.jpg
2013.02.15 15:00 B C:\ABR Master Files\ABR Website\images\bigmove2008\insideshop2.jpg <-- ABR Website /images/bigmove2008 insideshop2.jpg
2013.02.15 15:00 B C:\ABR Master Files\ABR Website\images\bigmove2008\insideshop3.jpg <-- ABR Website /images/bigmove2008 insideshop3.jpg
2013.02.15 15:00 B C:\ABR Master Files\ABR Website\images\bigmove2008\insideshop4.jpg <-- ABR Website /images/bigmove2008 insideshop4.jpg
2013.02.15 15:00 B C:\ABR Master Files\ABR Website\images\bigmove2008\insideshop5.jpg <-- ABR Website /images/bigmove2008 insideshop5.jpg
2013.02.15 15:00 B C:\ABR Master Files\ABR Website\images\bigmove2008\insideshop6.jpg <-- ABR Website /images/bigmove2008 insideshop6.jpg
2013.02.15 15:00 B C:\ABR Master Files\ABR Website\images\bigmove2008\insideshop7.jpg <-- ABR Website /images/bigmove2008 insideshop7.jpg
2013.02.15 15:00 B C:\ABR Master Files\ABR Website\images\bigmove2008\insideshop8.jpg <-- ABR Website /images/bigmove2008 insideshop8.jpg
2013.02.15 15:00 B C:\ABR Master Files\ABR Website\images\bigmove2008\newawning.jpg <-- ABR Website /images/bigmove2008 newawning.jpg
2013.02.15 15:00 B C:\ABR Master Files\ABR Website\images\bigmove2008\tilehaul.jpg <-- ABR Website /images/bigmove2008 tilehaul.jpg
2013.02.15 15:00 B C:\ABR Master Files\ABR Website\images\bigmove2008\toilet.jpg <-- ABR Website /images/bigmove2008 toilet.jpg
