2009.07.31 13:02 B Z:\ABR Website\images\kulani\aaronfield.jpg <-- ABR Website /images/kulani aaronfield.jpg
2009.07.31 13:02 B Z:\ABR Website\images\kulani\aaronteetertotter.jpg <-- ABR Website /images/kulani aaronteetertotter.jpg
2009.07.31 13:02 B Z:\ABR Website\images\kulani\aarontrail1.jpg <-- ABR Website /images/kulani aarontrail1.jpg
2009.07.31 13:02 B Z:\ABR Website\images\kulani\aarontrail2.jpg <-- ABR Website /images/kulani aarontrail2.jpg
2009.07.31 13:02 B Z:\ABR Website\images\kulani\alatapeworm.jpg <-- ABR Website /images/kulani alatapeworm.jpg
2009.07.31 13:02 B Z:\ABR Website\images\kulani\arch.jpg <-- ABR Website /images/kulani arch.jpg
2009.07.31 13:02 B Z:\ABR Website\images\kulani\ferngrotto.jpg <-- ABR Website /images/kulani ferngrotto.jpg
2009.07.31 13:02 B Z:\ABR Website\images\kulani\group.jpg <-- ABR Website /images/kulani group.jpg
2009.07.31 13:02 B Z:\ABR Website\images\kulani\groupthumb.jpg <-- ABR Website /images/kulani groupthumb.jpg
2009.07.31 13:02 B Z:\ABR Website\images\kulani\impateints.jpg <-- ABR Website /images/kulani impateints.jpg
2009.07.31 13:02 B Z:\ABR Website\images\kulani\jekyllatkulani.jpg <-- ABR Website /images/kulani jekyllatkulani.jpg
2009.07.31 13:02 B Z:\ABR Website\images\kulani\jimmyaaronboundaryroad.jpg <-- ABR Website /images/kulani jimmyaaronboundaryroad.jpg
2009.07.31 13:02 B Z:\ABR Website\images\kulani\jimmyaaronboundaryroadthumb.jpg <-- ABR Website /images/kulani jimmyaaronboundaryroadthumb.jpg
2009.07.31 13:02 B Z:\ABR Website\images\kulani\jimmykulani1.jpg <-- ABR Website /images/kulani jimmykulani1.jpg
2009.07.31 13:02 B Z:\ABR Website\images\kulani\jimmykulani2.jpg <-- ABR Website /images/kulani jimmykulani2.jpg
2009.07.31 13:02 B Z:\ABR Website\images\kulani\jimmyteetertotter.jpg <-- ABR Website /images/kulani jimmyteetertotter.jpg
2009.07.31 13:02 B Z:\ABR Website\images\kulani\kulanilocationmap.gif <-- ABR Website /images/kulani kulanilocationmap.gif
2009.07.31 13:02 B Z:\ABR Website\images\kulani\kulanitruck.jpg <-- ABR Website /images/kulani kulanitruck.jpg
2009.07.31 13:02 B Z:\ABR Website\images\kulani\trail1.jpg <-- ABR Website /images/kulani trail1.jpg
2009.07.31 13:02 B Z:\ABR Website\images\kulani\trailbed1.jpg <-- ABR Website /images/kulani trailbed1.jpg
2009.07.31 13:02 B Z:\ABR Website\images\kulani\trailbed2.jpg <-- ABR Website /images/kulani trailbed2.jpg
