2015.01.09 15:35 B Z:\ABR Website\images\usedbikes\supersport.jpg --> 324.b70.myftpupload.com /images/usedbikes supersport.jpg
2015.01.09 15:35 B Z:\ABR Website\images\usedbikes\redlotus2000m.jpg --> 324.b70.myftpupload.com /images/usedbikes redlotus2000m.jpg
2015.01.09 15:35 B Z:\ABR Website\images\usedbikes\blueunivegagrantourismo.jpg --> 324.b70.myftpupload.com /images/usedbikes blueunivegagrantourismo.jpg
2015.01.09 15:51 B Z:\ABR Website\images\usedbikes\orangecannonndalemtb.JPG --> 324.b70.myftpupload.com /images/usedbikes orangecannonndalemtb.JPG
2015.01.09 15:51 B Z:\ABR Website\images\usedbikes\ladiesblueschwinnsuburban.jpg --> 324.b70.myftpupload.com /images/usedbikes ladiesblueschwinnsuburban.jpg
2015.01.09 15:53 B Z:\ABR Website\images\usedbikes\orangecannondalemtb.JPG --> 324.b70.myftpupload.com /images/usedbikes orangecannondalemtb.JPG
2015.01.09 15:55 B Z:\ABR Website\images\usedbikes\orangecannondalemtb.jpg.JPG --> 324.b70.myftpupload.com /images/usedbikes orangecannondalemtb.jpg.JPG
2015.01.09 15:56 B Z:\ABR Website\images\usedbikes\orangecannondalemtb.jpg --> 324.b70.myftpupload.com /images/usedbikes orangecannondalemtb.jpg
2015.01.09 15:56 B Z:\ABR Website\images\usedbikes\ladiespinkschwinvarsity.jpg --> 324.b70.myftpupload.com /images/usedbikes ladiespinkschwinvarsity.jpg
2015.01.09 15:57 B Z:\ABR Website\images\usedbikes\ladiesblueschwinnsuburban.jpg --> 324.b70.myftpupload.com /images/usedbikes ladiesblueschwinnsuburban.jpg
2015.01.09 15:57 B Z:\ABR Website\images\usedbikes\ladiespinkschwinvarsity.jpg --> 324.b70.myftpupload.com /images/usedbikes ladiespinkschwinvarsity.jpg
2015.01.09 15:57 B Z:\ABR Website\images\usedbikes\ladiesgreenschwinnbreezeBEFORE.jpg --> 324.b70.myftpupload.com /images/usedbikes ladiesgreenschwinnbreezeBEFORE.jpg
2015.01.09 15:57 B Z:\ABR Website\images\usedbikes\supersport.jpg --> 324.b70.myftpupload.com /images/usedbikes supersport.jpg
2015.06.02 18:14 B Z:\ABR Website\images\usedbikes\novaracorsast.jpg --> 324.b70.myftpupload.com /images/usedbikes novaracorsast.jpg
2015.08.28 12:41 B Z:\ABR Files\ABR Website\images\usedbikes\brownschwinncontinental.JPG --> 324.b70.myftpupload.com /images/usedbikes brownschwinncontinental.JPG
2015.08.28 12:41 B Z:\ABR Files\ABR Website\images\usedbikes\purpleraleighjazzi.JPG --> 324.b70.myftpupload.com /images/usedbikes purpleraleighjazzi.JPG
2015.08.28 12:41 B Z:\ABR Files\ABR Website\images\usedbikes\bluetrek420.jpg --> 324.b70.myftpupload.com /images/usedbikes bluetrek420.jpg
2015.08.28 12:46 B Z:\ABR Files\ABR Website\images\usedbikes\brownschwinncontinental.jpg --> 324.b70.myftpupload.com /images/usedbikes brownschwinncontinental.jpg
2015.08.28 12:46 B Z:\ABR Files\ABR Website\images\usedbikes\purpleraleighjazzi.jpg --> 324.b70.myftpupload.com /images/usedbikes purpleraleighjazzi.jpg
2015.08.28 12:46 B Z:\ABR Files\ABR Website\images\usedbikes\bluetrek420.jpg --> 324.b70.myftpupload.com /images/usedbikes bluetrek420.jpg
2015.08.28 12:48 B Z:\ABR Files\ABR Website\images\usedbikes\bluetrek420.jpg --> 324.b70.myftpupload.com /images/usedbikes bluetrek420.jpg
2015.10.28 13:54 B Z:\ABR Files\ABR Website\images\usedbikes\browncorsarocabrio.jpg --> 324.b70.myftpupload.com /images/usedbikes browncorsarocabrio.jpg
2015.10.28 13:56 B Z:\ABR Files\ABR Website\images\usedbikes\brownschwinncontinental.jpg --> 324.b70.myftpupload.com /images/usedbikes brownschwinncontinental.jpg
2015.10.28 13:56 B Z:\ABR Files\ABR Website\images\usedbikes\browncorsarocabrio.jpg --> 324.b70.myftpupload.com /images/usedbikes browncorsarocabrio.jpg
2015.10.28 13:56 B Z:\ABR Files\ABR Website\images\usedbikes\blackraleighinstinct.jpg --> 324.b70.myftpupload.com /images/usedbikes blackraleighinstinct.jpg
2015.10.28 14:01 B Z:\ABR Files\ABR Website\images\usedbikes\supersport.jpg --> 324.b70.myftpupload.com /images/usedbikes supersport.jpg
2015.10.28 14:01 B Z:\ABR Files\ABR Website\images\usedbikes\novaracorsast.jpg --> 324.b70.myftpupload.com /images/usedbikes novaracorsast.jpg
2015.10.28 14:01 B Z:\ABR Files\ABR Website\images\usedbikes\greenpurpletrek800.jpg --> 324.b70.myftpupload.com /images/usedbikes greenpurpletrek800.jpg
