2009.07.31 13:02 B Z:\ABR Website\images\leapfrog\frostyleapfrog.jpg <-- ABR Website /images/leapfrog frostyleapfrog.jpg
2009.07.31 13:02 B Z:\ABR Website\images\leapfrog\handlebar.jpg <-- ABR Website /images/leapfrog handlebar.jpg
2009.07.31 13:02 B Z:\ABR Website\images\leapfrog\Image10.gif <-- ABR Website /images/leapfrog Image10.gif
2009.07.31 13:02 B Z:\ABR Website\images\leapfrog\Image3.gif <-- ABR Website /images/leapfrog Image3.gif
2009.07.31 13:02 B Z:\ABR Website\images\leapfrog\Image4.gif <-- ABR Website /images/leapfrog Image4.gif
2009.07.31 13:02 B Z:\ABR Website\images\leapfrog\Image5.gif <-- ABR Website /images/leapfrog Image5.gif
2009.07.31 13:02 B Z:\ABR Website\images\leapfrog\Image6.gif <-- ABR Website /images/leapfrog Image6.gif
2009.07.31 13:02 B Z:\ABR Website\images\leapfrog\Image7.gif <-- ABR Website /images/leapfrog Image7.gif
2009.07.31 13:02 B Z:\ABR Website\images\leapfrog\Image8.gif <-- ABR Website /images/leapfrog Image8.gif
2009.07.31 13:02 B Z:\ABR Website\images\leapfrog\Image9.gif <-- ABR Website /images/leapfrog Image9.gif
2009.07.31 13:02 B Z:\ABR Website\images\leapfrog\leapfrog1.jpg <-- ABR Website /images/leapfrog leapfrog1.jpg
2009.07.31 13:02 B Z:\ABR Website\images\leapfrog\leapfrog10.jpg <-- ABR Website /images/leapfrog leapfrog10.jpg
2009.07.31 13:02 B Z:\ABR Website\images\leapfrog\leapfrog11.jpg <-- ABR Website /images/leapfrog leapfrog11.jpg
2009.07.31 13:02 B Z:\ABR Website\images\leapfrog\leapfrog12.jpg <-- ABR Website /images/leapfrog leapfrog12.jpg
2009.07.31 13:02 B Z:\ABR Website\images\leapfrog\leapfrog13.jpg <-- ABR Website /images/leapfrog leapfrog13.jpg
2009.07.31 13:02 B Z:\ABR Website\images\leapfrog\leapfrog2.jpg <-- ABR Website /images/leapfrog leapfrog2.jpg
2009.07.31 13:03 B Z:\ABR Website\images\leapfrog\leapfrog3.jpg <-- ABR Website /images/leapfrog leapfrog3.jpg
2009.07.31 13:03 B Z:\ABR Website\images\leapfrog\leapfrog4.jpg <-- ABR Website /images/leapfrog leapfrog4.jpg
2009.07.31 13:03 B Z:\ABR Website\images\leapfrog\leapfrog5.jpg <-- ABR Website /images/leapfrog leapfrog5.jpg
2009.07.31 13:03 B Z:\ABR Website\images\leapfrog\leapfrog6.jpg <-- ABR Website /images/leapfrog leapfrog6.jpg
2009.07.31 13:03 B Z:\ABR Website\images\leapfrog\leapfrog8.jpg <-- ABR Website /images/leapfrog leapfrog8.jpg
2009.07.31 13:03 B Z:\ABR Website\images\leapfrog\leapfrog9.jpg <-- ABR Website /images/leapfrog leapfrog9.jpg
2009.07.31 13:03 B Z:\ABR Website\images\leapfrog\leapfrogbareframe.jpg <-- ABR Website /images/leapfrog leapfrogbareframe.jpg
2009.07.31 13:03 B Z:\ABR Website\images\leapfrog\leapfrogframedrawing.jpg <-- ABR Website /images/leapfrog leapfrogframedrawing.jpg
2009.07.31 13:03 B Z:\ABR Website\images\leapfrog\leapfroglinedrawing.jpg <-- ABR Website /images/leapfrog leapfroglinedrawing.jpg
2009.07.31 13:03 B Z:\ABR Website\images\leapfrog\leapfroglinedrawingcolor.jpg <-- ABR Website /images/leapfrog leapfroglinedrawingcolor.jpg
2009.07.31 13:03 B Z:\ABR Website\images\leapfrog\nx70explodeddiagram.pdf <-- ABR Website /images/leapfrog nx70explodeddiagram.pdf
2009.07.31 13:03 B Z:\ABR Website\images\leapfrog\nx70instructions.pdf <-- ABR Website /images/leapfrog nx70instructions.pdf
2009.07.31 13:03 B Z:\ABR Website\images\leapfrog\rawframeleapfrog.jpg <-- ABR Website /images/leapfrog rawframeleapfrog.jpg
2009.07.31 13:03 B Z:\ABR Website\images\leapfrog\rickgnehm.jpg <-- ABR Website /images/leapfrog rickgnehm.jpg
2009.07.31 13:03 B Z:\ABR Website\images\leapfrog\seat.jpg <-- ABR Website /images/leapfrog seat.jpg
2009.07.31 13:03 B Z:\ABR Website\images\leapfrog\stem.jpg <-- ABR Website /images/leapfrog stem.jpg
