2009.07.31 12:55 B Z:\ABR Website\images\btwd\banana.jpg <-- ABR Website /images/btwd banana.jpg
2009.07.31 12:55 B Z:\ABR Website\images\btwd\bikesonbridge.jpg <-- ABR Website /images/btwd bikesonbridge.jpg
2009.07.31 12:55 B Z:\ABR Website\images\btwd\brookxtracycle.jpg <-- ABR Website /images/btwd brookxtracycle.jpg
2009.07.31 12:55 B Z:\ABR Website\images\btwd\btwd1.jpg <-- ABR Website /images/btwd btwd1.jpg
2009.07.31 12:55 B Z:\ABR Website\images\btwd\btwd2.jpg <-- ABR Website /images/btwd btwd2.jpg
2009.07.31 12:55 B Z:\ABR Website\images\btwd\btwd3.jpg <-- ABR Website /images/btwd btwd3.jpg
2009.07.31 12:55 B Z:\ABR Website\images\btwd\btwd4.jpg <-- ABR Website /images/btwd btwd4.jpg
2009.07.31 12:55 B Z:\ABR Website\images\btwd\btwdbanner.jpg <-- ABR Website /images/btwd btwdbanner.jpg
2009.07.31 12:55 B Z:\ABR Website\images\btwd\dalejensen.jpg <-- ABR Website /images/btwd dalejensen.jpg
2009.07.31 12:55 B Z:\ABR Website\images\btwd\jimsprauge.jpg <-- ABR Website /images/btwd jimsprauge.jpg
2009.07.31 12:55 B Z:\ABR Website\images\btwd\joanstacey.jpg <-- ABR Website /images/btwd joanstacey.jpg
2009.07.31 12:55 B Z:\ABR Website\images\btwd\mikerichesondennisgrace.jpg <-- ABR Website /images/btwd mikerichesondennisgrace.jpg
2009.07.31 12:55 B Z:\ABR Website\images\btwd\petedelaat.jpg <-- ABR Website /images/btwd petedelaat.jpg
2009.07.31 12:55 B Z:\ABR Website\images\btwd\streetsurf.jpg <-- ABR Website /images/btwd streetsurf.jpg
2009.07.31 12:55 B Z:\ABR Website\images\btwd\susanholt.jpg <-- ABR Website /images/btwd susanholt.jpg
2009.07.31 12:55 B Z:\ABR Website\images\btwd\tshirt.jpg <-- ABR Website /images/btwd tshirt.jpg
2009.07.31 12:55 B Z:\ABR Website\images\btwd\unicycle.jpg <-- ABR Website /images/btwd unicycle.jpg
2009.07.31 12:55 B Z:\ABR Website\images\btwd\yvonnebates.jpg <-- ABR Website /images/btwd yvonnebates.jpg
2013.02.15 15:01 B C:\ABR Master Files\ABR Website\images\btwd\banana.jpg <-- ABR Website /images/btwd banana.jpg
2013.02.15 15:01 B C:\ABR Master Files\ABR Website\images\btwd\bikesonbridge.jpg <-- ABR Website /images/btwd bikesonbridge.jpg
2013.02.15 15:01 B C:\ABR Master Files\ABR Website\images\btwd\brookxtracycle.jpg <-- ABR Website /images/btwd brookxtracycle.jpg
2013.02.15 15:01 B C:\ABR Master Files\ABR Website\images\btwd\btwd1.jpg <-- ABR Website /images/btwd btwd1.jpg
2013.02.15 15:01 B C:\ABR Master Files\ABR Website\images\btwd\btwd2.jpg <-- ABR Website /images/btwd btwd2.jpg
2013.02.15 15:01 B C:\ABR Master Files\ABR Website\images\btwd\btwd3.jpg <-- ABR Website /images/btwd btwd3.jpg
2013.02.15 15:01 B C:\ABR Master Files\ABR Website\images\btwd\btwd4.jpg <-- ABR Website /images/btwd btwd4.jpg
2013.02.15 15:01 B C:\ABR Master Files\ABR Website\images\btwd\btwdbanner.jpg <-- ABR Website /images/btwd btwdbanner.jpg
2013.02.15 15:01 B C:\ABR Master Files\ABR Website\images\btwd\dalejensen.jpg <-- ABR Website /images/btwd dalejensen.jpg
2013.02.15 15:01 B C:\ABR Master Files\ABR Website\images\btwd\jimsprauge.jpg <-- ABR Website /images/btwd jimsprauge.jpg
2013.02.15 15:01 B C:\ABR Master Files\ABR Website\images\btwd\joanstacey.jpg <-- ABR Website /images/btwd joanstacey.jpg
2013.02.15 15:01 B C:\ABR Master Files\ABR Website\images\btwd\mikerichesondennisgrace.jpg <-- ABR Website /images/btwd mikerichesondennisgrace.jpg
2013.02.15 15:01 B C:\ABR Master Files\ABR Website\images\btwd\petedelaat.jpg <-- ABR Website /images/btwd petedelaat.jpg
2013.02.15 15:01 B C:\ABR Master Files\ABR Website\images\btwd\streetsurf.jpg <-- ABR Website /images/btwd streetsurf.jpg
2013.02.15 15:01 B C:\ABR Master Files\ABR Website\images\btwd\susanholt.jpg <-- ABR Website /images/btwd susanholt.jpg
2013.02.15 15:01 B C:\ABR Master Files\ABR Website\images\btwd\tshirt.jpg <-- ABR Website /images/btwd tshirt.jpg
2013.02.15 15:01 B C:\ABR Master Files\ABR Website\images\btwd\unicycle.jpg <-- ABR Website /images/btwd unicycle.jpg
2013.02.15 15:01 B C:\ABR Master Files\ABR Website\images\btwd\yvonnebates.jpg <-- ABR Website /images/btwd yvonnebates.jpg
