2010.10.29 18:53 B Z:\ABR Website\images\tuneup\thumbs\Thumbs.db --> rideyourbike.com /images/tuneup/thumbs Thumbs.db
2010.10.29 18:53 B Z:\ABR Website\images\tuneup\thumbs\rderbefore.JPG --> rideyourbike.com /images/tuneup/thumbs rderbefore.JPG
2010.10.29 18:53 B Z:\ABR Website\images\tuneup\thumbs\rderafter.JPG --> rideyourbike.com /images/tuneup/thumbs rderafter.JPG
2010.10.29 18:53 B Z:\ABR Website\images\tuneup\thumbs\crankbefore.JPG --> rideyourbike.com /images/tuneup/thumbs crankbefore.JPG
2010.10.29 18:53 B Z:\ABR Website\images\tuneup\thumbs\crankafter.JPG --> rideyourbike.com /images/tuneup/thumbs crankafter.JPG
2010.10.29 18:53 B Z:\ABR Website\images\tuneup\thumbs\9.JPG --> rideyourbike.com /images/tuneup/thumbs 9.JPG
2010.10.29 18:53 B Z:\ABR Website\images\tuneup\thumbs\8.JPG --> rideyourbike.com /images/tuneup/thumbs 8.JPG
2010.10.29 18:53 B Z:\ABR Website\images\tuneup\thumbs\7.JPG --> rideyourbike.com /images/tuneup/thumbs 7.JPG
2010.10.29 18:53 B Z:\ABR Website\images\tuneup\thumbs\6.JPG --> rideyourbike.com /images/tuneup/thumbs 6.JPG
2010.10.29 18:53 B Z:\ABR Website\images\tuneup\thumbs\50.JPG --> rideyourbike.com /images/tuneup/thumbs 50.JPG
2010.10.29 18:53 B Z:\ABR Website\images\tuneup\thumbs\5.JPG --> rideyourbike.com /images/tuneup/thumbs 5.JPG
2010.10.29 18:53 B Z:\ABR Website\images\tuneup\thumbs\49.JPG --> rideyourbike.com /images/tuneup/thumbs 49.JPG
2010.10.29 18:54 B Z:\ABR Website\images\tuneup\thumbs\48.JPG --> rideyourbike.com /images/tuneup/thumbs 48.JPG
2010.10.29 18:54 B Z:\ABR Website\images\tuneup\thumbs\47.JPG --> rideyourbike.com /images/tuneup/thumbs 47.JPG
2010.10.29 18:54 B Z:\ABR Website\images\tuneup\thumbs\46.JPG --> rideyourbike.com /images/tuneup/thumbs 46.JPG
2010.10.29 18:54 B Z:\ABR Website\images\tuneup\thumbs\45.JPG --> rideyourbike.com /images/tuneup/thumbs 45.JPG
2010.10.29 18:54 B Z:\ABR Website\images\tuneup\thumbs\44.JPG --> rideyourbike.com /images/tuneup/thumbs 44.JPG
2010.10.29 18:54 B Z:\ABR Website\images\tuneup\thumbs\43.JPG --> rideyourbike.com /images/tuneup/thumbs 43.JPG
2010.10.29 18:54 B Z:\ABR Website\images\tuneup\thumbs\42.JPG --> rideyourbike.com /images/tuneup/thumbs 42.JPG
2010.10.29 18:54 B Z:\ABR Website\images\tuneup\thumbs\41.JPG --> rideyourbike.com /images/tuneup/thumbs 41.JPG
2010.10.29 18:54 B Z:\ABR Website\images\tuneup\thumbs\40.JPG --> rideyourbike.com /images/tuneup/thumbs 40.JPG
2010.10.29 18:54 B Z:\ABR Website\images\tuneup\thumbs\4.JPG --> rideyourbike.com /images/tuneup/thumbs 4.JPG
2010.10.29 18:54 B Z:\ABR Website\images\tuneup\thumbs\39.JPG --> rideyourbike.com /images/tuneup/thumbs 39.JPG
2010.10.29 18:54 B Z:\ABR Website\images\tuneup\thumbs\38.JPG --> rideyourbike.com /images/tuneup/thumbs 38.JPG
2010.10.29 18:54 B Z:\ABR Website\images\tuneup\thumbs\37.JPG --> rideyourbike.com /images/tuneup/thumbs 37.JPG
2010.10.29 18:54 B Z:\ABR Website\images\tuneup\thumbs\36.JPG --> rideyourbike.com /images/tuneup/thumbs 36.JPG
2010.10.29 18:54 B Z:\ABR Website\images\tuneup\thumbs\35.JPG --> rideyourbike.com /images/tuneup/thumbs 35.JPG
2010.10.29 18:54 B Z:\ABR Website\images\tuneup\thumbs\34.JPG --> rideyourbike.com /images/tuneup/thumbs 34.JPG
2010.10.29 18:54 B Z:\ABR Website\images\tuneup\thumbs\33.JPG --> rideyourbike.com /images/tuneup/thumbs 33.JPG
2010.10.29 18:54 B Z:\ABR Website\images\tuneup\thumbs\32.JPG --> rideyourbike.com /images/tuneup/thumbs 32.JPG
2010.10.29 18:54 B Z:\ABR Website\images\tuneup\thumbs\31.JPG --> rideyourbike.com /images/tuneup/thumbs 31.JPG
2010.10.29 18:54 B Z:\ABR Website\images\tuneup\thumbs\30.JPG --> rideyourbike.com /images/tuneup/thumbs 30.JPG
2010.10.29 18:54 B Z:\ABR Website\images\tuneup\thumbs\3.JPG --> rideyourbike.com /images/tuneup/thumbs 3.JPG
2010.10.29 18:54 B Z:\ABR Website\images\tuneup\thumbs\29.JPG --> rideyourbike.com /images/tuneup/thumbs 29.JPG
2010.10.29 18:54 B Z:\ABR Website\images\tuneup\thumbs\28.JPG --> rideyourbike.com /images/tuneup/thumbs 28.JPG
2010.10.29 18:54 B Z:\ABR Website\images\tuneup\thumbs\27.JPG --> rideyourbike.com /images/tuneup/thumbs 27.JPG
2010.10.29 18:54 B Z:\ABR Website\images\tuneup\thumbs\26.JPG --> rideyourbike.com /images/tuneup/thumbs 26.JPG
2010.10.29 18:54 B Z:\ABR Website\images\tuneup\thumbs\25.JPG --> rideyourbike.com /images/tuneup/thumbs 25.JPG
2010.10.29 18:54 B Z:\ABR Website\images\tuneup\thumbs\24.JPG --> rideyourbike.com /images/tuneup/thumbs 24.JPG
2010.10.29 18:54 B Z:\ABR Website\images\tuneup\thumbs\23.JPG --> rideyourbike.com /images/tuneup/thumbs 23.JPG
2010.10.29 18:54 B Z:\ABR Website\images\tuneup\thumbs\22.JPG --> rideyourbike.com /images/tuneup/thumbs 22.JPG
2010.10.29 18:54 B Z:\ABR Website\images\tuneup\thumbs\21.JPG --> rideyourbike.com /images/tuneup/thumbs 21.JPG
2010.10.29 18:54 B Z:\ABR Website\images\tuneup\thumbs\20.JPG --> rideyourbike.com /images/tuneup/thumbs 20.JPG
2010.10.29 18:54 B Z:\ABR Website\images\tuneup\thumbs\2.JPG --> rideyourbike.com /images/tuneup/thumbs 2.JPG
2010.10.29 18:54 B Z:\ABR Website\images\tuneup\thumbs\19.JPG --> rideyourbike.com /images/tuneup/thumbs 19.JPG
2010.10.29 18:54 B Z:\ABR Website\images\tuneup\thumbs\18.JPG --> rideyourbike.com /images/tuneup/thumbs 18.JPG
2010.10.29 18:54 B Z:\ABR Website\images\tuneup\thumbs\17.JPG --> rideyourbike.com /images/tuneup/thumbs 17.JPG
2010.10.29 18:54 B Z:\ABR Website\images\tuneup\thumbs\16.JPG --> rideyourbike.com /images/tuneup/thumbs 16.JPG
2010.10.29 18:54 B Z:\ABR Website\images\tuneup\thumbs\15.JPG --> rideyourbike.com /images/tuneup/thumbs 15.JPG
2010.10.29 18:54 B Z:\ABR Website\images\tuneup\thumbs\14.JPG --> rideyourbike.com /images/tuneup/thumbs 14.JPG
2010.10.29 18:54 B Z:\ABR Website\images\tuneup\thumbs\13.JPG --> rideyourbike.com /images/tuneup/thumbs 13.JPG
2010.10.29 18:54 B Z:\ABR Website\images\tuneup\thumbs\12.JPG --> rideyourbike.com /images/tuneup/thumbs 12.JPG
2010.10.29 18:54 B Z:\ABR Website\images\tuneup\thumbs\11.JPG --> rideyourbike.com /images/tuneup/thumbs 11.JPG
2010.10.29 18:54 B Z:\ABR Website\images\tuneup\thumbs\10.JPG --> rideyourbike.com /images/tuneup/thumbs 10.JPG
2010.10.29 18:54 B Z:\ABR Website\images\tuneup\thumbs\1.JPG --> rideyourbike.com /images/tuneup/thumbs 1.JPG
2010.10.31 14:30 B Z:\ABR Website\images\tuneup\thumbs\50.JPG --> rideyourbike.com /images/tuneup/thumbs 50.JPG
