2009.07.31 13:05 B Z:\ABR Website\images\repairstandards\mtbshifterpositionafter.jpg <-- ABR Website /images/repairstandards mtbshifterpositionafter.jpg
2009.07.31 13:05 B Z:\ABR Website\images\repairstandards\mtbshifterpositionbefore.jpg <-- ABR Website /images/repairstandards mtbshifterpositionbefore.jpg
2009.07.31 13:05 B Z:\ABR Website\images\repairstandards\Thumbs.db <-- ABR Website /images/repairstandards Thumbs.db
2010.02.20 15:34 B Z:\ABR Website\images\repairstandards\steertubestem.jpg --> rideyourbike.com /images/repairstandards steertubestem.jpg
2010.02.26 18:47 B Z:\ABR Website\images\repairstandards\reflectortaillight.jpg --> rideyourbike.com /images/repairstandards reflectortaillight.jpg
2010.03.06 14:07 B Z:\ABR Website\images\repairstandards\rearbrakecablerouting.jpg --> rideyourbike.com /images/repairstandards rearbrakecablerouting.jpg
2010.03.06 17:02 B Z:\ABR Website\images\repairstandards\housingwear.jpg --> rideyourbike.com /images/repairstandards housingwear.jpg
2010.03.11 17:11 B Z:\ABR Website\images\repairstandards\ergopower.jpg --> rideyourbike.com /images/repairstandards ergopower.jpg
2010.03.11 17:38 B Z:\ABR Website\images\repairstandards\qr.jpg --> rideyourbike.com /images/repairstandards qr.jpg
2010.03.11 17:57 B Z:\ABR Website\images\repairstandards\housingwear.jpg --> rideyourbike.com /images/repairstandards housingwear.jpg
2010.03.11 17:57 B Z:\ABR Website\images\repairstandards\housingwearafter2.jpg --> rideyourbike.com /images/repairstandards housingwearafter2.jpg
2010.03.11 17:57 B Z:\ABR Website\images\repairstandards\housingwearafter1.jpg --> rideyourbike.com /images/repairstandards housingwearafter1.jpg
2010.04.25 13:53 B Z:\ABR Website\images\repairstandards\esgekickstand.jpg --> rideyourbike.com /images/repairstandards esgekickstand.jpg
2010.04.30 17:56 B Z:\ABR Website\images\repairstandards\quillpedal2.jpg --> rideyourbike.com /images/repairstandards quillpedal2.jpg
2010.04.30 17:56 B Z:\ABR Website\images\repairstandards\quillpedal1.jpg --> rideyourbike.com /images/repairstandards quillpedal1.jpg
2011.01.03 18:12 B Z:\ABR Website\images\repairstandards\discmicrometer.jpg --> rideyourbike.com /images/repairstandards discmicrometer.jpg
2011.03.31 13:53 B Z:\ABR Website\images\repairstandards\shimanovbrakeinfo.jpg --> rideyourbike.com /images/repairstandards shimanovbrakeinfo.jpg
2011.11.08 18:27 B Z:\ABR Website\images\repairstandards\cantireflectorbracket.jpg --> rideyourbike.com /images/repairstandards cantireflectorbracket.jpg
2012.01.07 14:24 B Z:\ABR Website\images\repairstandards\shimanodiscrotor.jpg --> rideyourbike.com /images/repairstandards shimanodiscrotor.jpg
2012.01.07 14:24 B Z:\ABR Website\images\repairstandards\caliper2.jpg --> rideyourbike.com /images/repairstandards caliper2.jpg
2012.01.07 14:24 B Z:\ABR Website\images\repairstandards\caliper1.jpg --> rideyourbike.com /images/repairstandards caliper1.jpg
2012.01.07 14:24 B Z:\ABR Website\images\repairstandards\micrometer.jpg --> rideyourbike.com /images/repairstandards micrometer.jpg
2012.01.07 14:24 B Z:\ABR Website\images\repairstandards\hayesdiscrotor.jpg --> rideyourbike.com /images/repairstandards hayesdiscrotor.jpg
2012.01.07 14:24 B Z:\ABR Website\images\repairstandards\discmicrometer.jpg --> rideyourbike.com /images/repairstandards discmicrometer.jpg
