2009.07.31 12:52 B Z:\ABR Website\images\5yearanniversary\aaronbraxton.jpg <-- ABR Website /images/5yearanniversary aaronbraxton.jpg
2009.07.31 12:52 B Z:\ABR Website\images\5yearanniversary\beerpour.jpg <-- ABR Website /images/5yearanniversary beerpour.jpg
2009.07.31 12:52 B Z:\ABR Website\images\5yearanniversary\betty.jpg <-- ABR Website /images/5yearanniversary betty.jpg
2009.07.31 12:52 B Z:\ABR Website\images\5yearanniversary\braxtonrowdy.jpg <-- ABR Website /images/5yearanniversary braxtonrowdy.jpg
2009.07.31 12:52 B Z:\ABR Website\images\5yearanniversary\braxtonusabikejoan.jpg <-- ABR Website /images/5yearanniversary braxtonusabikejoan.jpg
2009.07.31 12:52 B Z:\ABR Website\images\5yearanniversary\davidcleo.jpg <-- ABR Website /images/5yearanniversary davidcleo.jpg
2009.07.31 12:52 B Z:\ABR Website\images\5yearanniversary\doggies.jpg <-- ABR Website /images/5yearanniversary doggies.jpg
2009.07.31 12:52 B Z:\ABR Website\images\5yearanniversary\dougbill.jpg <-- ABR Website /images/5yearanniversary dougbill.jpg
2009.07.31 12:52 B Z:\ABR Website\images\5yearanniversary\gypsielindseykeven.jpg <-- ABR Website /images/5yearanniversary gypsielindseykeven.jpg
2009.07.31 12:52 B Z:\ABR Website\images\5yearanniversary\halopaulwithwife.jpg <-- ABR Website /images/5yearanniversary halopaulwithwife.jpg
2009.07.31 12:52 B Z:\ABR Website\images\5yearanniversary\jackmikemichelle.jpg <-- ABR Website /images/5yearanniversary jackmikemichelle.jpg
2009.07.31 12:52 B Z:\ABR Website\images\5yearanniversary\jeffsue.jpg <-- ABR Website /images/5yearanniversary jeffsue.jpg
2009.07.31 12:52 B Z:\ABR Website\images\5yearanniversary\joankeven.jpg <-- ABR Website /images/5yearanniversary joankeven.jpg
2009.07.31 12:52 B Z:\ABR Website\images\5yearanniversary\michelleolivia.jpg <-- ABR Website /images/5yearanniversary michelleolivia.jpg
2009.07.31 12:52 B Z:\ABR Website\images\5yearanniversary\scene1.jpg <-- ABR Website /images/5yearanniversary scene1.jpg
2009.07.31 12:52 B Z:\ABR Website\images\5yearanniversary\scene2.jpg <-- ABR Website /images/5yearanniversary scene2.jpg
2009.07.31 12:52 B Z:\ABR Website\images\5yearanniversary\scene3.jpg <-- ABR Website /images/5yearanniversary scene3.jpg
2009.07.31 12:52 B Z:\ABR Website\images\5yearanniversary\watchitmister.jpg <-- ABR Website /images/5yearanniversary watchitmister.jpg
2013.02.15 14:59 B C:\ABR Master Files\ABR Website\images\5yearanniversary\aaronbraxton.jpg <-- ABR Website /images/5yearanniversary aaronbraxton.jpg
2013.02.15 14:59 B C:\ABR Master Files\ABR Website\images\5yearanniversary\beerpour.jpg <-- ABR Website /images/5yearanniversary beerpour.jpg
2013.02.15 14:59 B C:\ABR Master Files\ABR Website\images\5yearanniversary\betty.jpg <-- ABR Website /images/5yearanniversary betty.jpg
2013.02.15 14:59 B C:\ABR Master Files\ABR Website\images\5yearanniversary\braxtonrowdy.jpg <-- ABR Website /images/5yearanniversary braxtonrowdy.jpg
2013.02.15 14:59 B C:\ABR Master Files\ABR Website\images\5yearanniversary\braxtonusabikejoan.jpg <-- ABR Website /images/5yearanniversary braxtonusabikejoan.jpg
2013.02.15 14:59 B C:\ABR Master Files\ABR Website\images\5yearanniversary\davidcleo.jpg <-- ABR Website /images/5yearanniversary davidcleo.jpg
2013.02.15 14:59 B C:\ABR Master Files\ABR Website\images\5yearanniversary\doggies.jpg <-- ABR Website /images/5yearanniversary doggies.jpg
2013.02.15 14:59 B C:\ABR Master Files\ABR Website\images\5yearanniversary\dougbill.jpg <-- ABR Website /images/5yearanniversary dougbill.jpg
2013.02.15 14:59 B C:\ABR Master Files\ABR Website\images\5yearanniversary\gypsielindseykeven.jpg <-- ABR Website /images/5yearanniversary gypsielindseykeven.jpg
2013.02.15 14:59 B C:\ABR Master Files\ABR Website\images\5yearanniversary\halopaulwithwife.jpg <-- ABR Website /images/5yearanniversary halopaulwithwife.jpg
2013.02.15 14:59 B C:\ABR Master Files\ABR Website\images\5yearanniversary\jackmikemichelle.jpg <-- ABR Website /images/5yearanniversary jackmikemichelle.jpg
2013.02.15 14:59 B C:\ABR Master Files\ABR Website\images\5yearanniversary\jeffsue.jpg <-- ABR Website /images/5yearanniversary jeffsue.jpg
2013.02.15 14:59 B C:\ABR Master Files\ABR Website\images\5yearanniversary\joankeven.jpg <-- ABR Website /images/5yearanniversary joankeven.jpg
2013.02.15 14:59 B C:\ABR Master Files\ABR Website\images\5yearanniversary\michelleolivia.jpg <-- ABR Website /images/5yearanniversary michelleolivia.jpg
2013.02.15 14:59 B C:\ABR Master Files\ABR Website\images\5yearanniversary\scene1.jpg <-- ABR Website /images/5yearanniversary scene1.jpg
2013.02.15 14:59 B C:\ABR Master Files\ABR Website\images\5yearanniversary\scene2.jpg <-- ABR Website /images/5yearanniversary scene2.jpg
2013.02.15 14:59 B C:\ABR Master Files\ABR Website\images\5yearanniversary\scene3.jpg <-- ABR Website /images/5yearanniversary scene3.jpg
2013.02.15 14:59 B C:\ABR Master Files\ABR Website\images\5yearanniversary\watchitmister.jpg <-- ABR Website /images/5yearanniversary watchitmister.jpg
