2009.07.31 12:59 B Z:\ABR Website\images\frontofshop\aaronshopfebruary2005.jpg <-- ABR Website /images/frontofshop aaronshopfebruary2005.jpg
2009.07.31 12:59 B Z:\ABR Website\images\frontofshop\abrolsensclose.jpg <-- ABR Website /images/frontofshop abrolsensclose.jpg
2009.07.31 12:59 B Z:\ABR Website\images\frontofshop\abrolsenswide.jpg <-- ABR Website /images/frontofshop abrolsenswide.jpg
2009.07.31 12:59 B Z:\ABR Website\images\frontofshop\cruisin.jpeg <-- ABR Website /images/frontofshop cruisin.jpeg
2009.07.31 12:59 B Z:\ABR Website\images\frontofshop\fall2001shop.jpg <-- ABR Website /images/frontofshop fall2001shop.jpg
2009.07.31 12:59 B Z:\ABR Website\images\frontofshop\frontofshopatnight.jpeg <-- ABR Website /images/frontofshop frontofshopatnight.jpeg
2009.07.31 12:59 B Z:\ABR Website\images\frontofshop\future.jpg <-- ABR Website /images/frontofshop future.jpg
2009.07.31 12:59 B Z:\ABR Website\images\frontofshop\newshopawningidea.jpg <-- ABR Website /images/frontofshop newshopawningidea.jpg
2009.07.31 12:59 B Z:\ABR Website\images\frontofshop\newshopcloseupwinter2004.jpg <-- ABR Website /images/frontofshop newshopcloseupwinter2004.jpg
2009.07.31 12:59 B Z:\ABR Website\images\frontofshop\newshopdecember2004.jpg <-- ABR Website /images/frontofshop newshopdecember2004.jpg
2009.07.31 12:59 B Z:\ABR Website\images\frontofshop\newshopfrontsmall.jpg <-- ABR Website /images/frontofshop newshopfrontsmall.jpg
2009.07.31 12:59 B Z:\ABR Website\images\frontofshop\newshopfrontwinter2004.jpg <-- ABR Website /images/frontofshop newshopfrontwinter2004.jpg
2009.07.31 12:59 B Z:\ABR Website\images\frontofshop\newshopfrontwinter2004sidewalkview.jpg <-- ABR Website /images/frontofshop newshopfrontwinter2004sidewalkview.jpg
2009.07.31 12:59 B Z:\ABR Website\images\frontofshop\newshopmay2004.jpg <-- ABR Website /images/frontofshop newshopmay2004.jpg
2009.07.31 12:59 B Z:\ABR Website\images\frontofshop\newshopnovember2004.jpg <-- ABR Website /images/frontofshop newshopnovember2004.jpg
2009.07.31 12:59 B Z:\ABR Website\images\frontofshop\oldshop1.jpg <-- ABR Website /images/frontofshop oldshop1.jpg
2009.07.31 12:59 B Z:\ABR Website\images\frontofshop\oldshop2.jpg <-- ABR Website /images/frontofshop oldshop2.jpg
2009.07.31 12:59 B Z:\ABR Website\images\frontofshop\oldshop3.jpg <-- ABR Website /images/frontofshop oldshop3.jpg
2009.07.31 12:59 B Z:\ABR Website\images\frontofshop\oldshop4.jpg <-- ABR Website /images/frontofshop oldshop4.jpg
2009.07.31 12:59 B Z:\ABR Website\images\frontofshop\shopatdusk.jpeg <-- ABR Website /images/frontofshop shopatdusk.jpeg
2009.07.31 12:59 B Z:\ABR Website\images\frontofshop\spring1997.jpg <-- ABR Website /images/frontofshop spring1997.jpg
2009.07.31 12:59 B Z:\ABR Website\images\frontofshop\spring2002shop.jpg <-- ABR Website /images/frontofshop spring2002shop.jpg
2009.07.31 12:59 B Z:\ABR Website\images\frontofshop\subwayview.jpg <-- ABR Website /images/frontofshop subwayview.jpg
2009.07.31 12:59 B Z:\ABR Website\images\frontofshop\summer2000shop1.jpg <-- ABR Website /images/frontofshop summer2000shop1.jpg
2009.07.31 12:59 B Z:\ABR Website\images\frontofshop\summer2000shop2.jpg <-- ABR Website /images/frontofshop summer2000shop2.jpg
2009.07.31 12:59 B Z:\ABR Website\images\frontofshop\summer2001shop.jpg <-- ABR Website /images/frontofshop summer2001shop.jpg
2009.07.31 12:59 B Z:\ABR Website\images\frontofshop\summer2002shop.jpg <-- ABR Website /images/frontofshop summer2002shop.jpg
2009.07.31 12:59 B Z:\ABR Website\images\frontofshop\temporarysign.jpg <-- ABR Website /images/frontofshop temporarysign.jpg
2009.07.31 12:59 B Z:\ABR Website\images\frontofshop\washdog.jpg <-- ABR Website /images/frontofshop washdog.jpg
2011.09.18 13:19 B Z:\ABR Website\images\frontofshop\newshopfrontsmall.jpg --> rideyourbike.com /images/frontofshop newshopfrontsmall.jpg
2013.02.15 15:04 B C:\ABR Master Files\ABR Website\images\frontofshop\aaronshopfebruary2005.jpg <-- ABR Website /images/frontofshop aaronshopfebruary2005.jpg
2013.02.15 15:04 B C:\ABR Master Files\ABR Website\images\frontofshop\abrolsensclose.jpg <-- ABR Website /images/frontofshop abrolsensclose.jpg
2013.02.15 15:04 B C:\ABR Master Files\ABR Website\images\frontofshop\abrolsenswide.jpg <-- ABR Website /images/frontofshop abrolsenswide.jpg
2013.02.15 15:04 B C:\ABR Master Files\ABR Website\images\frontofshop\cruisin.jpeg <-- ABR Website /images/frontofshop cruisin.jpeg
2013.02.15 15:04 B C:\ABR Master Files\ABR Website\images\frontofshop\fall2001shop.jpg <-- ABR Website /images/frontofshop fall2001shop.jpg
2013.02.15 15:04 B C:\ABR Master Files\ABR Website\images\frontofshop\frontofshopatnight.jpeg <-- ABR Website /images/frontofshop frontofshopatnight.jpeg
2013.02.15 15:04 B C:\ABR Master Files\ABR Website\images\frontofshop\future.jpg <-- ABR Website /images/frontofshop future.jpg
2013.02.15 15:04 B C:\ABR Master Files\ABR Website\images\frontofshop\newshopawningidea.jpg <-- ABR Website /images/frontofshop newshopawningidea.jpg
2013.02.15 15:04 B C:\ABR Master Files\ABR Website\images\frontofshop\newshopcloseupwinter2004.jpg <-- ABR Website /images/frontofshop newshopcloseupwinter2004.jpg
2013.02.15 15:04 B C:\ABR Master Files\ABR Website\images\frontofshop\newshopdecember2004.jpg <-- ABR Website /images/frontofshop newshopdecember2004.jpg
2013.02.15 15:04 B C:\ABR Master Files\ABR Website\images\frontofshop\newshopfrontwinter2004.jpg <-- ABR Website /images/frontofshop newshopfrontwinter2004.jpg
2013.02.15 15:04 B C:\ABR Master Files\ABR Website\images\frontofshop\newshopfrontwinter2004sidewalkview.jpg <-- ABR Website /images/frontofshop newshopfrontwinter2004sidewalkview.jpg
2013.02.15 15:04 B C:\ABR Master Files\ABR Website\images\frontofshop\newshopmay2004.jpg <-- ABR Website /images/frontofshop newshopmay2004.jpg
2013.02.15 15:04 B C:\ABR Master Files\ABR Website\images\frontofshop\newshopnovember2004.jpg <-- ABR Website /images/frontofshop newshopnovember2004.jpg
2013.02.15 15:04 B C:\ABR Master Files\ABR Website\images\frontofshop\oldshop1.jpg <-- ABR Website /images/frontofshop oldshop1.jpg
2013.02.15 15:04 B C:\ABR Master Files\ABR Website\images\frontofshop\oldshop2.jpg <-- ABR Website /images/frontofshop oldshop2.jpg
2013.02.15 15:04 B C:\ABR Master Files\ABR Website\images\frontofshop\oldshop3.jpg <-- ABR Website /images/frontofshop oldshop3.jpg
2013.02.15 15:04 B C:\ABR Master Files\ABR Website\images\frontofshop\oldshop4.jpg <-- ABR Website /images/frontofshop oldshop4.jpg
2013.02.15 15:04 B C:\ABR Master Files\ABR Website\images\frontofshop\shopatdusk.jpeg <-- ABR Website /images/frontofshop shopatdusk.jpeg
2013.02.15 15:04 B C:\ABR Master Files\ABR Website\images\frontofshop\spring1997.jpg <-- ABR Website /images/frontofshop spring1997.jpg
2013.02.15 15:04 B C:\ABR Master Files\ABR Website\images\frontofshop\spring2002shop.jpg <-- ABR Website /images/frontofshop spring2002shop.jpg
2013.02.15 15:04 B C:\ABR Master Files\ABR Website\images\frontofshop\subwayview.jpg <-- ABR Website /images/frontofshop subwayview.jpg
2013.02.15 15:04 B C:\ABR Master Files\ABR Website\images\frontofshop\summer2000shop1.jpg <-- ABR Website /images/frontofshop summer2000shop1.jpg
2013.02.15 15:04 B C:\ABR Master Files\ABR Website\images\frontofshop\summer2000shop2.jpg <-- ABR Website /images/frontofshop summer2000shop2.jpg
2013.02.15 15:04 B C:\ABR Master Files\ABR Website\images\frontofshop\summer2001shop.jpg <-- ABR Website /images/frontofshop summer2001shop.jpg
2013.02.15 15:04 B C:\ABR Master Files\ABR Website\images\frontofshop\summer2002shop.jpg <-- ABR Website /images/frontofshop summer2002shop.jpg
2013.02.15 15:04 B C:\ABR Master Files\ABR Website\images\frontofshop\temporarysign.jpg <-- ABR Website /images/frontofshop temporarysign.jpg
2013.02.15 15:04 B C:\ABR Master Files\ABR Website\images\frontofshop\washdog.jpg <-- ABR Website /images/frontofshop washdog.jpg
