2012.10.20 15:45 B Z:\ABR Website\images\urbanmixtie\Thumbs.db --> rideyourbike.com /images/urbanmixtie Thumbs.db
2012.10.20 15:45 B Z:\ABR Website\images\urbanmixtie\urbanmixtiefullsize.jpg --> rideyourbike.com /images/urbanmixtie urbanmixtiefullsize.jpg
2012.10.20 15:45 B Z:\ABR Website\images\urbanmixtie\urbanmixtie4.jpg --> rideyourbike.com /images/urbanmixtie urbanmixtie4.jpg
2012.10.20 15:45 B Z:\ABR Website\images\urbanmixtie\urbanmixtie3.jpg --> rideyourbike.com /images/urbanmixtie urbanmixtie3.jpg
2012.10.20 15:45 B Z:\ABR Website\images\urbanmixtie\urbanmixtie2.jpg --> rideyourbike.com /images/urbanmixtie urbanmixtie2.jpg
2012.10.20 15:45 B Z:\ABR Website\images\urbanmixtie\urbanmixtie1.jpg --> rideyourbike.com /images/urbanmixtie urbanmixtie1.jpg
2012.10.20 15:45 B Z:\ABR Website\images\urbanmixtie\urbanKHSfullsize.jpg --> rideyourbike.com /images/urbanmixtie urbanKHSfullsize.jpg
2012.10.20 15:45 B Z:\ABR Website\images\urbanmixtie\urbanKHS.jpg --> rideyourbike.com /images/urbanmixtie urbanKHS.jpg
2012.10.20 15:45 B Z:\ABR Website\images\urbanmixtie\urbanmixtie6.jpg --> rideyourbike.com /images/urbanmixtie urbanmixtie6.jpg
2012.10.20 15:45 B Z:\ABR Website\images\urbanmixtie\urbanmixtie5.jpg --> rideyourbike.com /images/urbanmixtie urbanmixtie5.jpg
2012.10.20 15:45 B Z:\ABR Website\images\urbanmixtie\urbanmixtie9.jpg --> rideyourbike.com /images/urbanmixtie urbanmixtie9.jpg
2012.10.20 15:45 B Z:\ABR Website\images\urbanmixtie\urbanmixtie10.jpg --> rideyourbike.com /images/urbanmixtie urbanmixtie10.jpg
2012.10.20 15:45 B Z:\ABR Website\images\urbanmixtie\urbanmixtie8.jpg --> rideyourbike.com /images/urbanmixtie urbanmixtie8.jpg
2012.10.20 15:45 B Z:\ABR Website\images\urbanmixtie\urbanmixtie7.jpg --> rideyourbike.com /images/urbanmixtie urbanmixtie7.jpg
2012.10.20 15:45 B Z:\ABR Website\images\urbanmixtie\urbanmixtie.jpg --> rideyourbike.com /images/urbanmixtie urbanmixtie.jpg
2012.10.24 17:07 B Z:\ABR Website\images\urbanmixtie\skullxtracycle.jpg --> rideyourbike.com /images/urbanmixtie skullxtracycle.jpg
2012.10.24 17:07 B Z:\ABR Website\images\urbanmixtie\typicalcityconversion.jpg --> rideyourbike.com /images/urbanmixtie typicalcityconversion.jpg
2012.10.24 17:17 B Z:\ABR Website\images\urbanmixtie\whitesomamixtie.jpg --> rideyourbike.com /images/urbanmixtie whitesomamixtie.jpg
2012.10.24 17:19 B Z:\ABR Website\images\urbanmixtie\whitesomamixtie.jpg --> rideyourbike.com /images/urbanmixtie whitesomamixtie.jpg
2012.10.24 17:19 B Z:\ABR Website\images\urbanmixtie\whitesomamixtie.jpg --> rideyourbike.com /images/urbanmixtie whitesomamixtie.jpg
2012.10.25 11:17 B Z:\ABR Website\images\urbanmixtie\urbanmixtiefullsize.jpg --> rideyourbike.com /images/urbanmixtie urbanmixtiefullsize.jpg
2012.10.25 11:17 B Z:\ABR Website\images\urbanmixtie\urbanmixtie.jpg --> rideyourbike.com /images/urbanmixtie urbanmixtie.jpg
2012.10.25 11:17 B Z:\ABR Website\images\urbanmixtie\urbanKHSfullsize.jpg --> rideyourbike.com /images/urbanmixtie urbanKHSfullsize.jpg
2012.10.25 11:17 B Z:\ABR Website\images\urbanmixtie\urbanKHS.jpg --> rideyourbike.com /images/urbanmixtie urbanKHS.jpg
