2009.07.31 12:54 B Z:\ABR Website\images\brandlogos\ame.gif <-- ABR Website /images/brandlogos ame.gif
2009.07.31 12:54 B Z:\ABR Website\images\brandlogos\avid.gif <-- ABR Website /images/brandlogos avid.gif
2009.07.31 12:54 B Z:\ABR Website\images\brandlogos\bicycleresearch.gif <-- ABR Website /images/brandlogos bicycleresearch.gif
2009.07.31 12:54 B Z:\ABR Website\images\brandlogos\bigcheese.gif <-- ABR Website /images/brandlogos bigcheese.gif
2009.07.31 12:54 B Z:\ABR Website\images\brandlogos\bikestationlogo.jpg <-- ABR Website /images/brandlogos bikestationlogo.jpg
2009.07.31 12:54 B Z:\ABR Website\images\brandlogos\burley.gif <-- ABR Website /images/brandlogos burley.gif
2009.07.31 12:54 B Z:\ABR Website\images\brandlogos\campy.gif <-- ABR Website /images/brandlogos campy.gif
2009.07.31 12:54 B Z:\ABR Website\images\brandlogos\canecreek.gif <-- ABR Website /images/brandlogos canecreek.gif
2009.07.31 12:54 B Z:\ABR Website\images\brandlogos\cannondale2.jpeg <-- ABR Website /images/brandlogos cannondale2.jpeg
2009.07.31 12:54 B Z:\ABR Website\images\brandlogos\cannondalebanner.gif <-- ABR Website /images/brandlogos cannondalebanner.gif
2009.07.31 12:54 B Z:\ABR Website\images\brandlogos\cannondalebanner.jpg <-- ABR Website /images/brandlogos cannondalebanner.jpg
2009.07.31 12:54 B Z:\ABR Website\images\brandlogos\cateye.gif <-- ABR Website /images/brandlogos cateye.gif
2009.07.31 12:54 B Z:\ABR Website\images\brandlogos\chrisking.gif <-- ABR Website /images/brandlogos chrisking.gif
2009.07.31 12:54 B Z:\ABR Website\images\brandlogos\chrisking.jpg <-- ABR Website /images/brandlogos chrisking.jpg
2009.07.31 12:54 B Z:\ABR Website\images\brandlogos\cinelli.gif <-- ABR Website /images/brandlogos cinelli.gif
2009.07.31 12:54 B Z:\ABR Website\images\brandlogos\cratoni.gif <-- ABR Website /images/brandlogos cratoni.gif
2009.07.31 12:54 B Z:\ABR Website\images\brandlogos\cycleaware.gif <-- ABR Website /images/brandlogos cycleaware.gif
2009.07.31 12:54 B Z:\ABR Website\images\brandlogos\delta.gif <-- ABR Website /images/brandlogos delta.gif
2009.07.31 12:54 B Z:\ABR Website\images\brandlogos\diacompe.gif <-- ABR Website /images/brandlogos diacompe.gif
2009.07.31 12:54 B Z:\ABR Website\images\brandlogos\dt.gif <-- ABR Website /images/brandlogos dt.gif
2009.07.31 12:55 B Z:\ABR Website\images\brandlogos\finishline.gif <-- ABR Website /images/brandlogos finishline.gif
2009.07.31 12:55 B Z:\ABR Website\images\brandlogos\giro.gif <-- ABR Website /images/brandlogos giro.gif
2009.07.31 12:55 B Z:\ABR Website\images\brandlogos\graber.gif <-- ABR Website /images/brandlogos graber.gif
2009.07.31 12:55 B Z:\ABR Website\images\brandlogos\hayes.jpg <-- ABR Website /images/brandlogos hayes.jpg
2009.07.31 12:55 B Z:\ABR Website\images\brandlogos\headland.gif <-- ABR Website /images/brandlogos headland.gif
2009.07.31 12:55 B Z:\ABR Website\images\brandlogos\heron.gif <-- ABR Website /images/brandlogos heron.gif
2009.07.31 12:55 B Z:\ABR Website\images\brandlogos\heron.jpg <-- ABR Website /images/brandlogos heron.jpg
2009.07.31 12:55 B Z:\ABR Website\images\brandlogos\hollywood.gif <-- ABR Website /images/brandlogos hollywood.gif
2009.07.31 12:55 B Z:\ABR Website\images\brandlogos\innovations.gif <-- ABR Website /images/brandlogos innovations.gif
2009.07.31 12:55 B Z:\ABR Website\images\brandlogos\irc.gif <-- ABR Website /images/brandlogos irc.gif
2009.07.31 12:55 B Z:\ABR Website\images\brandlogos\jandd.gif <-- ABR Website /images/brandlogos jandd.gif
2009.07.31 12:55 B Z:\ABR Website\images\brandlogos\kenda.gif <-- ABR Website /images/brandlogos kenda.gif
2009.07.31 12:55 B Z:\ABR Website\images\brandlogos\kmc.gif <-- ABR Website /images/brandlogos kmc.gif
2009.07.31 12:55 B Z:\ABR Website\images\brandlogos\kogswellbanner.jpg <-- ABR Website /images/brandlogos kogswellbanner.jpg
2009.07.31 12:55 B Z:\ABR Website\images\brandlogos\koolstop.gif <-- ABR Website /images/brandlogos koolstop.gif
2009.07.31 12:55 B Z:\ABR Website\images\brandlogos\kryptonite.gif <-- ABR Website /images/brandlogos kryptonite.gif
2009.07.31 12:55 B Z:\ABR Website\images\brandlogos\leapfrogbanner.jpg <-- ABR Website /images/brandlogos leapfrogbanner.jpg
2009.07.31 12:55 B Z:\ABR Website\images\brandlogos\lizardskins.gif <-- ABR Website /images/brandlogos lizardskins.gif
2009.07.31 12:55 B Z:\ABR Website\images\brandlogos\madsenbanner.gif <-- ABR Website /images/brandlogos madsenbanner.gif
2009.07.31 12:55 B Z:\ABR Website\images\brandlogos\marwi.gif <-- ABR Website /images/brandlogos marwi.gif
2009.07.31 12:55 B Z:\ABR Website\images\brandlogos\marzocchilogo.gif <-- ABR Website /images/brandlogos marzocchilogo.gif
2009.07.31 12:55 B Z:\ABR Website\images\brandlogos\masterlock.gif <-- ABR Website /images/brandlogos masterlock.gif
2009.07.31 12:55 B Z:\ABR Website\images\brandlogos\maxxis.gif <-- ABR Website /images/brandlogos maxxis.gif
2009.07.31 12:55 B Z:\ABR Website\images\brandlogos\michelin.gif <-- ABR Website /images/brandlogos michelin.gif
2009.07.31 12:55 B Z:\ABR Website\images\brandlogos\odi.gif <-- ABR Website /images/brandlogos odi.gif
2009.07.31 12:55 B Z:\ABR Website\images\brandlogos\odyssey.gif <-- ABR Website /images/brandlogos odyssey.gif
2009.07.31 12:55 B Z:\ABR Website\images\brandlogos\parktool.gif <-- ABR Website /images/brandlogos parktool.gif
2009.07.31 12:55 B Z:\ABR Website\images\brandlogos\pedros.gif <-- ABR Website /images/brandlogos pedros.gif
2009.07.31 12:55 B Z:\ABR Website\images\brandlogos\philwood.gif <-- ABR Website /images/brandlogos philwood.gif
2009.07.31 12:55 B Z:\ABR Website\images\brandlogos\planetbike.gif <-- ABR Website /images/brandlogos planetbike.gif
2009.07.31 12:55 B Z:\ABR Website\images\brandlogos\primo.gif <-- ABR Website /images/brandlogos primo.gif
2009.07.31 12:55 B Z:\ABR Website\images\brandlogos\raceface.gif <-- ABR Website /images/brandlogos raceface.gif
2009.07.31 12:55 B Z:\ABR Website\images\brandlogos\raleigh.gif <-- ABR Website /images/brandlogos raleigh.gif
2009.07.31 12:55 B Z:\ABR Website\images\brandlogos\raleighlogo.jpg <-- ABR Website /images/brandlogos raleighlogo.jpg
2009.07.31 12:55 B Z:\ABR Website\images\brandlogos\redline.gif <-- ABR Website /images/brandlogos redline.gif
2009.07.31 12:55 B Z:\ABR Website\images\brandlogos\ritchey.gif <-- ABR Website /images/brandlogos ritchey.gif
2009.07.31 12:55 B Z:\ABR Website\images\brandlogos\rivendell.jpg <-- ABR Website /images/brandlogos rivendell.jpg
2009.07.31 12:55 B Z:\ABR Website\images\brandlogos\rivendellbanner.jpg <-- ABR Website /images/brandlogos rivendellbanner.jpg
2009.07.31 12:55 B Z:\ABR Website\images\brandlogos\rockshox.gif <-- ABR Website /images/brandlogos rockshox.gif
2009.07.31 12:55 B Z:\ABR Website\images\brandlogos\rohloff.jpg <-- ABR Website /images/brandlogos rohloff.jpg
2009.07.31 12:55 B Z:\ABR Website\images\brandlogos\salsa.gif <-- ABR Website /images/brandlogos salsa.gif
2009.07.31 12:55 B Z:\ABR Website\images\brandlogos\schlumpfbanner.jpg <-- ABR Website /images/brandlogos schlumpfbanner.jpg
2009.07.31 12:55 B Z:\ABR Website\images\brandlogos\schwinn.jpg <-- ABR Website /images/brandlogos schwinn.jpg
2009.07.31 12:55 B Z:\ABR Website\images\brandlogos\schwinnbanner.jpg <-- ABR Website /images/brandlogos schwinnbanner.jpg
2009.07.31 12:55 B Z:\ABR Website\images\brandlogos\sealskinz.gif <-- ABR Website /images/brandlogos sealskinz.gif
2009.07.31 12:55 B Z:\ABR Website\images\brandlogos\serfas.gif <-- ABR Website /images/brandlogos serfas.gif
2009.07.31 12:55 B Z:\ABR Website\images\brandlogos\shimano2.gif <-- ABR Website /images/brandlogos shimano2.gif
2009.07.31 12:55 B Z:\ABR Website\images\brandlogos\sidetrak.gif <-- ABR Website /images/brandlogos sidetrak.gif
2009.07.31 12:55 B Z:\ABR Website\images\brandlogos\slime.jpeg <-- ABR Website /images/brandlogos slime.jpeg
2009.07.31 12:55 B Z:\ABR Website\images\brandlogos\smallharo.gif <-- ABR Website /images/brandlogos smallharo.gif
2009.07.31 12:55 B Z:\ABR Website\images\brandlogos\speedplay.gif <-- ABR Website /images/brandlogos speedplay.gif
2009.07.31 12:55 B Z:\ABR Website\images\brandlogos\sram.gif <-- ABR Website /images/brandlogos sram.gif
2009.07.31 12:55 B Z:\ABR Website\images\brandlogos\srsuntour.gif <-- ABR Website /images/brandlogos srsuntour.gif
2009.07.31 12:55 B Z:\ABR Website\images\brandlogos\sun.gif <-- ABR Website /images/brandlogos sun.gif
2009.07.31 12:55 B Z:\ABR Website\images\brandlogos\surlybanner.jpg <-- ABR Website /images/brandlogos surlybanner.jpg
2009.07.31 12:55 B Z:\ABR Website\images\brandlogos\tektro.gif <-- ABR Website /images/brandlogos tektro.gif
2009.07.31 12:55 B Z:\ABR Website\images\brandlogos\terry.jpeg <-- ABR Website /images/brandlogos terry.jpeg
2009.07.31 12:55 B Z:\ABR Website\images\brandlogos\time.gif <-- ABR Website /images/brandlogos time.gif
2009.07.31 12:55 B Z:\ABR Website\images\brandlogos\tioga.gif <-- ABR Website /images/brandlogos tioga.gif
2009.07.31 12:55 B Z:\ABR Website\images\brandlogos\topeak.gif <-- ABR Website /images/brandlogos topeak.gif
2009.07.31 12:55 B Z:\ABR Website\images\brandlogos\torkerbanner.jpg <-- ABR Website /images/brandlogos torkerbanner.jpg
2009.07.31 12:55 B Z:\ABR Website\images\brandlogos\totalair.gif <-- ABR Website /images/brandlogos totalair.gif
2009.07.31 12:55 B Z:\ABR Website\images\brandlogos\trek.gif <-- ABR Website /images/brandlogos trek.gif
2009.07.31 12:55 B Z:\ABR Website\images\brandlogos\valvoline.jpg <-- ABR Website /images/brandlogos valvoline.jpg
2009.07.31 12:55 B Z:\ABR Website\images\brandlogos\vetta.gif <-- ABR Website /images/brandlogos vetta.gif
2009.07.31 12:55 B Z:\ABR Website\images\brandlogos\wald.gif <-- ABR Website /images/brandlogos wald.gif
2009.07.31 12:55 B Z:\ABR Website\images\brandlogos\whitelightning.gif <-- ABR Website /images/brandlogos whitelightning.gif
2009.07.31 12:55 B Z:\ABR Website\images\brandlogos\wtb.gif <-- ABR Website /images/brandlogos wtb.gif
2009.07.31 12:55 B Z:\ABR Website\images\brandlogos\xtracyclelogo.jpg <-- ABR Website /images/brandlogos xtracyclelogo.jpg
2009.07.31 12:55 B Z:\ABR Website\images\brandlogos\zefal.gif <-- ABR Website /images/brandlogos zefal.gif
2009.08.14 12:58 B Z:\ABR Website\images\brandlogos\csgbannner.jpg --> rideyourbike.com /images/brandlogos csgbannner.jpg
2009.08.14 12:58 B Z:\ABR Website\images\brandlogos\csgbannner.jpg --> rideyourbike.com /images/brandlogos csgbannner.jpg
2009.08.14 13:01 B Z:\ABR Website\images\brandlogos\csgbannner.jpg --> rideyourbike.com /images/brandlogos csgbannner.jpg
2009.10.29 17:04 B Z:\ABR Website\images\brandlogos\yubamundobanner.jpg --> rideyourbike.com /images/brandlogos yubamundobanner.jpg
2009.12.10 18:33 B Z:\ABR Website\images\brandlogos\cetmabanner.jpg --> rideyourbike.com /images/brandlogos cetmabanner.jpg
2009.12.10 19:13 B Z:\ABR Website\images\brandlogos\stokemonkeybanner.jpg --> rideyourbike.com /images/brandlogos stokemonkeybanner.jpg
2009.12.11 13:41 B Z:\ABR Website\images\brandlogos\xtracyclelogo.jpg --> rideyourbike.com /images/brandlogos xtracyclelogo.jpg
2009.12.11 13:41 B Z:\ABR Website\images\brandlogos\torkerbanner.jpg --> rideyourbike.com /images/brandlogos torkerbanner.jpg
2009.12.11 13:41 B Z:\ABR Website\images\brandlogos\surlybanner.jpg --> rideyourbike.com /images/brandlogos surlybanner.jpg
2009.12.11 13:41 B Z:\ABR Website\images\brandlogos\stokemonkeybanner.jpg --> rideyourbike.com /images/brandlogos stokemonkeybanner.jpg
2009.12.11 13:41 B Z:\ABR Website\images\brandlogos\schwinnbanner.jpg --> rideyourbike.com /images/brandlogos schwinnbanner.jpg
2009.12.11 13:41 B Z:\ABR Website\images\brandlogos\rivendellbanner.jpg --> rideyourbike.com /images/brandlogos rivendellbanner.jpg
2009.12.11 13:41 B Z:\ABR Website\images\brandlogos\raleighlogo.jpg --> rideyourbike.com /images/brandlogos raleighlogo.jpg
2009.12.11 13:41 B Z:\ABR Website\images\brandlogos\madsenbanner.gif --> rideyourbike.com /images/brandlogos madsenbanner.gif
2009.12.11 13:41 B Z:\ABR Website\images\brandlogos\leapfrogbanner.jpg --> rideyourbike.com /images/brandlogos leapfrogbanner.jpg
2009.12.11 13:41 B Z:\ABR Website\images\brandlogos\cetmabanner.jpg --> rideyourbike.com /images/brandlogos cetmabanner.jpg
2009.12.11 13:41 B Z:\ABR Website\images\brandlogos\cannondalebanner.jpg --> rideyourbike.com /images/brandlogos cannondalebanner.jpg
2009.12.11 13:41 B Z:\ABR Website\images\brandlogos\yubamundobanner.jpg --> rideyourbike.com /images/brandlogos yubamundobanner.jpg
2009.12.11 13:51 B Z:\ABR Website\images\brandlogos\csgbannner.jpg --> rideyourbike.com /images/brandlogos csgbannner.jpg
2009.12.11 13:51 B Z:\ABR Website\images\brandlogos\cannondalebanner.gif --> rideyourbike.com /images/brandlogos cannondalebanner.gif
2009.12.11 13:57 B Z:\ABR Website\images\brandlogos\csgbannner.jpg --> rideyourbike.com /images/brandlogos csgbannner.jpg
2009.12.11 14:01 B Z:\ABR Website\images\brandlogos\cetmabanner.jpg --> rideyourbike.com /images/brandlogos cetmabanner.jpg
2009.12.11 14:17 B Z:\ABR Website\images\brandlogos\somabanner.jpg --> rideyourbike.com /images/brandlogos somabanner.jpg
2009.12.18 15:55 B Z:\ABR Website\images\brandlogos\csgbannner.jpg --> rideyourbike.com /images/brandlogos csgbannner.jpg
2009.12.18 15:55 B Z:\ABR Website\images\brandlogos\csgbannner.jpg --> rideyourbike.com /images/brandlogos csgbannner.jpg
2009.12.18 15:56 B Z:\ABR Website\images\brandlogos\csgbanner.jpg --> rideyourbike.com /images/brandlogos csgbanner.jpg
2010.01.21 14:57 B Z:\ABR Website\images\brandlogos\rohloff.jpg --> rideyourbike.com /images/brandlogos rohloff.jpg
2010.01.21 14:57 B Z:\ABR Website\images\brandlogos\chrisking.jpg --> rideyourbike.com /images/brandlogos chrisking.jpg
2010.01.21 14:57 B Z:\ABR Website\images\brandlogos\schlumpfbanner.jpg --> rideyourbike.com /images/brandlogos schlumpfbanner.jpg
2010.01.25 13:28 B Z:\ABR Website\images\brandlogos\internalgearhubservicebanner.jpg --> rideyourbike.com /images/brandlogos internalgearhubservicebanner.jpg
2010.03.11 11:55 B Z:\ABR Website\images\brandlogos\adventurcycling.gif --> rideyourbike.com /images/brandlogos adventurcycling.gif
2010.09.24 12:16 B Z:\ABR Website\images\brandlogos\cannondalebanner.jpg --> rideyourbike.com /images/brandlogos cannondalebanner.jpg
2010.09.24 12:16 B Z:\ABR Website\images\brandlogos\schwinnbanner.jpg --> rideyourbike.com /images/brandlogos schwinnbanner.jpg
2010.09.24 12:16 B Z:\ABR Website\images\brandlogos\raleigh.jpg --> rideyourbike.com /images/brandlogos raleigh.jpg
2011.01.07 12:54 B Z:\ABR Website\images\brandlogos\xtracyclebanner.jpg --> rideyourbike.com /images/brandlogos xtracyclebanner.jpg
2011.01.07 12:54 B Z:\ABR Website\images\brandlogos\cannondalebanner.jpg --> rideyourbike.com /images/brandlogos cannondalebanner.jpg
2011.01.07 12:55 B Z:\ABR Website\images\brandlogos\raleighbanner.jpg --> rideyourbike.com /images/brandlogos raleighbanner.jpg
2011.01.07 12:55 B Z:\ABR Website\images\brandlogos\mongoosebanner.jpg --> rideyourbike.com /images/brandlogos mongoosebanner.jpg
2011.01.07 12:55 B Z:\ABR Website\images\brandlogos\gtbanner.jpg --> rideyourbike.com /images/brandlogos gtbanner.jpg
2011.01.07 15:44 B Z:\ABR Website\images\brandlogos\gtbanner.jpg --> rideyourbike.com /images/brandlogos gtbanner.jpg
2013.02.15 15:01 B C:\ABR Master Files\ABR Website\images\brandlogos\ame.gif <-- ABR Website /images/brandlogos ame.gif
2013.02.15 15:01 B C:\ABR Master Files\ABR Website\images\brandlogos\avid.gif <-- ABR Website /images/brandlogos avid.gif
2013.02.15 15:01 B C:\ABR Master Files\ABR Website\images\brandlogos\bicycleresearch.gif <-- ABR Website /images/brandlogos bicycleresearch.gif
2013.02.15 15:01 B C:\ABR Master Files\ABR Website\images\brandlogos\bigcheese.gif <-- ABR Website /images/brandlogos bigcheese.gif
2013.02.15 15:01 B C:\ABR Master Files\ABR Website\images\brandlogos\bikestationlogo.jpg <-- ABR Website /images/brandlogos bikestationlogo.jpg
2013.02.15 15:01 B C:\ABR Master Files\ABR Website\images\brandlogos\burley.gif <-- ABR Website /images/brandlogos burley.gif
2013.02.15 15:01 B C:\ABR Master Files\ABR Website\images\brandlogos\campy.gif <-- ABR Website /images/brandlogos campy.gif
2013.02.15 15:01 B C:\ABR Master Files\ABR Website\images\brandlogos\canecreek.gif <-- ABR Website /images/brandlogos canecreek.gif
2013.02.15 15:01 B C:\ABR Master Files\ABR Website\images\brandlogos\cannondale2.jpeg <-- ABR Website /images/brandlogos cannondale2.jpeg
2013.02.15 15:01 B C:\ABR Master Files\ABR Website\images\brandlogos\cateye.gif <-- ABR Website /images/brandlogos cateye.gif
2013.02.15 15:01 B C:\ABR Master Files\ABR Website\images\brandlogos\chrisking.gif <-- ABR Website /images/brandlogos chrisking.gif
2013.02.15 15:01 B C:\ABR Master Files\ABR Website\images\brandlogos\cinelli.gif <-- ABR Website /images/brandlogos cinelli.gif
2013.02.15 15:01 B C:\ABR Master Files\ABR Website\images\brandlogos\cratoni.gif <-- ABR Website /images/brandlogos cratoni.gif
2013.02.15 15:01 B C:\ABR Master Files\ABR Website\images\brandlogos\cycleaware.gif <-- ABR Website /images/brandlogos cycleaware.gif
2013.02.15 15:01 B C:\ABR Master Files\ABR Website\images\brandlogos\delta.gif <-- ABR Website /images/brandlogos delta.gif
2013.02.15 15:01 B C:\ABR Master Files\ABR Website\images\brandlogos\diacompe.gif <-- ABR Website /images/brandlogos diacompe.gif
2013.02.15 15:01 B C:\ABR Master Files\ABR Website\images\brandlogos\dt.gif <-- ABR Website /images/brandlogos dt.gif
2013.02.15 15:01 B C:\ABR Master Files\ABR Website\images\brandlogos\finishline.gif <-- ABR Website /images/brandlogos finishline.gif
2013.02.15 15:01 B C:\ABR Master Files\ABR Website\images\brandlogos\giro.gif <-- ABR Website /images/brandlogos giro.gif
2013.02.15 15:01 B C:\ABR Master Files\ABR Website\images\brandlogos\graber.gif <-- ABR Website /images/brandlogos graber.gif
2013.02.15 15:01 B C:\ABR Master Files\ABR Website\images\brandlogos\hayes.jpg <-- ABR Website /images/brandlogos hayes.jpg
2013.02.15 15:01 B C:\ABR Master Files\ABR Website\images\brandlogos\headland.gif <-- ABR Website /images/brandlogos headland.gif
2013.02.15 15:01 B C:\ABR Master Files\ABR Website\images\brandlogos\hollywood.gif <-- ABR Website /images/brandlogos hollywood.gif
2013.02.15 15:01 B C:\ABR Master Files\ABR Website\images\brandlogos\innovations.gif <-- ABR Website /images/brandlogos innovations.gif
2013.02.15 15:01 B C:\ABR Master Files\ABR Website\images\brandlogos\irc.gif <-- ABR Website /images/brandlogos irc.gif
2013.02.15 15:01 B C:\ABR Master Files\ABR Website\images\brandlogos\jandd.gif <-- ABR Website /images/brandlogos jandd.gif
2013.02.15 15:01 B C:\ABR Master Files\ABR Website\images\brandlogos\kenda.gif <-- ABR Website /images/brandlogos kenda.gif
2013.02.15 15:01 B C:\ABR Master Files\ABR Website\images\brandlogos\kmc.gif <-- ABR Website /images/brandlogos kmc.gif
2013.02.15 15:01 B C:\ABR Master Files\ABR Website\images\brandlogos\koolstop.gif <-- ABR Website /images/brandlogos koolstop.gif
2013.02.15 15:01 B C:\ABR Master Files\ABR Website\images\brandlogos\kryptonite.gif <-- ABR Website /images/brandlogos kryptonite.gif
2013.02.15 15:01 B C:\ABR Master Files\ABR Website\images\brandlogos\lizardskins.gif <-- ABR Website /images/brandlogos lizardskins.gif
2013.02.15 15:01 B C:\ABR Master Files\ABR Website\images\brandlogos\marwi.gif <-- ABR Website /images/brandlogos marwi.gif
2013.02.15 15:01 B C:\ABR Master Files\ABR Website\images\brandlogos\marzocchilogo.gif <-- ABR Website /images/brandlogos marzocchilogo.gif
2013.02.15 15:01 B C:\ABR Master Files\ABR Website\images\brandlogos\masterlock.gif <-- ABR Website /images/brandlogos masterlock.gif
2013.02.15 15:01 B C:\ABR Master Files\ABR Website\images\brandlogos\maxxis.gif <-- ABR Website /images/brandlogos maxxis.gif
2013.02.15 15:01 B C:\ABR Master Files\ABR Website\images\brandlogos\michelin.gif <-- ABR Website /images/brandlogos michelin.gif
2013.02.15 15:01 B C:\ABR Master Files\ABR Website\images\brandlogos\odi.gif <-- ABR Website /images/brandlogos odi.gif
2013.02.15 15:01 B C:\ABR Master Files\ABR Website\images\brandlogos\odyssey.gif <-- ABR Website /images/brandlogos odyssey.gif
2013.02.15 15:01 B C:\ABR Master Files\ABR Website\images\brandlogos\parktool.gif <-- ABR Website /images/brandlogos parktool.gif
2013.02.15 15:01 B C:\ABR Master Files\ABR Website\images\brandlogos\pedros.gif <-- ABR Website /images/brandlogos pedros.gif
2013.02.15 15:01 B C:\ABR Master Files\ABR Website\images\brandlogos\philwood.gif <-- ABR Website /images/brandlogos philwood.gif
2013.02.15 15:01 B C:\ABR Master Files\ABR Website\images\brandlogos\planetbike.gif <-- ABR Website /images/brandlogos planetbike.gif
2013.02.15 15:01 B C:\ABR Master Files\ABR Website\images\brandlogos\primo.gif <-- ABR Website /images/brandlogos primo.gif
2013.02.15 15:01 B C:\ABR Master Files\ABR Website\images\brandlogos\raceface.gif <-- ABR Website /images/brandlogos raceface.gif
2013.02.15 15:01 B C:\ABR Master Files\ABR Website\images\brandlogos\raleigh.gif <-- ABR Website /images/brandlogos raleigh.gif
2013.02.15 15:01 B C:\ABR Master Files\ABR Website\images\brandlogos\redline.gif <-- ABR Website /images/brandlogos redline.gif
2013.02.15 15:01 B C:\ABR Master Files\ABR Website\images\brandlogos\ritchey.gif <-- ABR Website /images/brandlogos ritchey.gif
2013.02.15 15:01 B C:\ABR Master Files\ABR Website\images\brandlogos\rivendell.jpg <-- ABR Website /images/brandlogos rivendell.jpg
2013.02.15 15:01 B C:\ABR Master Files\ABR Website\images\brandlogos\rockshox.gif <-- ABR Website /images/brandlogos rockshox.gif
2013.02.15 15:01 B C:\ABR Master Files\ABR Website\images\brandlogos\salsa.gif <-- ABR Website /images/brandlogos salsa.gif
2013.02.15 15:01 B C:\ABR Master Files\ABR Website\images\brandlogos\sealskinz.gif <-- ABR Website /images/brandlogos sealskinz.gif
2013.02.15 15:01 B C:\ABR Master Files\ABR Website\images\brandlogos\serfas.gif <-- ABR Website /images/brandlogos serfas.gif
2013.02.15 15:01 B C:\ABR Master Files\ABR Website\images\brandlogos\shimano2.gif <-- ABR Website /images/brandlogos shimano2.gif
2013.02.15 15:01 B C:\ABR Master Files\ABR Website\images\brandlogos\sidetrak.gif <-- ABR Website /images/brandlogos sidetrak.gif
2013.02.15 15:01 B C:\ABR Master Files\ABR Website\images\brandlogos\slime.jpeg <-- ABR Website /images/brandlogos slime.jpeg
2013.02.15 15:01 B C:\ABR Master Files\ABR Website\images\brandlogos\smallharo.gif <-- ABR Website /images/brandlogos smallharo.gif
2013.02.15 15:01 B C:\ABR Master Files\ABR Website\images\brandlogos\speedplay.gif <-- ABR Website /images/brandlogos speedplay.gif
2013.02.15 15:01 B C:\ABR Master Files\ABR Website\images\brandlogos\sram.gif <-- ABR Website /images/brandlogos sram.gif
2013.02.15 15:01 B C:\ABR Master Files\ABR Website\images\brandlogos\srsuntour.gif <-- ABR Website /images/brandlogos srsuntour.gif
2013.02.15 15:01 B C:\ABR Master Files\ABR Website\images\brandlogos\sun.gif <-- ABR Website /images/brandlogos sun.gif
2013.02.15 15:01 B C:\ABR Master Files\ABR Website\images\brandlogos\tektro.gif <-- ABR Website /images/brandlogos tektro.gif
2013.02.15 15:01 B C:\ABR Master Files\ABR Website\images\brandlogos\terry.jpeg <-- ABR Website /images/brandlogos terry.jpeg
2013.02.15 15:01 B C:\ABR Master Files\ABR Website\images\brandlogos\time.gif <-- ABR Website /images/brandlogos time.gif
2013.02.15 15:01 B C:\ABR Master Files\ABR Website\images\brandlogos\tioga.gif <-- ABR Website /images/brandlogos tioga.gif
2013.02.15 15:01 B C:\ABR Master Files\ABR Website\images\brandlogos\topeak.gif <-- ABR Website /images/brandlogos topeak.gif
2013.02.15 15:01 B C:\ABR Master Files\ABR Website\images\brandlogos\totalair.gif <-- ABR Website /images/brandlogos totalair.gif
2013.02.15 15:01 B C:\ABR Master Files\ABR Website\images\brandlogos\trek.gif <-- ABR Website /images/brandlogos trek.gif
2013.02.15 15:01 B C:\ABR Master Files\ABR Website\images\brandlogos\valvoline.jpg <-- ABR Website /images/brandlogos valvoline.jpg
2013.02.15 15:01 B C:\ABR Master Files\ABR Website\images\brandlogos\vetta.gif <-- ABR Website /images/brandlogos vetta.gif
2013.02.15 15:01 B C:\ABR Master Files\ABR Website\images\brandlogos\wald.gif <-- ABR Website /images/brandlogos wald.gif
2013.02.15 15:01 B C:\ABR Master Files\ABR Website\images\brandlogos\whitelightning.gif <-- ABR Website /images/brandlogos whitelightning.gif
2013.02.15 15:01 B C:\ABR Master Files\ABR Website\images\brandlogos\wtb.gif <-- ABR Website /images/brandlogos wtb.gif
2013.02.15 15:01 B C:\ABR Master Files\ABR Website\images\brandlogos\zefal.gif <-- ABR Website /images/brandlogos zefal.gif
2014.12.16 18:46 B Z:\ABR Website\images\brandlogos\ratcityjanice.gif --> 324.b70.myftpupload.com /images/brandlogos ratcityjanice.gif
2014.12.16 18:48 B Z:\ABR Website\images\brandlogos\ratcityjanice.gif --> 324.b70.myftpupload.com /images/brandlogos ratcityjanice.gif
