2009.07.31 12:59 B Z:\ABR Website\images\dockton\aaronlog1.jpg <-- ABR Website /images/dockton aaronlog1.jpg
2009.07.31 12:59 B Z:\ABR Website\images\dockton\aaronlog2.jpg <-- ABR Website /images/dockton aaronlog2.jpg
2009.07.31 12:59 B Z:\ABR Website\images\dockton\aaronrock.jpg <-- ABR Website /images/dockton aaronrock.jpg
2009.07.31 12:59 B Z:\ABR Website\images\dockton\aarontrail.jpg <-- ABR Website /images/dockton aarontrail.jpg
2009.07.31 12:59 B Z:\ABR Website\images\dockton\aaronwoods.jpg <-- ABR Website /images/dockton aaronwoods.jpg
2009.07.31 12:59 B Z:\ABR Website\images\dockton\brokenshock.jpg <-- ABR Website /images/dockton brokenshock.jpg
2009.07.31 12:59 B Z:\ABR Website\images\dockton\docktonbanner1.jpg <-- ABR Website /images/dockton docktonbanner1.jpg
2009.07.31 12:59 B Z:\ABR Website\images\dockton\docktonbanner2.jpg <-- ABR Website /images/dockton docktonbanner2.jpg
2009.07.31 12:59 B Z:\ABR Website\images\dockton\docktonlocatormap.jpg <-- ABR Website /images/dockton docktonlocatormap.jpg
2009.07.31 12:59 B Z:\ABR Website\images\dockton\goofychadjason.jpg <-- ABR Website /images/dockton goofychadjason.jpg
2009.07.31 12:59 B Z:\ABR Website\images\dockton\jasonchadaaron.jpg <-- ABR Website /images/dockton jasonchadaaron.jpg
2009.07.31 12:59 B Z:\ABR Website\images\dockton\jasonteetertotter.jpg <-- ABR Website /images/dockton jasonteetertotter.jpg
2009.07.31 12:59 B Z:\ABR Website\images\dockton\mikefence.jpg <-- ABR Website /images/dockton mikefence.jpg
2009.07.31 12:59 B Z:\ABR Website\images\dockton\mikelog.jpg <-- ABR Website /images/dockton mikelog.jpg
2009.07.31 12:59 B Z:\ABR Website\images\dockton\mikerock.jpg <-- ABR Website /images/dockton mikerock.jpg
2009.07.31 12:59 B Z:\ABR Website\images\dockton\miketrail.jpg <-- ABR Website /images/dockton miketrail.jpg
2009.07.31 12:59 B Z:\ABR Website\images\dockton\miketrailfog1.jpg <-- ABR Website /images/dockton miketrailfog1.jpg
2009.07.31 12:59 B Z:\ABR Website\images\dockton\miketrailfog2.jpg <-- ABR Website /images/dockton miketrailfog2.jpg
2009.07.31 12:59 B Z:\ABR Website\images\dockton\mikewoods.jpg <-- ABR Website /images/dockton mikewoods.jpg
2009.07.31 12:59 B Z:\ABR Website\images\dockton\mikewoods2.jpg <-- ABR Website /images/dockton mikewoods2.jpg
2009.07.31 12:59 B Z:\ABR Website\images\dockton\proflextrail.jpg <-- ABR Website /images/dockton proflextrail.jpg
2009.07.31 12:59 B Z:\ABR Website\images\dockton\ramp.jpg <-- ABR Website /images/dockton ramp.jpg
2009.07.31 12:59 B Z:\ABR Website\images\dockton\redtrail.jpg <-- ABR Website /images/dockton redtrail.jpg
2009.07.31 12:59 B Z:\ABR Website\images\dockton\rider1.jpg <-- ABR Website /images/dockton rider1.jpg
2009.07.31 12:59 B Z:\ABR Website\images\dockton\skybridges.jpg <-- ABR Website /images/dockton skybridges.jpg
2009.07.31 12:59 B Z:\ABR Website\images\dockton\woodsriders.jpg <-- ABR Website /images/dockton woodsriders.jpg
2009.07.31 12:59 B Z:\ABR Website\images\dockton\woodsriders2.jpg <-- ABR Website /images/dockton woodsriders2.jpg
2013.02.15 15:03 B C:\ABR Master Files\ABR Website\images\dockton\aaronlog1.jpg <-- ABR Website /images/dockton aaronlog1.jpg
2013.02.15 15:03 B C:\ABR Master Files\ABR Website\images\dockton\aaronlog2.jpg <-- ABR Website /images/dockton aaronlog2.jpg
2013.02.15 15:03 B C:\ABR Master Files\ABR Website\images\dockton\aaronrock.jpg <-- ABR Website /images/dockton aaronrock.jpg
2013.02.15 15:03 B C:\ABR Master Files\ABR Website\images\dockton\aarontrail.jpg <-- ABR Website /images/dockton aarontrail.jpg
2013.02.15 15:03 B C:\ABR Master Files\ABR Website\images\dockton\aaronwoods.jpg <-- ABR Website /images/dockton aaronwoods.jpg
2013.02.15 15:03 B C:\ABR Master Files\ABR Website\images\dockton\brokenshock.jpg <-- ABR Website /images/dockton brokenshock.jpg
2013.02.15 15:03 B C:\ABR Master Files\ABR Website\images\dockton\docktonbanner1.jpg <-- ABR Website /images/dockton docktonbanner1.jpg
2013.02.15 15:03 B C:\ABR Master Files\ABR Website\images\dockton\docktonbanner2.jpg <-- ABR Website /images/dockton docktonbanner2.jpg
2013.02.15 15:03 B C:\ABR Master Files\ABR Website\images\dockton\docktonlocatormap.jpg <-- ABR Website /images/dockton docktonlocatormap.jpg
2013.02.15 15:03 B C:\ABR Master Files\ABR Website\images\dockton\goofychadjason.jpg <-- ABR Website /images/dockton goofychadjason.jpg
2013.02.15 15:03 B C:\ABR Master Files\ABR Website\images\dockton\jasonchadaaron.jpg <-- ABR Website /images/dockton jasonchadaaron.jpg
2013.02.15 15:03 B C:\ABR Master Files\ABR Website\images\dockton\jasonteetertotter.jpg <-- ABR Website /images/dockton jasonteetertotter.jpg
2013.02.15 15:03 B C:\ABR Master Files\ABR Website\images\dockton\mikefence.jpg <-- ABR Website /images/dockton mikefence.jpg
2013.02.15 15:03 B C:\ABR Master Files\ABR Website\images\dockton\mikelog.jpg <-- ABR Website /images/dockton mikelog.jpg
2013.02.15 15:03 B C:\ABR Master Files\ABR Website\images\dockton\mikerock.jpg <-- ABR Website /images/dockton mikerock.jpg
2013.02.15 15:03 B C:\ABR Master Files\ABR Website\images\dockton\miketrail.jpg <-- ABR Website /images/dockton miketrail.jpg
2013.02.15 15:03 B C:\ABR Master Files\ABR Website\images\dockton\miketrailfog1.jpg <-- ABR Website /images/dockton miketrailfog1.jpg
2013.02.15 15:03 B C:\ABR Master Files\ABR Website\images\dockton\miketrailfog2.jpg <-- ABR Website /images/dockton miketrailfog2.jpg
2013.02.15 15:03 B C:\ABR Master Files\ABR Website\images\dockton\mikewoods.jpg <-- ABR Website /images/dockton mikewoods.jpg
2013.02.15 15:03 B C:\ABR Master Files\ABR Website\images\dockton\mikewoods2.jpg <-- ABR Website /images/dockton mikewoods2.jpg
2013.02.15 15:03 B C:\ABR Master Files\ABR Website\images\dockton\proflextrail.jpg <-- ABR Website /images/dockton proflextrail.jpg
2013.02.15 15:03 B C:\ABR Master Files\ABR Website\images\dockton\ramp.jpg <-- ABR Website /images/dockton ramp.jpg
2013.02.15 15:03 B C:\ABR Master Files\ABR Website\images\dockton\redtrail.jpg <-- ABR Website /images/dockton redtrail.jpg
2013.02.15 15:03 B C:\ABR Master Files\ABR Website\images\dockton\rider1.jpg <-- ABR Website /images/dockton rider1.jpg
2013.02.15 15:03 B C:\ABR Master Files\ABR Website\images\dockton\skybridges.jpg <-- ABR Website /images/dockton skybridges.jpg
2013.02.15 15:03 B C:\ABR Master Files\ABR Website\images\dockton\woodsriders.jpg <-- ABR Website /images/dockton woodsriders.jpg
2013.02.15 15:03 B C:\ABR Master Files\ABR Website\images\dockton\woodsriders2.jpg <-- ABR Website /images/dockton woodsriders2.jpg
