2009.07.31 13:07 B Z:\ABR Website\images\victorfalls\aaronlogrideramp.jpg <-- ABR Website /images/victorfalls aaronlogrideramp.jpg
2009.07.31 13:07 B Z:\ABR Website\images\victorfalls\aaronlogs.jpg <-- ABR Website /images/victorfalls aaronlogs.jpg
2009.07.31 13:07 B Z:\ABR Website\images\victorfalls\aaronskybridge.jpg <-- ABR Website /images/victorfalls aaronskybridge.jpg
2009.07.31 13:07 B Z:\ABR Website\images\victorfalls\aaronskybridgeturn.jpg <-- ABR Website /images/victorfalls aaronskybridgeturn.jpg
2009.07.31 13:07 B Z:\ABR Website\images\victorfalls\aaronwheeliedrop.jpg <-- ABR Website /images/victorfalls aaronwheeliedrop.jpg
2009.07.31 13:07 B Z:\ABR Website\images\victorfalls\jasonlogride1.jpg <-- ABR Website /images/victorfalls jasonlogride1.jpg
2009.07.31 13:07 B Z:\ABR Website\images\victorfalls\jasonskinnybridge.jpg <-- ABR Website /images/victorfalls jasonskinnybridge.jpg
2009.07.31 13:07 B Z:\ABR Website\images\victorfalls\jasonskybridge.jpg <-- ABR Website /images/victorfalls jasonskybridge.jpg
2009.07.31 13:07 B Z:\ABR Website\images\victorfalls\jasonskybridge1.jpg <-- ABR Website /images/victorfalls jasonskybridge1.jpg
2009.07.31 13:07 B Z:\ABR Website\images\victorfalls\jasonskybridge2.jpg <-- ABR Website /images/victorfalls jasonskybridge2.jpg
2009.07.31 13:07 B Z:\ABR Website\images\victorfalls\jasonskybridgeturn.jpg <-- ABR Website /images/victorfalls jasonskybridgeturn.jpg
2009.07.31 13:07 B Z:\ABR Website\images\victorfalls\map.jpg <-- ABR Website /images/victorfalls map.jpg
2009.07.31 13:07 B Z:\ABR Website\images\victorfalls\mikebridge1.jpg <-- ABR Website /images/victorfalls mikebridge1.jpg
2009.07.31 13:07 B Z:\ABR Website\images\victorfalls\mikebridge2.jpg <-- ABR Website /images/victorfalls mikebridge2.jpg
2009.07.31 13:07 B Z:\ABR Website\images\victorfalls\mikelogride1.jpg <-- ABR Website /images/victorfalls mikelogride1.jpg
2009.07.31 13:07 B Z:\ABR Website\images\victorfalls\mikelogride2.jpg <-- ABR Website /images/victorfalls mikelogride2.jpg
2009.07.31 13:07 B Z:\ABR Website\images\victorfalls\mikelogride3.jpg <-- ABR Website /images/victorfalls mikelogride3.jpg
2009.07.31 13:07 B Z:\ABR Website\images\victorfalls\mikelogride5.jpg <-- ABR Website /images/victorfalls mikelogride5.jpg
2009.07.31 13:07 B Z:\ABR Website\images\victorfalls\mikelogridemiddle.jpg <-- ABR Website /images/victorfalls mikelogridemiddle.jpg
2009.07.31 13:07 B Z:\ABR Website\images\victorfalls\mikelogrideramp.jpg <-- ABR Website /images/victorfalls mikelogrideramp.jpg
2009.07.31 13:07 B Z:\ABR Website\images\victorfalls\mikelogs.jpg <-- ABR Website /images/victorfalls mikelogs.jpg
2009.07.31 13:07 B Z:\ABR Website\images\victorfalls\mikeonrockyway.jpg <-- ABR Website /images/victorfalls mikeonrockyway.jpg
2009.07.31 13:07 B Z:\ABR Website\images\victorfalls\mikeoops.jpg <-- ABR Website /images/victorfalls mikeoops.jpg
2009.07.31 13:07 B Z:\ABR Website\images\victorfalls\mikerockyway.jpg <-- ABR Website /images/victorfalls mikerockyway.jpg
2009.07.31 13:07 B Z:\ABR Website\images\victorfalls\mikeskybridge.jpg <-- ABR Website /images/victorfalls mikeskybridge.jpg
2009.07.31 13:07 B Z:\ABR Website\images\victorfalls\miketeetertotter.jpg <-- ABR Website /images/victorfalls miketeetertotter.jpg
2009.07.31 13:07 B Z:\ABR Website\images\victorfalls\mikewatchingjason.jpg <-- ABR Website /images/victorfalls mikewatchingjason.jpg
2009.07.31 13:07 B Z:\ABR Website\images\victorfalls\mikewheeliedrop.jpg <-- ABR Website /images/victorfalls mikewheeliedrop.jpg
2009.07.31 13:07 B Z:\ABR Website\images\victorfalls\victorfallsbanner.jpg <-- ABR Website /images/victorfalls victorfallsbanner.jpg
2009.07.31 13:07 B Z:\ABR Website\images\victorfalls\wheelskybridgebanner.jpg <-- ABR Website /images/victorfalls wheelskybridgebanner.jpg
2009.07.31 13:07 B Z:\ABR Website\images\victorfalls\wheelupramp.jpg <-- ABR Website /images/victorfalls wheelupramp.jpg
