2009.07.31 13:05 B Z:\ABR Website\images\saintedwards\aaronair.jpg <-- ABR Website /images/saintedwards aaronair.jpg
2009.07.31 13:05 B Z:\ABR Website\images\saintedwards\aaronbridge.jpg <-- ABR Website /images/saintedwards aaronbridge.jpg
2009.07.31 13:05 B Z:\ABR Website\images\saintedwards\aaroncreek1.jpg <-- ABR Website /images/saintedwards aaroncreek1.jpg
2009.07.31 13:05 B Z:\ABR Website\images\saintedwards\aaroncreek2.jpg <-- ABR Website /images/saintedwards aaroncreek2.jpg
2009.07.31 13:05 B Z:\ABR Website\images\saintedwards\aaronjasonbridge.jpg <-- ABR Website /images/saintedwards aaronjasonbridge.jpg
2009.07.31 13:05 B Z:\ABR Website\images\saintedwards\aaronjasonmike.jpg <-- ABR Website /images/saintedwards aaronjasonmike.jpg
2009.07.31 13:05 B Z:\ABR Website\images\saintedwards\aaronlog.jpg <-- ABR Website /images/saintedwards aaronlog.jpg
2009.07.31 13:05 B Z:\ABR Website\images\saintedwards\dontridethese.jpg <-- ABR Website /images/saintedwards dontridethese.jpg
2009.07.31 13:05 B Z:\ABR Website\images\saintedwards\jasonbridge.jpg <-- ABR Website /images/saintedwards jasonbridge.jpg
2009.07.31 13:05 B Z:\ABR Website\images\saintedwards\jasonlog.jpg <-- ABR Website /images/saintedwards jasonlog.jpg
2009.07.31 13:05 B Z:\ABR Website\images\saintedwards\jasonnohands.jpg <-- ABR Website /images/saintedwards jasonnohands.jpg
2009.07.31 13:05 B Z:\ABR Website\images\saintedwards\map.jpg <-- ABR Website /images/saintedwards map.jpg
2009.07.31 13:05 B Z:\ABR Website\images\saintedwards\mikeair1.jpg <-- ABR Website /images/saintedwards mikeair1.jpg
2009.07.31 13:05 B Z:\ABR Website\images\saintedwards\mikebridge.jpg <-- ABR Website /images/saintedwards mikebridge.jpg
2009.07.31 13:05 B Z:\ABR Website\images\saintedwards\mikedownhill.jpg <-- ABR Website /images/saintedwards mikedownhill.jpg
2009.07.31 13:05 B Z:\ABR Website\images\saintedwards\mikefinnhillbikes.jpg <-- ABR Website /images/saintedwards mikefinnhillbikes.jpg
2009.07.31 13:05 B Z:\ABR Website\images\saintedwards\mikelog.jpg <-- ABR Website /images/saintedwards mikelog.jpg
2009.07.31 13:05 B Z:\ABR Website\images\saintedwards\mikesaintedward.jpg <-- ABR Website /images/saintedwards mikesaintedward.jpg
2009.07.31 13:05 B Z:\ABR Website\images\saintedwards\mikesalal.jpg <-- ABR Website /images/saintedwards mikesalal.jpg
2009.07.31 13:05 B Z:\ABR Website\images\saintedwards\mikesfrontwheel.jpg <-- ABR Website /images/saintedwards mikesfrontwheel.jpg
2009.07.31 13:05 B Z:\ABR Website\images\saintedwards\miketrailaction.jpg <-- ABR Website /images/saintedwards miketrailaction.jpg
2009.07.31 13:05 B Z:\ABR Website\images\saintedwards\saintedwardsbanner.jpg <-- ABR Website /images/saintedwards saintedwardsbanner.jpg
2009.07.31 13:05 B Z:\ABR Website\images\saintedwards\trailshot1.jpg <-- ABR Website /images/saintedwards trailshot1.jpg
2009.07.31 13:05 B Z:\ABR Website\images\saintedwards\trailshot2.jpg <-- ABR Website /images/saintedwards trailshot2.jpg
