2009.07.31 12:55 B Z:\ABR Website\images\btwd2005\btwd0.jpg <-- ABR Website /images/btwd2005 btwd0.jpg
2009.07.31 12:55 B Z:\ABR Website\images\btwd2005\btwd1.jpg <-- ABR Website /images/btwd2005 btwd1.jpg
2009.07.31 12:55 B Z:\ABR Website\images\btwd2005\btwd10.jpg <-- ABR Website /images/btwd2005 btwd10.jpg
2009.07.31 12:55 B Z:\ABR Website\images\btwd2005\btwd11.jpg <-- ABR Website /images/btwd2005 btwd11.jpg
2009.07.31 12:55 B Z:\ABR Website\images\btwd2005\btwd12.jpg <-- ABR Website /images/btwd2005 btwd12.jpg
2009.07.31 12:55 B Z:\ABR Website\images\btwd2005\btwd13.jpg <-- ABR Website /images/btwd2005 btwd13.jpg
2009.07.31 12:55 B Z:\ABR Website\images\btwd2005\btwd14.jpg <-- ABR Website /images/btwd2005 btwd14.jpg
2009.07.31 12:55 B Z:\ABR Website\images\btwd2005\btwd15.jpg <-- ABR Website /images/btwd2005 btwd15.jpg
2009.07.31 12:55 B Z:\ABR Website\images\btwd2005\btwd16.jpg <-- ABR Website /images/btwd2005 btwd16.jpg
2009.07.31 12:55 B Z:\ABR Website\images\btwd2005\btwd17.jpg <-- ABR Website /images/btwd2005 btwd17.jpg
2009.07.31 12:55 B Z:\ABR Website\images\btwd2005\btwd18.jpg <-- ABR Website /images/btwd2005 btwd18.jpg
2009.07.31 12:55 B Z:\ABR Website\images\btwd2005\btwd19.jpg <-- ABR Website /images/btwd2005 btwd19.jpg
2009.07.31 12:55 B Z:\ABR Website\images\btwd2005\btwd2.jpg <-- ABR Website /images/btwd2005 btwd2.jpg
2009.07.31 12:55 B Z:\ABR Website\images\btwd2005\btwd20.jpg <-- ABR Website /images/btwd2005 btwd20.jpg
2009.07.31 12:55 B Z:\ABR Website\images\btwd2005\btwd21.jpg <-- ABR Website /images/btwd2005 btwd21.jpg
2009.07.31 12:55 B Z:\ABR Website\images\btwd2005\btwd22.jpg <-- ABR Website /images/btwd2005 btwd22.jpg
2009.07.31 12:55 B Z:\ABR Website\images\btwd2005\btwd23.jpg <-- ABR Website /images/btwd2005 btwd23.jpg
2009.07.31 12:55 B Z:\ABR Website\images\btwd2005\btwd24.jpg <-- ABR Website /images/btwd2005 btwd24.jpg
2009.07.31 12:55 B Z:\ABR Website\images\btwd2005\btwd25.jpg <-- ABR Website /images/btwd2005 btwd25.jpg
2009.07.31 12:56 B Z:\ABR Website\images\btwd2005\btwd26.jpg <-- ABR Website /images/btwd2005 btwd26.jpg
2009.07.31 12:56 B Z:\ABR Website\images\btwd2005\btwd27.jpg <-- ABR Website /images/btwd2005 btwd27.jpg
2009.07.31 12:56 B Z:\ABR Website\images\btwd2005\btwd28.jpg <-- ABR Website /images/btwd2005 btwd28.jpg
2009.07.31 12:56 B Z:\ABR Website\images\btwd2005\btwd29.jpg <-- ABR Website /images/btwd2005 btwd29.jpg
2009.07.31 12:56 B Z:\ABR Website\images\btwd2005\btwd3.jpg <-- ABR Website /images/btwd2005 btwd3.jpg
2009.07.31 12:56 B Z:\ABR Website\images\btwd2005\btwd4.jpg <-- ABR Website /images/btwd2005 btwd4.jpg
2009.07.31 12:56 B Z:\ABR Website\images\btwd2005\btwd5.jpg <-- ABR Website /images/btwd2005 btwd5.jpg
2009.07.31 12:56 B Z:\ABR Website\images\btwd2005\btwd6.jpg <-- ABR Website /images/btwd2005 btwd6.jpg
2009.07.31 12:56 B Z:\ABR Website\images\btwd2005\btwd7.jpg <-- ABR Website /images/btwd2005 btwd7.jpg
2009.07.31 12:56 B Z:\ABR Website\images\btwd2005\btwd8.jpg <-- ABR Website /images/btwd2005 btwd8.jpg
2009.07.31 12:56 B Z:\ABR Website\images\btwd2005\btwd9.jpg <-- ABR Website /images/btwd2005 btwd9.jpg
2009.07.31 12:56 B Z:\ABR Website\images\btwd2005\pickup1.jpg <-- ABR Website /images/btwd2005 pickup1.jpg
2009.07.31 12:56 B Z:\ABR Website\images\btwd2005\pickup2.jpg <-- ABR Website /images/btwd2005 pickup2.jpg
2009.07.31 12:56 B Z:\ABR Website\images\btwd2005\Thumbs.db <-- ABR Website /images/btwd2005 Thumbs.db
2013.02.15 15:01 B C:\ABR Master Files\ABR Website\images\btwd2005\btwd0.jpg <-- ABR Website /images/btwd2005 btwd0.jpg
2013.02.15 15:01 B C:\ABR Master Files\ABR Website\images\btwd2005\btwd1.jpg <-- ABR Website /images/btwd2005 btwd1.jpg
2013.02.15 15:01 B C:\ABR Master Files\ABR Website\images\btwd2005\btwd10.jpg <-- ABR Website /images/btwd2005 btwd10.jpg
2013.02.15 15:01 B C:\ABR Master Files\ABR Website\images\btwd2005\btwd11.jpg <-- ABR Website /images/btwd2005 btwd11.jpg
2013.02.15 15:01 B C:\ABR Master Files\ABR Website\images\btwd2005\btwd12.jpg <-- ABR Website /images/btwd2005 btwd12.jpg
2013.02.15 15:01 B C:\ABR Master Files\ABR Website\images\btwd2005\btwd13.jpg <-- ABR Website /images/btwd2005 btwd13.jpg
2013.02.15 15:01 B C:\ABR Master Files\ABR Website\images\btwd2005\btwd14.jpg <-- ABR Website /images/btwd2005 btwd14.jpg
2013.02.15 15:01 B C:\ABR Master Files\ABR Website\images\btwd2005\btwd15.jpg <-- ABR Website /images/btwd2005 btwd15.jpg
2013.02.15 15:02 B C:\ABR Master Files\ABR Website\images\btwd2005\btwd16.jpg <-- ABR Website /images/btwd2005 btwd16.jpg
2013.02.15 15:02 B C:\ABR Master Files\ABR Website\images\btwd2005\btwd17.jpg <-- ABR Website /images/btwd2005 btwd17.jpg
2013.02.15 15:02 B C:\ABR Master Files\ABR Website\images\btwd2005\btwd18.jpg <-- ABR Website /images/btwd2005 btwd18.jpg
2013.02.15 15:02 B C:\ABR Master Files\ABR Website\images\btwd2005\btwd19.jpg <-- ABR Website /images/btwd2005 btwd19.jpg
2013.02.15 15:02 B C:\ABR Master Files\ABR Website\images\btwd2005\btwd2.jpg <-- ABR Website /images/btwd2005 btwd2.jpg
2013.02.15 15:02 B C:\ABR Master Files\ABR Website\images\btwd2005\btwd20.jpg <-- ABR Website /images/btwd2005 btwd20.jpg
2013.02.15 15:02 B C:\ABR Master Files\ABR Website\images\btwd2005\btwd21.jpg <-- ABR Website /images/btwd2005 btwd21.jpg
2013.02.15 15:02 B C:\ABR Master Files\ABR Website\images\btwd2005\btwd22.jpg <-- ABR Website /images/btwd2005 btwd22.jpg
2013.02.15 15:02 B C:\ABR Master Files\ABR Website\images\btwd2005\btwd23.jpg <-- ABR Website /images/btwd2005 btwd23.jpg
2013.02.15 15:02 B C:\ABR Master Files\ABR Website\images\btwd2005\btwd24.jpg <-- ABR Website /images/btwd2005 btwd24.jpg
2013.02.15 15:02 B C:\ABR Master Files\ABR Website\images\btwd2005\btwd25.jpg <-- ABR Website /images/btwd2005 btwd25.jpg
2013.02.15 15:02 B C:\ABR Master Files\ABR Website\images\btwd2005\btwd26.jpg <-- ABR Website /images/btwd2005 btwd26.jpg
2013.02.15 15:02 B C:\ABR Master Files\ABR Website\images\btwd2005\btwd27.jpg <-- ABR Website /images/btwd2005 btwd27.jpg
2013.02.15 15:02 B C:\ABR Master Files\ABR Website\images\btwd2005\btwd28.jpg <-- ABR Website /images/btwd2005 btwd28.jpg
2013.02.15 15:02 B C:\ABR Master Files\ABR Website\images\btwd2005\btwd29.jpg <-- ABR Website /images/btwd2005 btwd29.jpg
2013.02.15 15:02 B C:\ABR Master Files\ABR Website\images\btwd2005\btwd3.jpg <-- ABR Website /images/btwd2005 btwd3.jpg
2013.02.15 15:02 B C:\ABR Master Files\ABR Website\images\btwd2005\btwd4.jpg <-- ABR Website /images/btwd2005 btwd4.jpg
2013.02.15 15:02 B C:\ABR Master Files\ABR Website\images\btwd2005\btwd5.jpg <-- ABR Website /images/btwd2005 btwd5.jpg
2013.02.15 15:02 B C:\ABR Master Files\ABR Website\images\btwd2005\btwd6.jpg <-- ABR Website /images/btwd2005 btwd6.jpg
2013.02.15 15:02 B C:\ABR Master Files\ABR Website\images\btwd2005\btwd7.jpg <-- ABR Website /images/btwd2005 btwd7.jpg
2013.02.15 15:02 B C:\ABR Master Files\ABR Website\images\btwd2005\btwd8.jpg <-- ABR Website /images/btwd2005 btwd8.jpg
2013.02.15 15:02 B C:\ABR Master Files\ABR Website\images\btwd2005\btwd9.jpg <-- ABR Website /images/btwd2005 btwd9.jpg
2013.02.15 15:02 B C:\ABR Master Files\ABR Website\images\btwd2005\pickup1.jpg <-- ABR Website /images/btwd2005 pickup1.jpg
2013.02.15 15:02 B C:\ABR Master Files\ABR Website\images\btwd2005\pickup2.jpg <-- ABR Website /images/btwd2005 pickup2.jpg
