2010.10.29 18:54 B Z:\ABR Website\images\tuneup\Thumbs.db --> rideyourbike.com /images/tuneup Thumbs.db
2010.10.29 18:54 B Z:\ABR Website\images\tuneup\14.jpg --> rideyourbike.com /images/tuneup 14.jpg
2010.10.29 18:55 B Z:\ABR Website\images\tuneup\50.jpg --> rideyourbike.com /images/tuneup 50.jpg
2010.10.29 18:55 B Z:\ABR Website\images\tuneup\31.jpg --> rideyourbike.com /images/tuneup 31.jpg
2010.10.29 18:55 B Z:\ABR Website\images\tuneup\30.jpg --> rideyourbike.com /images/tuneup 30.jpg
2010.10.29 18:55 B Z:\ABR Website\images\tuneup\11.jpg --> rideyourbike.com /images/tuneup 11.jpg
2010.10.29 18:55 B Z:\ABR Website\images\tuneup\39.jpg --> rideyourbike.com /images/tuneup 39.jpg
2010.10.29 18:56 B Z:\ABR Website\images\tuneup\17.jpg --> rideyourbike.com /images/tuneup 17.jpg
2010.10.29 18:56 B Z:\ABR Website\images\tuneup\36.jpg --> rideyourbike.com /images/tuneup 36.jpg
2010.10.29 18:56 B Z:\ABR Website\images\tuneup\37.jpg --> rideyourbike.com /images/tuneup 37.jpg
2010.10.29 18:56 B Z:\ABR Website\images\tuneup\32.jpg --> rideyourbike.com /images/tuneup 32.jpg
2010.10.29 18:56 B Z:\ABR Website\images\tuneup\34.jpg --> rideyourbike.com /images/tuneup 34.jpg
2010.10.29 18:57 B Z:\ABR Website\images\tuneup\26.jpg --> rideyourbike.com /images/tuneup 26.jpg
2010.10.29 18:57 B Z:\ABR Website\images\tuneup\47.jpg --> rideyourbike.com /images/tuneup 47.jpg
2010.10.29 18:57 B Z:\ABR Website\images\tuneup\rderafter.jpg --> rideyourbike.com /images/tuneup rderafter.jpg
2010.10.29 18:57 B Z:\ABR Website\images\tuneup\crankafter.jpg --> rideyourbike.com /images/tuneup crankafter.jpg
2010.10.29 18:57 B Z:\ABR Website\images\tuneup\49.jpg --> rideyourbike.com /images/tuneup 49.jpg
2010.10.29 18:58 B Z:\ABR Website\images\tuneup\4.jpg --> rideyourbike.com /images/tuneup 4.jpg
2010.10.29 18:58 B Z:\ABR Website\images\tuneup\43.jpg --> rideyourbike.com /images/tuneup 43.jpg
2010.10.29 18:58 B Z:\ABR Website\images\tuneup\42.jpg --> rideyourbike.com /images/tuneup 42.jpg
2010.10.29 18:58 B Z:\ABR Website\images\tuneup\46.jpg --> rideyourbike.com /images/tuneup 46.jpg
2010.10.29 18:59 B Z:\ABR Website\images\tuneup\25.jpg --> rideyourbike.com /images/tuneup 25.jpg
2010.10.29 18:59 B Z:\ABR Website\images\tuneup\28.jpg --> rideyourbike.com /images/tuneup 28.jpg
2010.10.29 18:59 B Z:\ABR Website\images\tuneup\41.jpg --> rideyourbike.com /images/tuneup 41.jpg
2010.10.29 18:59 B Z:\ABR Website\images\tuneup\40.jpg --> rideyourbike.com /images/tuneup 40.jpg
2010.10.29 18:59 B Z:\ABR Website\images\tuneup\48.jpg --> rideyourbike.com /images/tuneup 48.jpg
2010.10.29 19:00 B Z:\ABR Website\images\tuneup\45.jpg --> rideyourbike.com /images/tuneup 45.jpg
2010.10.29 19:00 B Z:\ABR Website\images\tuneup\35.jpg --> rideyourbike.com /images/tuneup 35.jpg
2010.10.29 19:00 B Z:\ABR Website\images\tuneup\44.jpg --> rideyourbike.com /images/tuneup 44.jpg
2010.10.29 19:00 B Z:\ABR Website\images\tuneup\38.jpg --> rideyourbike.com /images/tuneup 38.jpg
2010.10.29 19:00 B Z:\ABR Website\images\tuneup\33.jpg --> rideyourbike.com /images/tuneup 33.jpg
2010.10.29 19:01 B Z:\ABR Website\images\tuneup\21.jpg --> rideyourbike.com /images/tuneup 21.jpg
2010.10.29 19:01 B Z:\ABR Website\images\tuneup\20.jpg --> rideyourbike.com /images/tuneup 20.jpg
2010.10.29 19:01 B Z:\ABR Website\images\tuneup\15.jpg --> rideyourbike.com /images/tuneup 15.jpg
2010.10.29 19:01 B Z:\ABR Website\images\tuneup\19.jpg --> rideyourbike.com /images/tuneup 19.jpg
2010.10.29 19:01 B Z:\ABR Website\images\tuneup\27.jpg --> rideyourbike.com /images/tuneup 27.jpg
2010.10.29 19:02 B Z:\ABR Website\images\tuneup\29.jpg --> rideyourbike.com /images/tuneup 29.jpg
2010.10.29 19:02 B Z:\ABR Website\images\tuneup\24.jpg --> rideyourbike.com /images/tuneup 24.jpg
2010.10.29 19:02 B Z:\ABR Website\images\tuneup\23.jpg --> rideyourbike.com /images/tuneup 23.jpg
2010.10.29 19:02 B Z:\ABR Website\images\tuneup\18.jpg --> rideyourbike.com /images/tuneup 18.jpg
2010.10.29 19:03 B Z:\ABR Website\images\tuneup\16.jpg --> rideyourbike.com /images/tuneup 16.jpg
2010.10.29 19:03 B Z:\ABR Website\images\tuneup\22.jpg --> rideyourbike.com /images/tuneup 22.jpg
2010.10.29 19:03 B Z:\ABR Website\images\tuneup\13.jpg --> rideyourbike.com /images/tuneup 13.jpg
2010.10.29 19:03 B Z:\ABR Website\images\tuneup\12.jpg --> rideyourbike.com /images/tuneup 12.jpg
2010.10.29 19:03 B Z:\ABR Website\images\tuneup\10.jpg --> rideyourbike.com /images/tuneup 10.jpg
2010.10.29 19:04 B Z:\ABR Website\images\tuneup\9.jpg --> rideyourbike.com /images/tuneup 9.jpg
2010.10.29 19:04 B Z:\ABR Website\images\tuneup\8.jpg --> rideyourbike.com /images/tuneup 8.jpg
2010.10.29 19:04 B Z:\ABR Website\images\tuneup\7.jpg --> rideyourbike.com /images/tuneup 7.jpg
2010.10.29 19:04 B Z:\ABR Website\images\tuneup\6.jpg --> rideyourbike.com /images/tuneup 6.jpg
2010.10.29 19:05 B Z:\ABR Website\images\tuneup\5.jpg --> rideyourbike.com /images/tuneup 5.jpg
2010.10.30 11:36 B Z:\ABR Website\images\tuneup\3.jpg --> rideyourbike.com /images/tuneup 3.jpg
2010.10.30 11:36 B Z:\ABR Website\images\tuneup\2.jpg --> rideyourbike.com /images/tuneup 2.jpg
2010.10.30 11:47 B Z:\ABR Website\images\tuneup\rderbefore.JPG --> rideyourbike.com /images/tuneup rderbefore.JPG
2010.10.30 11:48 B Z:\ABR Website\images\tuneup\rderafter.JPG --> rideyourbike.com /images/tuneup rderafter.JPG
2010.10.30 11:48 B Z:\ABR Website\images\tuneup\crankbefore.JPG --> rideyourbike.com /images/tuneup crankbefore.JPG
2010.10.30 11:48 B Z:\ABR Website\images\tuneup\crankafter.JPG --> rideyourbike.com /images/tuneup crankafter.JPG
2010.10.30 11:48 B Z:\ABR Website\images\tuneup\9.JPG --> rideyourbike.com /images/tuneup 9.JPG
2010.10.30 11:48 B Z:\ABR Website\images\tuneup\8.JPG --> rideyourbike.com /images/tuneup 8.JPG
2010.10.30 11:48 B Z:\ABR Website\images\tuneup\7.JPG --> rideyourbike.com /images/tuneup 7.JPG
2010.10.30 11:48 B Z:\ABR Website\images\tuneup\6.JPG --> rideyourbike.com /images/tuneup 6.JPG
2010.10.30 11:48 B Z:\ABR Website\images\tuneup\50.JPG --> rideyourbike.com /images/tuneup 50.JPG
2010.10.30 11:48 B Z:\ABR Website\images\tuneup\5.JPG --> rideyourbike.com /images/tuneup 5.JPG
2010.10.30 11:48 B Z:\ABR Website\images\tuneup\49.JPG --> rideyourbike.com /images/tuneup 49.JPG
2010.10.30 11:48 B Z:\ABR Website\images\tuneup\48.JPG --> rideyourbike.com /images/tuneup 48.JPG
2010.10.30 11:48 B Z:\ABR Website\images\tuneup\47.JPG --> rideyourbike.com /images/tuneup 47.JPG
2010.10.30 11:48 B Z:\ABR Website\images\tuneup\46.JPG --> rideyourbike.com /images/tuneup 46.JPG
2010.10.30 11:48 B Z:\ABR Website\images\tuneup\45.JPG --> rideyourbike.com /images/tuneup 45.JPG
2010.10.30 11:48 B Z:\ABR Website\images\tuneup\44.JPG --> rideyourbike.com /images/tuneup 44.JPG
2010.10.30 11:48 B Z:\ABR Website\images\tuneup\43.JPG --> rideyourbike.com /images/tuneup 43.JPG
2010.10.30 11:49 B Z:\ABR Website\images\tuneup\42.JPG --> rideyourbike.com /images/tuneup 42.JPG
2010.10.30 11:49 B Z:\ABR Website\images\tuneup\41.JPG --> rideyourbike.com /images/tuneup 41.JPG
2010.10.30 11:49 B Z:\ABR Website\images\tuneup\40.JPG --> rideyourbike.com /images/tuneup 40.JPG
2010.10.30 11:49 B Z:\ABR Website\images\tuneup\4.JPG --> rideyourbike.com /images/tuneup 4.JPG
2010.10.30 11:49 B Z:\ABR Website\images\tuneup\39.JPG --> rideyourbike.com /images/tuneup 39.JPG
2010.10.30 11:49 B Z:\ABR Website\images\tuneup\38.JPG --> rideyourbike.com /images/tuneup 38.JPG
2010.10.30 11:49 B Z:\ABR Website\images\tuneup\37.JPG --> rideyourbike.com /images/tuneup 37.JPG
2010.10.30 11:49 B Z:\ABR Website\images\tuneup\36.JPG --> rideyourbike.com /images/tuneup 36.JPG
2010.10.30 11:49 B Z:\ABR Website\images\tuneup\35.JPG --> rideyourbike.com /images/tuneup 35.JPG
2010.10.30 11:49 B Z:\ABR Website\images\tuneup\34.JPG --> rideyourbike.com /images/tuneup 34.JPG
2010.10.30 11:49 B Z:\ABR Website\images\tuneup\33.JPG --> rideyourbike.com /images/tuneup 33.JPG
2010.10.30 11:49 B Z:\ABR Website\images\tuneup\32.JPG --> rideyourbike.com /images/tuneup 32.JPG
2010.10.30 11:49 B Z:\ABR Website\images\tuneup\31.JPG --> rideyourbike.com /images/tuneup 31.JPG
2010.10.30 11:49 B Z:\ABR Website\images\tuneup\30.JPG --> rideyourbike.com /images/tuneup 30.JPG
2010.10.30 11:49 B Z:\ABR Website\images\tuneup\3.JPG --> rideyourbike.com /images/tuneup 3.JPG
2010.10.30 11:49 B Z:\ABR Website\images\tuneup\29.JPG --> rideyourbike.com /images/tuneup 29.JPG
2010.10.30 11:49 B Z:\ABR Website\images\tuneup\28.JPG --> rideyourbike.com /images/tuneup 28.JPG
2010.10.30 11:50 B Z:\ABR Website\images\tuneup\27.JPG --> rideyourbike.com /images/tuneup 27.JPG
2010.10.30 11:50 B Z:\ABR Website\images\tuneup\26.JPG --> rideyourbike.com /images/tuneup 26.JPG
2010.10.30 11:50 B Z:\ABR Website\images\tuneup\25.JPG --> rideyourbike.com /images/tuneup 25.JPG
2010.10.30 11:50 B Z:\ABR Website\images\tuneup\24.JPG --> rideyourbike.com /images/tuneup 24.JPG
2010.10.30 11:50 B Z:\ABR Website\images\tuneup\23.JPG --> rideyourbike.com /images/tuneup 23.JPG
2010.10.30 11:50 B Z:\ABR Website\images\tuneup\22.JPG --> rideyourbike.com /images/tuneup 22.JPG
2010.10.30 11:50 B Z:\ABR Website\images\tuneup\21.JPG --> rideyourbike.com /images/tuneup 21.JPG
2010.10.30 11:50 B Z:\ABR Website\images\tuneup\20.JPG --> rideyourbike.com /images/tuneup 20.JPG
2010.10.30 11:50 B Z:\ABR Website\images\tuneup\2.JPG --> rideyourbike.com /images/tuneup 2.JPG
2010.10.30 11:50 B Z:\ABR Website\images\tuneup\19.JPG --> rideyourbike.com /images/tuneup 19.JPG
2010.10.30 11:50 B Z:\ABR Website\images\tuneup\18.JPG --> rideyourbike.com /images/tuneup 18.JPG
2010.10.30 11:50 B Z:\ABR Website\images\tuneup\17.JPG --> rideyourbike.com /images/tuneup 17.JPG
2010.10.30 11:50 B Z:\ABR Website\images\tuneup\16.JPG --> rideyourbike.com /images/tuneup 16.JPG
2010.10.30 11:50 B Z:\ABR Website\images\tuneup\15.JPG --> rideyourbike.com /images/tuneup 15.JPG
2010.10.30 11:50 B Z:\ABR Website\images\tuneup\14.JPG --> rideyourbike.com /images/tuneup 14.JPG
2010.10.30 11:51 B Z:\ABR Website\images\tuneup\13.JPG --> rideyourbike.com /images/tuneup 13.JPG
2010.10.30 11:51 B Z:\ABR Website\images\tuneup\12.JPG --> rideyourbike.com /images/tuneup 12.JPG
2010.10.30 11:51 B Z:\ABR Website\images\tuneup\11.JPG --> rideyourbike.com /images/tuneup 11.JPG
2010.10.30 11:51 B Z:\ABR Website\images\tuneup\10.JPG --> rideyourbike.com /images/tuneup 10.JPG
2010.10.30 11:51 B Z:\ABR Website\images\tuneup\1.JPG --> rideyourbike.com /images/tuneup 1.JPG
