2009.07.31 13:03 B Z:\ABR Website\images\newshop\abrolsensclose.jpg <-- ABR Website /images/newshop abrolsensclose.jpg
2009.07.31 13:03 B Z:\ABR Website\images\newshop\abrolsenswide.jpg <-- ABR Website /images/newshop abrolsenswide.jpg
2009.07.31 13:03 B Z:\ABR Website\images\newshop\eastviewafterpaint.jpg <-- ABR Website /images/newshop eastviewafterpaint.jpg
2009.07.31 13:03 B Z:\ABR Website\images\newshop\eastviewbeforepaint.jpg <-- ABR Website /images/newshop eastviewbeforepaint.jpg
2009.07.31 13:03 B Z:\ABR Website\images\newshop\liquorstore.jpg <-- ABR Website /images/newshop liquorstore.jpg
2009.07.31 13:03 B Z:\ABR Website\images\newshop\movingimage.jpg <-- ABR Website /images/newshop movingimage.jpg
2009.07.31 13:03 B Z:\ABR Website\images\newshop\newawningnorthview.jpg <-- ABR Website /images/newshop newawningnorthview.jpg
2009.07.31 13:03 B Z:\ABR Website\images\newshop\newawningsouthview.jpg <-- ABR Website /images/newshop newawningsouthview.jpg
2009.07.31 13:03 B Z:\ABR Website\images\newshop\newoldfrontporch1.jpg <-- ABR Website /images/newshop newoldfrontporch1.jpg
2009.07.31 13:03 B Z:\ABR Website\images\newshop\newoldfrontporch2.jpg <-- ABR Website /images/newshop newoldfrontporch2.jpg
2009.07.31 13:03 B Z:\ABR Website\images\newshop\newoldfrontporch3.jpg <-- ABR Website /images/newshop newoldfrontporch3.jpg
2009.07.31 13:03 B Z:\ABR Website\images\newshop\newoldfrontporch4.jpg <-- ABR Website /images/newshop newoldfrontporch4.jpg
2009.07.31 13:03 B Z:\ABR Website\images\newshop\newshopawningidea.jpg <-- ABR Website /images/newshop newshopawningidea.jpg
2009.07.31 13:03 B Z:\ABR Website\images\newshop\paintedpipes.jpg <-- ABR Website /images/newshop paintedpipes.jpg
2009.07.31 13:03 B Z:\ABR Website\images\newshop\painting1.jpg <-- ABR Website /images/newshop painting1.jpg
2009.07.31 13:03 B Z:\ABR Website\images\newshop\painting2.jpg <-- ABR Website /images/newshop painting2.jpg
2009.07.31 13:03 B Z:\ABR Website\images\newshop\painting3.jpg <-- ABR Website /images/newshop painting3.jpg
2009.07.31 13:03 B Z:\ABR Website\images\newshop\painting4.jpg <-- ABR Website /images/newshop painting4.jpg
2009.07.31 13:03 B Z:\ABR Website\images\newshop\painting5.jpg <-- ABR Website /images/newshop painting5.jpg
2009.07.31 13:03 B Z:\ABR Website\images\newshop\painting6.jpg <-- ABR Website /images/newshop painting6.jpg
2009.07.31 13:03 B Z:\ABR Website\images\newshop\painting7.jpg <-- ABR Website /images/newshop painting7.jpg
2009.07.31 13:04 B Z:\ABR Website\images\newshop\pipes.jpg <-- ABR Website /images/newshop pipes.jpg
2009.07.31 13:04 B Z:\ABR Website\images\newshop\studwallseast.jpg <-- ABR Website /images/newshop studwallseast.jpg
2009.07.31 13:04 B Z:\ABR Website\images\newshop\studwallswest.jpg <-- ABR Website /images/newshop studwallswest.jpg
2009.07.31 13:04 B Z:\ABR Website\images\newshop\subway.jpg <-- ABR Website /images/newshop subway.jpg
2009.07.31 13:04 B Z:\ABR Website\images\newshop\subwayview.jpg <-- ABR Website /images/newshop subwayview.jpg
2009.07.31 13:04 B Z:\ABR Website\images\newshop\Thumbs.db <-- ABR Website /images/newshop Thumbs.db
2009.07.31 13:04 B Z:\ABR Website\images\newshop\westviewafterpaint.jpg <-- ABR Website /images/newshop westviewafterpaint.jpg
2009.07.31 13:04 B Z:\ABR Website\images\newshop\westviewbeforepaint.jpg <-- ABR Website /images/newshop westviewbeforepaint.jpg
