2009.07.31 13:01 B Z:\ABR Website\images\insideofnewshop\bellselection.jpg <-- ABR Website /images/insideofnewshop bellselection.jpg
2009.07.31 13:01 B Z:\ABR Website\images\insideofnewshop\newshopfloorplan.jpg <-- ABR Website /images/insideofnewshop newshopfloorplan.jpg
2009.07.31 13:01 B Z:\ABR Website\images\insideofnewshop\newshopinside1.jpg <-- ABR Website /images/insideofnewshop newshopinside1.jpg
2009.07.31 13:01 B Z:\ABR Website\images\insideofnewshop\newshopinside10.jpg <-- ABR Website /images/insideofnewshop newshopinside10.jpg
2009.07.31 13:01 B Z:\ABR Website\images\insideofnewshop\newshopinside11.jpg <-- ABR Website /images/insideofnewshop newshopinside11.jpg
2009.07.31 13:01 B Z:\ABR Website\images\insideofnewshop\newshopinside12.jpg <-- ABR Website /images/insideofnewshop newshopinside12.jpg
2009.07.31 13:01 B Z:\ABR Website\images\insideofnewshop\newshopinside13.jpg <-- ABR Website /images/insideofnewshop newshopinside13.jpg
2009.07.31 13:01 B Z:\ABR Website\images\insideofnewshop\newshopinside14.jpg <-- ABR Website /images/insideofnewshop newshopinside14.jpg
2009.07.31 13:01 B Z:\ABR Website\images\insideofnewshop\newshopinside15.jpg <-- ABR Website /images/insideofnewshop newshopinside15.jpg
2009.07.31 13:01 B Z:\ABR Website\images\insideofnewshop\newshopinside2.jpg <-- ABR Website /images/insideofnewshop newshopinside2.jpg
2009.07.31 13:02 B Z:\ABR Website\images\insideofnewshop\newshopinside3.jpg <-- ABR Website /images/insideofnewshop newshopinside3.jpg
2009.07.31 13:02 B Z:\ABR Website\images\insideofnewshop\newshopinside4.jpg <-- ABR Website /images/insideofnewshop newshopinside4.jpg
2009.07.31 13:02 B Z:\ABR Website\images\insideofnewshop\newshopinside5.jpg <-- ABR Website /images/insideofnewshop newshopinside5.jpg
2009.07.31 13:02 B Z:\ABR Website\images\insideofnewshop\newshopinside6.jpg <-- ABR Website /images/insideofnewshop newshopinside6.jpg
2009.07.31 13:02 B Z:\ABR Website\images\insideofnewshop\newshopinside8.jpg <-- ABR Website /images/insideofnewshop newshopinside8.jpg
2009.07.31 13:02 B Z:\ABR Website\images\insideofnewshop\newshopinside9.jpg <-- ABR Website /images/insideofnewshop newshopinside9.jpg
2009.07.31 13:02 B Z:\ABR Website\images\insideofnewshop\Thumbs.db <-- ABR Website /images/insideofnewshop Thumbs.db
2013.02.15 15:05 B C:\ABR Master Files\ABR Website\images\insideofnewshop\bellselection.jpg <-- ABR Website /images/insideofnewshop bellselection.jpg
2013.02.15 15:05 B C:\ABR Master Files\ABR Website\images\insideofnewshop\newshopfloorplan.jpg <-- ABR Website /images/insideofnewshop newshopfloorplan.jpg
2013.02.15 15:05 B C:\ABR Master Files\ABR Website\images\insideofnewshop\newshopinside1.jpg <-- ABR Website /images/insideofnewshop newshopinside1.jpg
2013.02.15 15:05 B C:\ABR Master Files\ABR Website\images\insideofnewshop\newshopinside10.jpg <-- ABR Website /images/insideofnewshop newshopinside10.jpg
2013.02.15 15:05 B C:\ABR Master Files\ABR Website\images\insideofnewshop\newshopinside11.jpg <-- ABR Website /images/insideofnewshop newshopinside11.jpg
2013.02.15 15:05 B C:\ABR Master Files\ABR Website\images\insideofnewshop\newshopinside12.jpg <-- ABR Website /images/insideofnewshop newshopinside12.jpg
2013.02.15 15:05 B C:\ABR Master Files\ABR Website\images\insideofnewshop\newshopinside13.jpg <-- ABR Website /images/insideofnewshop newshopinside13.jpg
2013.02.15 15:05 B C:\ABR Master Files\ABR Website\images\insideofnewshop\newshopinside14.jpg <-- ABR Website /images/insideofnewshop newshopinside14.jpg
2013.02.15 15:05 B C:\ABR Master Files\ABR Website\images\insideofnewshop\newshopinside15.jpg <-- ABR Website /images/insideofnewshop newshopinside15.jpg
2013.02.15 15:05 B C:\ABR Master Files\ABR Website\images\insideofnewshop\newshopinside2.jpg <-- ABR Website /images/insideofnewshop newshopinside2.jpg
2013.02.15 15:05 B C:\ABR Master Files\ABR Website\images\insideofnewshop\newshopinside3.jpg <-- ABR Website /images/insideofnewshop newshopinside3.jpg
2013.02.15 15:05 B C:\ABR Master Files\ABR Website\images\insideofnewshop\newshopinside4.jpg <-- ABR Website /images/insideofnewshop newshopinside4.jpg
2013.02.15 15:05 B C:\ABR Master Files\ABR Website\images\insideofnewshop\newshopinside5.jpg <-- ABR Website /images/insideofnewshop newshopinside5.jpg
2013.02.15 15:05 B C:\ABR Master Files\ABR Website\images\insideofnewshop\newshopinside6.jpg <-- ABR Website /images/insideofnewshop newshopinside6.jpg
2013.02.15 15:05 B C:\ABR Master Files\ABR Website\images\insideofnewshop\newshopinside8.jpg <-- ABR Website /images/insideofnewshop newshopinside8.jpg
2013.02.15 15:05 B C:\ABR Master Files\ABR Website\images\insideofnewshop\newshopinside9.jpg <-- ABR Website /images/insideofnewshop newshopinside9.jpg
