2010.03.05 18:23 B Z:\ABR Website\images\brooks\b18bottom.jpg --> rideyourbike.com /images/brooks b18bottom.jpg
2010.03.05 18:24 B Z:\ABR Website\images\brooks\b18top.jpg --> rideyourbike.com /images/brooks b18top.jpg
2010.03.05 18:24 B Z:\ABR Website\images\brooks\valhammer2.jpg --> rideyourbike.com /images/brooks valhammer2.jpg
2010.03.05 18:24 B Z:\ABR Website\images\brooks\valhammer1.jpg --> rideyourbike.com /images/brooks valhammer1.jpg
2010.03.05 18:24 B Z:\ABR Website\images\brooks\rebuiltbrooks.jpg --> rideyourbike.com /images/brooks rebuiltbrooks.jpg
2010.03.05 18:24 B Z:\ABR Website\images\brooks\idealsaddleverticalbefore.jpg --> rideyourbike.com /images/brooks idealsaddleverticalbefore.jpg
2010.03.05 18:24 B Z:\ABR Website\images\brooks\idealsaddleverticalafter.jpg --> rideyourbike.com /images/brooks idealsaddleverticalafter.jpg
2010.03.05 18:24 B Z:\ABR Website\images\brooks\idealsaddlehorizontalbefore.jpg --> rideyourbike.com /images/brooks idealsaddlehorizontalbefore.jpg
2010.03.05 18:24 B Z:\ABR Website\images\brooks\idealsaddlehorizontalafter.jpg --> rideyourbike.com /images/brooks idealsaddlehorizontalafter.jpg
2010.03.05 18:24 B Z:\ABR Website\images\brooks\brookssaddlevertical.jpg --> rideyourbike.com /images/brooks brookssaddlevertical.jpg
2010.03.05 18:24 B Z:\ABR Website\images\brooks\brookssaddlehorizontal.jpg --> rideyourbike.com /images/brooks brookssaddlehorizontal.jpg
2011.05.28 13:33 B Z:\ABR Website\images\brooks\noseboltbefore.jpg --> rideyourbike.com /images/brooks noseboltbefore.jpg
2011.05.28 13:33 B Z:\ABR Website\images\brooks\noseboltafter.jpg --> rideyourbike.com /images/brooks noseboltafter.jpg
2011.08.29 11:52 B Z:\ABR Website\images\brooks\fujitaprofessoinal.jpg --> rideyourbike.com /images/brooks fujitaprofessoinal.jpg
2011.08.29 15:43 B Z:\ABR Website\images\brooks\b72top.jpg --> rideyourbike.com /images/brooks b72top.jpg
2011.08.29 15:43 B Z:\ABR Website\images\brooks\b72bottom.jpg --> rideyourbike.com /images/brooks b72bottom.jpg
2011.08.29 15:48 B Z:\ABR Website\images\brooks\noseboltafter.jpg --> rideyourbike.com /images/brooks noseboltafter.jpg
2011.12.10 16:36 B Z:\ABR Website\images\brooks\brookssaddlepareparts.jpg --> rideyourbike.com /images/brooks brookssaddlepareparts.jpg
2012.07.11 19:25 B Z:\ABR Website\images\brooks\noseconereplacementtopbefore.jpg --> rideyourbike.com /images/brooks noseconereplacementtopbefore.jpg
2012.07.11 19:25 B Z:\ABR Website\images\brooks\noseconereplacementtopafter.jpg --> rideyourbike.com /images/brooks noseconereplacementtopafter.jpg
2012.07.11 19:25 B Z:\ABR Website\images\brooks\noseconereplacementbottombefore.jpg --> rideyourbike.com /images/brooks noseconereplacementbottombefore.jpg
2012.07.11 19:25 B Z:\ABR Website\images\brooks\noseconereplacementbottomafter.jpg --> rideyourbike.com /images/brooks noseconereplacementbottomafter.jpg
2012.07.11 19:47 B Z:\ABR Website\images\brooks\noseconereplacementtopafter.jpg --> rideyourbike.com /images/brooks noseconereplacementtopafter.jpg
2012.07.11 19:47 B Z:\ABR Website\images\brooks\noseconereplacementbottomafter.jpg --> rideyourbike.com /images/brooks noseconereplacementbottomafter.jpg
2012.08.24 20:17 B Z:\ABR Website\images\brooks\tornbrooksleather.jpg --> rideyourbike.com /images/brooks tornbrooksleather.jpg
2013.02.15 15:01 B C:\ABR Master Files\ABR Website\images\brooks\b18bottom.jpg <-- ABR Website /images/brooks b18bottom.jpg
2013.02.15 15:01 B C:\ABR Master Files\ABR Website\images\brooks\b18top.jpg <-- ABR Website /images/brooks b18top.jpg
2013.02.15 15:01 B C:\ABR Master Files\ABR Website\images\brooks\brookssaddlehorizontal.jpg <-- ABR Website /images/brooks brookssaddlehorizontal.jpg
2013.02.15 15:01 B C:\ABR Master Files\ABR Website\images\brooks\brookssaddlevertical.jpg <-- ABR Website /images/brooks brookssaddlevertical.jpg
2013.02.15 15:01 B C:\ABR Master Files\ABR Website\images\brooks\fujitaprofessional.jpg <-- ABR Website /images/brooks fujitaprofessional.jpg
2013.02.15 15:01 B C:\ABR Master Files\ABR Website\images\brooks\idealsaddlehorizontalafter.jpg <-- ABR Website /images/brooks idealsaddlehorizontalafter.jpg
2013.02.15 15:01 B C:\ABR Master Files\ABR Website\images\brooks\idealsaddlehorizontalbefore.jpg <-- ABR Website /images/brooks idealsaddlehorizontalbefore.jpg
2013.02.15 15:01 B C:\ABR Master Files\ABR Website\images\brooks\idealsaddleverticalafter.jpg <-- ABR Website /images/brooks idealsaddleverticalafter.jpg
2013.02.15 15:01 B C:\ABR Master Files\ABR Website\images\brooks\idealsaddleverticalbefore.jpg <-- ABR Website /images/brooks idealsaddleverticalbefore.jpg
2013.02.15 15:01 B C:\ABR Master Files\ABR Website\images\brooks\rebuiltbrooks.jpg <-- ABR Website /images/brooks rebuiltbrooks.jpg
2013.02.15 15:01 B C:\ABR Master Files\ABR Website\images\brooks\tornbrooksleather.jpg <-- ABR Website /images/brooks tornbrooksleather.jpg
2013.02.15 15:01 B C:\ABR Master Files\ABR Website\images\brooks\valhammer1.jpg <-- ABR Website /images/brooks valhammer1.jpg
2013.02.15 15:01 B C:\ABR Master Files\ABR Website\images\brooks\valhammer2.jpg <-- ABR Website /images/brooks valhammer2.jpg
