2009.07.31 12:53 B Z:\ABR Website\images\baw2002\barbheidi.jpg <-- ABR Website /images/baw2002 barbheidi.jpg
2009.07.31 12:53 B Z:\ABR Website\images\baw2002\bawauction.jpg <-- ABR Website /images/baw2002 bawauction.jpg
2009.07.31 12:53 B Z:\ABR Website\images\baw2002\braxtonbike.jpg <-- ABR Website /images/baw2002 braxtonbike.jpg
2009.07.31 12:53 B Z:\ABR Website\images\baw2002\braxtonpiano.jpg <-- ABR Website /images/baw2002 braxtonpiano.jpg
2009.07.31 12:53 B Z:\ABR Website\images\baw2002\davidbuttbeer.jpg <-- ABR Website /images/baw2002 davidbuttbeer.jpg
2009.07.31 12:53 B Z:\ABR Website\images\baw2002\russ.jpg <-- ABR Website /images/baw2002 russ.jpg
2009.07.31 12:53 B Z:\ABR Website\images\baw2002\suzanne.jpg <-- ABR Website /images/baw2002 suzanne.jpg
2009.07.31 12:53 B Z:\ABR Website\images\baw2002\willieaaron.jpg <-- ABR Website /images/baw2002 willieaaron.jpg
2009.07.31 12:53 B Z:\ABR Website\images\baw2002\xtracyclebeforeauction.jpg <-- ABR Website /images/baw2002 xtracyclebeforeauction.jpg
2009.07.31 12:53 B Z:\ABR Website\images\baw2002\xtracycleforauction.jpg <-- ABR Website /images/baw2002 xtracycleforauction.jpg
2009.07.31 12:53 B Z:\ABR Website\images\baw2002\xtracyclevideo.jpg <-- ABR Website /images/baw2002 xtracyclevideo.jpg
2009.07.31 12:53 B Z:\ABR Website\images\baw2002\xtracyclewinner.jpg <-- ABR Website /images/baw2002 xtracyclewinner.jpg
2013.02.15 15:00 B C:\ABR Master Files\ABR Website\images\baw2002\barbheidi.jpg <-- ABR Website /images/baw2002 barbheidi.jpg
2013.02.15 15:00 B C:\ABR Master Files\ABR Website\images\baw2002\bawauction.jpg <-- ABR Website /images/baw2002 bawauction.jpg
2013.02.15 15:00 B C:\ABR Master Files\ABR Website\images\baw2002\braxtonbike.jpg <-- ABR Website /images/baw2002 braxtonbike.jpg
2013.02.15 15:00 B C:\ABR Master Files\ABR Website\images\baw2002\braxtonpiano.jpg <-- ABR Website /images/baw2002 braxtonpiano.jpg
2013.02.15 15:00 B C:\ABR Master Files\ABR Website\images\baw2002\davidbuttbeer.jpg <-- ABR Website /images/baw2002 davidbuttbeer.jpg
2013.02.15 15:00 B C:\ABR Master Files\ABR Website\images\baw2002\russ.jpg <-- ABR Website /images/baw2002 russ.jpg
2013.02.15 15:00 B C:\ABR Master Files\ABR Website\images\baw2002\suzanne.jpg <-- ABR Website /images/baw2002 suzanne.jpg
2013.02.15 15:00 B C:\ABR Master Files\ABR Website\images\baw2002\willieaaron.jpg <-- ABR Website /images/baw2002 willieaaron.jpg
2013.02.15 15:00 B C:\ABR Master Files\ABR Website\images\baw2002\xtracyclebeforeauction.jpg <-- ABR Website /images/baw2002 xtracyclebeforeauction.jpg
2013.02.15 15:00 B C:\ABR Master Files\ABR Website\images\baw2002\xtracycleforauction.jpg <-- ABR Website /images/baw2002 xtracycleforauction.jpg
2013.02.15 15:00 B C:\ABR Master Files\ABR Website\images\baw2002\xtracyclevideo.jpg <-- ABR Website /images/baw2002 xtracyclevideo.jpg
2013.02.15 15:00 B C:\ABR Master Files\ABR Website\images\baw2002\xtracyclewinner.jpg <-- ABR Website /images/baw2002 xtracyclewinner.jpg
